<?xml version="1.0" encoding="UTF-8"?>
<coverage generated="1685528664299" clover="3.2.0">
  <project timestamp="1685528664299" name="All files">
    <metrics statements="738" coveredstatements="559" conditionals="494" coveredconditionals="348" methods="156" coveredmethods="119" elements="1388" coveredelements="1026" complexity="0" loc="738" ncloc="738" packages="5" files="14" classes="14"/>
    <package name="react-grid-layout">
      <metrics statements="5" coveredstatements="5" conditionals="0" coveredconditionals="0" methods="0" coveredmethods="0"/>
      <file name="index-dev.js" path="/Users/an/WebstormProjects/react-gl/react-grid-layout/index-dev.js">
        <metrics statements="5" coveredstatements="5" conditionals="0" coveredconditionals="0" methods="0" coveredmethods="0"/>
        <line num="1" count="1" type="stmt"/>
        <line num="2" count="1" type="stmt"/>
        <line num="3" count="1" type="stmt"/>
        <line num="4" count="1" type="stmt"/>
        <line num="5" count="1" type="stmt"/>
      </file>
    </package>
    <package name="react-grid-layout.lib">
      <metrics statements="635" coveredstatements="475" conditionals="439" coveredconditionals="307" methods="111" coveredmethods="88"/>
      <file name="GridItem.jsx" path="/Users/an/WebstormProjects/react-gl/react-grid-layout/lib/GridItem.jsx">
        <metrics statements="151" coveredstatements="108" conditionals="84" coveredconditionals="59" methods="23" coveredmethods="15"/>
        <line num="111" count="1" type="stmt"/>
        <line num="131" count="561" type="stmt"/>
        <line num="132" count="561" type="cond" truecount="2" falsecount="0"/>
        <line num="133" count="559" type="cond" truecount="4" falsecount="0"/>
        <line num="134" count="2" type="stmt"/>
        <line num="138" count="561" type="stmt"/>
        <line num="139" count="561" type="cond" truecount="2" falsecount="0"/>
        <line num="140" count="559" type="cond" truecount="4" falsecount="0"/>
        <line num="141" count="2" type="stmt"/>
        <line num="145" count="561" type="stmt"/>
        <line num="146" count="561" type="cond" truecount="2" falsecount="0"/>
        <line num="147" count="559" type="cond" truecount="4" falsecount="0"/>
        <line num="148" count="2" type="stmt"/>
        <line num="152" count="561" type="stmt"/>
        <line num="153" count="561" type="cond" truecount="2" falsecount="0"/>
        <line num="154" count="559" type="cond" truecount="4" falsecount="0"/>
        <line num="155" count="2" type="stmt"/>
        <line num="197" count="1" type="stmt"/>
        <line num="208" count="205" type="stmt"/>
        <line num="214" count="205" type="stmt"/>
        <line num="219" count="348" type="cond" truecount="2" falsecount="0"/>
        <line num="220" count="248" type="cond" truecount="2" falsecount="0"/>
        <line num="222" count="246" type="stmt"/>
        <line num="230" count="246" type="stmt"/>
        <line num="238" count="246" type="stmt"/>
        <line num="245" count="205" type="stmt"/>
        <line num="249" count="221" type="stmt"/>
        <line num="255" count="426" type="stmt"/>
        <line num="256" count="426" type="cond" truecount="2" falsecount="0"/>
        <line num="257" count="12" type="stmt"/>
        <line num="259" count="12" type="cond" truecount="1" falsecount="1"/>
        <line num="261" count="12" type="cond" truecount="2" falsecount="0"/>
        <line num="265" count="12" type="stmt"/>
        <line num="268" count="12" type="cond" truecount="3" falsecount="0"/>
        <line num="271" count="12" type="cond" truecount="2" falsecount="0"/>
        <line num="272" count="5" type="stmt"/>
        <line num="277" count="7" type="cond" truecount="2" falsecount="0"/>
        <line num="278" count="2" type="stmt"/>
        <line num="279" count="2" type="stmt"/>
        <line num="281" count="2" type="stmt"/>
        <line num="290" count="1351" type="stmt"/>
        <line num="311" count="426" type="stmt"/>
        <line num="315" count="426" type="cond" truecount="2" falsecount="0"/>
        <line num="316" count="223" type="stmt"/>
        <line num="319" count="203" type="stmt"/>
        <line num="322" count="203" type="cond" truecount="2" falsecount="0"/>
        <line num="323" count="188" type="stmt"/>
        <line num="324" count="188" type="stmt"/>
        <line num="328" count="426" type="stmt"/>
        <line num="340" count="426" type="stmt"/>
        <line num="379" count="426" type="stmt"/>
        <line num="380" count="426" type="stmt"/>
        <line num="383" count="426" type="stmt"/>
        <line num="386" count="426" type="stmt"/>
        <line num="387" count="426" type="stmt"/>
        <line num="388" count="426" type="stmt"/>
        <line num="389" count="426" type="stmt"/>
        <line num="393" count="426" type="stmt"/>
        <line num="404" count="0" type="stmt"/>
        <line num="405" count="0" type="stmt"/>
        <line num="406" count="0" type="stmt"/>
        <line num="421" count="205" type="stmt"/>
        <line num="422" count="5" type="stmt"/>
        <line num="423" count="5" type="cond" truecount="1" falsecount="1"/>
        <line num="425" count="5" type="stmt"/>
        <line num="428" count="5" type="stmt"/>
        <line num="429" count="5" type="cond" truecount="1" falsecount="1"/>
        <line num="430" count="5" type="stmt"/>
        <line num="431" count="5" type="stmt"/>
        <line num="432" count="5" type="stmt"/>
        <line num="433" count="5" type="stmt"/>
        <line num="434" count="5" type="stmt"/>
        <line num="435" count="5" type="stmt"/>
        <line num="436" count="5" type="stmt"/>
        <line num="437" count="5" type="stmt"/>
        <line num="438" count="5" type="stmt"/>
        <line num="441" count="5" type="stmt"/>
        <line num="449" count="5" type="stmt"/>
        <line num="461" count="205" type="stmt"/>
        <line num="465" count="4" type="stmt"/>
        <line num="466" count="4" type="cond" truecount="2" falsecount="0"/>
        <line num="468" count="3" type="cond" truecount="2" falsecount="0"/>
        <line num="469" count="1" type="stmt"/>
        <line num="471" count="2" type="stmt"/>
        <line num="472" count="2" type="stmt"/>
        <line num="474" count="2" type="stmt"/>
        <line num="475" count="2" type="stmt"/>
        <line num="478" count="2" type="cond" truecount="2" falsecount="0"/>
        <line num="479" count="1" type="stmt"/>
        <line num="481" count="1" type="cond" truecount="1" falsecount="1"/>
        <line num="482" count="1" type="stmt"/>
        <line num="484" count="1" type="stmt"/>
        <line num="485" count="1" type="stmt"/>
        <line num="487" count="1" type="stmt"/>
        <line num="489" count="1" type="stmt"/>
        <line num="490" count="1" type="stmt"/>
        <line num="494" count="2" type="stmt"/>
        <line num="495" count="2" type="stmt"/>
        <line num="498" count="2" type="stmt"/>
        <line num="499" count="2" type="stmt"/>
        <line num="511" count="205" type="stmt"/>
        <line num="512" count="0" type="stmt"/>
        <line num="513" count="0" type="cond" truecount="0" falsecount="2"/>
        <line num="515" count="0" type="cond" truecount="0" falsecount="2"/>
        <line num="516" count="0" type="stmt"/>
        <line num="518" count="0" type="stmt"/>
        <line num="519" count="0" type="stmt"/>
        <line num="520" count="0" type="stmt"/>
        <line num="521" count="0" type="stmt"/>
        <line num="523" count="0" type="stmt"/>
        <line num="525" count="0" type="stmt"/>
        <line num="537" count="205" type="stmt"/>
        <line num="542" count="0" type="stmt"/>
        <line num="550" count="205" type="stmt"/>
        <line num="555" count="0" type="stmt"/>
        <line num="563" count="205" type="stmt"/>
        <line num="568" count="0" type="stmt"/>
        <line num="585" count="0" type="stmt"/>
        <line num="586" count="0" type="cond" truecount="0" falsecount="2"/>
        <line num="587" count="0" type="stmt"/>
        <line num="589" count="0" type="stmt"/>
        <line num="592" count="0" type="stmt"/>
        <line num="602" count="0" type="stmt"/>
        <line num="605" count="0" type="stmt"/>
        <line num="606" count="0" type="stmt"/>
        <line num="608" count="0" type="stmt"/>
        <line num="609" count="0" type="cond" truecount="0" falsecount="2"/>
        <line num="610" count="0" type="stmt"/>
        <line num="611" count="0" type="stmt"/>
        <line num="612" count="0" type="stmt"/>
        <line num="613" count="0" type="stmt"/>
        <line num="615" count="0" type="cond" truecount="0" falsecount="2"/>
        <line num="624" count="0" type="cond" truecount="0" falsecount="2"/>
        <line num="625" count="0" type="stmt"/>
        <line num="626" count="0" type="stmt"/>
        <line num="627" count="0" type="cond" truecount="0" falsecount="2"/>
        <line num="630" count="0" type="stmt"/>
        <line num="631" count="0" type="stmt"/>
        <line num="633" count="0" type="stmt"/>
        <line num="634" count="0" type="stmt"/>
        <line num="636" count="0" type="cond" truecount="0" falsecount="2"/>
        <line num="637" count="0" type="cond" truecount="0" falsecount="2"/>
        <line num="639" count="0" type="cond" truecount="0" falsecount="2"/>
        <line num="642" count="0" type="stmt"/>
        <line num="655" count="426" type="stmt"/>
        <line num="657" count="426" type="stmt"/>
        <line num="665" count="426" type="stmt"/>
        <line num="668" count="426" type="stmt"/>
        <line num="692" count="426" type="stmt"/>
        <line num="695" count="426" type="stmt"/>
        <line num="697" count="426" type="stmt"/>
      </file>
      <file name="ReactGridLayout.jsx" path="/Users/an/WebstormProjects/react-gl/react-grid-layout/lib/ReactGridLayout.jsx">
        <metrics statements="180" coveredstatements="93" conditionals="133" coveredconditionals="70" methods="26" coveredmethods="13"/>
        <line num="63" count="1" type="stmt"/>
        <line num="64" count="1" type="stmt"/>
        <line num="66" count="1" type="stmt"/>
        <line num="67" count="1" type="stmt"/>
        <line num="78" count="1" type="stmt"/>
        <line num="81" count="1" type="stmt"/>
        <line num="83" count="1" type="stmt"/>
        <line num="121" count="11" type="stmt"/>
        <line num="140" count="11" type="stmt"/>
        <line num="143" count="11" type="stmt"/>
        <line num="146" count="11" type="stmt"/>
        <line num="155" count="34" type="cond" truecount="2" falsecount="0"/>
        <line num="156" count="1" type="stmt"/>
        <line num="161" count="33" type="cond" truecount="2" falsecount="0"/>
        <line num="165" count="11" type="stmt"/>
        <line num="166" count="22" type="cond" truecount="1" falsecount="1"/>
        <line num="170" count="0" type="stmt"/>
        <line num="174" count="33" type="cond" truecount="2" falsecount="0"/>
        <line num="175" count="11" type="stmt"/>
        <line num="183" count="11" type="stmt"/>
        <line num="193" count="22" type="stmt"/>
        <line num="197" count="23" type="stmt"/>
        <line num="210" count="19" type="cond" truecount="2" falsecount="0"/>
        <line num="211" count="18" type="stmt"/>
        <line num="212" count="18" type="stmt"/>
        <line num="214" count="18" type="stmt"/>
        <line num="223" count="30" type="cond" truecount="1" falsecount="1"/>
        <line num="224" count="30" type="stmt"/>
        <line num="225" count="30" type="cond" truecount="2" falsecount="0"/>
        <line num="228" count="30" type="stmt"/>
        <line num="244" count="11" type="stmt"/>
        <line num="250" count="3" type="stmt"/>
        <line num="251" count="3" type="stmt"/>
        <line num="252" count="3" type="cond" truecount="1" falsecount="1"/>
        <line num="254" count="3" type="stmt"/>
        <line num="259" count="3" type="stmt"/>
        <line num="270" count="11" type="stmt"/>
        <line num="276" count="1" type="stmt"/>
        <line num="277" count="1" type="stmt"/>
        <line num="278" count="1" type="stmt"/>
        <line num="279" count="1" type="stmt"/>
        <line num="280" count="1" type="cond" truecount="1" falsecount="1"/>
        <line num="283" count="1" type="stmt"/>
        <line num="293" count="1" type="stmt"/>
        <line num="294" count="1" type="stmt"/>
        <line num="306" count="1" type="stmt"/>
        <line num="308" count="1" type="stmt"/>
        <line num="324" count="11" type="stmt"/>
        <line num="330" count="0" type="cond" truecount="0" falsecount="2"/>
        <line num="332" count="0" type="stmt"/>
        <line num="333" count="0" type="stmt"/>
        <line num="334" count="0" type="stmt"/>
        <line num="335" count="0" type="stmt"/>
        <line num="336" count="0" type="cond" truecount="0" falsecount="2"/>
        <line num="339" count="0" type="stmt"/>
        <line num="340" count="0" type="stmt"/>
        <line num="352" count="0" type="stmt"/>
        <line num="355" count="0" type="cond" truecount="0" falsecount="2"/>
        <line num="358" count="0" type="stmt"/>
        <line num="359" count="0" type="stmt"/>
        <line num="366" count="0" type="stmt"/>
        <line num="370" count="29" type="cond" truecount="1" falsecount="1"/>
        <line num="372" count="29" type="cond" truecount="2" falsecount="0"/>
        <line num="373" count="13" type="stmt"/>
        <line num="377" count="11" type="stmt"/>
        <line num="383" count="0" type="stmt"/>
        <line num="384" count="0" type="stmt"/>
        <line num="385" count="0" type="cond" truecount="0" falsecount="2"/>
        <line num="387" count="0" type="stmt"/>
        <line num="393" count="0" type="stmt"/>
        <line num="396" count="11" type="stmt"/>
        <line num="402" count="0" type="stmt"/>
        <line num="403" count="0" type="stmt"/>
        <line num="404" count="0" type="stmt"/>
        <line num="406" count="0" type="stmt"/>
        <line num="410" count="0" type="cond" truecount="0" falsecount="4"/>
        <line num="411" count="0" type="stmt"/>
        <line num="412" count="0" type="stmt"/>
        <line num="414" count="0" type="stmt"/>
        <line num="417" count="0" type="cond" truecount="0" falsecount="2"/>
        <line num="419" count="0" type="stmt"/>
        <line num="420" count="0" type="stmt"/>
        <line num="421" count="0" type="stmt"/>
        <line num="422" count="0" type="cond" truecount="0" falsecount="2"/>
        <line num="423" count="0" type="cond" truecount="0" falsecount="2"/>
        <line num="426" count="0" type="cond" truecount="0" falsecount="2"/>
        <line num="427" count="0" type="cond" truecount="0" falsecount="2"/>
        <line num="431" count="0" type="stmt"/>
        <line num="434" count="0" type="cond" truecount="0" falsecount="2"/>
        <line num="435" count="0" type="stmt"/>
        <line num="436" count="0" type="stmt"/>
        <line num="437" count="0" type="cond" truecount="0" falsecount="2"/>
        <line num="438" count="0" type="stmt"/>
        <line num="439" count="0" type="cond" truecount="0" falsecount="4"/>
        <line num="440" count="0" type="cond" truecount="0" falsecount="2"/>
        <line num="443" count="0" type="cond" truecount="0" falsecount="2"/>
        <line num="444" count="0" type="stmt"/>
        <line num="445" count="0" type="cond" truecount="0" falsecount="4"/>
        <line num="446" count="0" type="cond" truecount="0" falsecount="2"/>
        <line num="449" count="0" type="stmt"/>
        <line num="450" count="0" type="stmt"/>
        <line num="452" count="0" type="stmt"/>
        <line num="453" count="0" type="stmt"/>
        <line num="465" count="0" type="stmt"/>
        <line num="466" count="0" type="stmt"/>
        <line num="467" count="0" type="stmt"/>
        <line num="471" count="0" type="cond" truecount="0" falsecount="2"/>
        <line num="474" count="0" type="stmt"/>
        <line num="483" count="0" type="stmt"/>
        <line num="486" count="0" type="stmt"/>
        <line num="494" count="11" type="stmt"/>
        <line num="500" count="0" type="stmt"/>
        <line num="501" count="0" type="stmt"/>
        <line num="502" count="0" type="stmt"/>
        <line num="504" count="0" type="stmt"/>
        <line num="507" count="0" type="cond" truecount="0" falsecount="2"/>
        <line num="510" count="0" type="stmt"/>
        <line num="511" count="0" type="stmt"/>
        <line num="519" count="0" type="stmt"/>
        <line num="527" count="30" type="stmt"/>
        <line num="528" count="30" type="cond" truecount="2" falsecount="0"/>
        <line num="538" count="1" type="stmt"/>
        <line num="541" count="1" type="stmt"/>
        <line num="577" count="536" type="cond" truecount="4" falsecount="0"/>
        <line num="578" count="532" type="stmt"/>
        <line num="579" count="532" type="cond" truecount="1" falsecount="1"/>
        <line num="596" count="532" type="stmt"/>
        <line num="597" count="532" type="stmt"/>
        <line num="603" count="532" type="cond" truecount="2" falsecount="0"/>
        <line num="607" count="532" type="cond" truecount="1" falsecount="1"/>
        <line num="610" count="532" type="cond" truecount="2" falsecount="0"/>
        <line num="613" count="532" type="cond" truecount="2" falsecount="1"/>
        <line num="615" count="532" type="stmt"/>
        <line num="658" count="11" type="stmt"/>
        <line num="662" count="4" type="cond" truecount="1" falsecount="1"/>
        <line num="668" count="0" type="stmt"/>
        <line num="669" count="0" type="stmt"/>
        <line num="680" count="4" type="stmt"/>
        <line num="681" count="4" type="stmt"/>
        <line num="683" count="4" type="stmt"/>
        <line num="684" count="4" type="stmt"/>
        <line num="686" count="4" type="cond" truecount="2" falsecount="0"/>
        <line num="687" count="3" type="stmt"/>
        <line num="696" count="3" type="stmt"/>
        <line num="704" count="3" type="stmt"/>
        <line num="718" count="1" type="cond" truecount="1" falsecount="1"/>
        <line num="719" count="1" type="stmt"/>
        <line num="720" count="1" type="cond" truecount="1" falsecount="1"/>
        <line num="721" count="1" type="cond" truecount="1" falsecount="1"/>
        <line num="722" count="1" type="stmt"/>
        <line num="726" count="4" type="stmt"/>
        <line num="727" count="4" type="stmt"/>
        <line num="730" count="11" type="stmt"/>
        <line num="731" count="0" type="stmt"/>
        <line num="732" count="0" type="stmt"/>
        <line num="734" count="0" type="stmt"/>
        <line num="735" count="0" type="stmt"/>
        <line num="740" count="0" type="stmt"/>
        <line num="748" count="11" type="stmt"/>
        <line num="749" count="0" type="stmt"/>
        <line num="756" count="0" type="cond" truecount="0" falsecount="2"/>
        <line num="757" count="0" type="stmt"/>
        <line num="761" count="11" type="stmt"/>
        <line num="762" count="0" type="stmt"/>
        <line num="763" count="0" type="stmt"/>
        <line num="764" count="0" type="stmt"/>
        <line num="767" count="11" type="stmt"/>
        <line num="768" count="0" type="stmt"/>
        <line num="769" count="0" type="stmt"/>
        <line num="770" count="0" type="stmt"/>
        <line num="771" count="0" type="stmt"/>
        <line num="772" count="0" type="stmt"/>
        <line num="775" count="0" type="stmt"/>
        <line num="777" count="0" type="stmt"/>
        <line num="779" count="0" type="stmt"/>
        <line num="783" count="30" type="stmt"/>
        <line num="785" count="30" type="stmt"/>
        <line num="786" count="30" type="stmt"/>
        <line num="791" count="30" type="stmt"/>
        <line num="802" count="531" type="stmt"/>
      </file>
      <file name="ReactGridLayoutPropTypes.js" path="/Users/an/WebstormProjects/react-gl/react-grid-layout/lib/ReactGridLayoutPropTypes.js">
        <metrics statements="14" coveredstatements="12" conditionals="10" coveredconditionals="6" methods="4" coveredmethods="4"/>
        <line num="49" count="1" type="stmt"/>
        <line num="54" count="1" type="stmt"/>
        <line num="128" count="21" type="cond" truecount="1" falsecount="1"/>
        <line num="132" count="0" type="stmt"/>
        <line num="148" count="21" type="stmt"/>
        <line num="150" count="21" type="cond" truecount="1" falsecount="1"/>
        <line num="151" count="21" type="stmt"/>
        <line num="229" count="21" type="stmt"/>
        <line num="232" count="21" type="stmt"/>
        <line num="233" count="21" type="stmt"/>
        <line num="234" count="326" type="cond" truecount="2" falsecount="0"/>
        <line num="235" count="322" type="cond" truecount="1" falsecount="1"/>
        <line num="236" count="0" type="stmt"/>
        <line num="242" count="322" type="stmt"/>
      </file>
      <file name="ResponsiveReactGridLayout.jsx" path="/Users/an/WebstormProjects/react-gl/react-grid-layout/lib/ResponsiveReactGridLayout.jsx">
        <metrics statements="46" coveredstatements="43" conditionals="27" coveredconditionals="18" methods="10" coveredmethods="10"/>
        <line num="25" count="12" type="stmt"/>
        <line num="39" count="26" type="cond" truecount="1" falsecount="1"/>
        <line num="41" count="26" type="cond" truecount="2" falsecount="0"/>
        <line num="96" count="1" type="stmt"/>
        <line num="128" count="12" type="cond" truecount="1" falsecount="1"/>
        <line num="129" count="0" type="stmt"/>
        <line num="134" count="12" type="stmt"/>
        <line num="135" count="12" type="cond" truecount="1" falsecount="1"/>
        <line num="136" count="0" type="stmt"/>
        <line num="140" count="12" type="stmt"/>
        <line num="163" count="1" type="stmt"/>
        <line num="175" count="5" type="stmt"/>
        <line num="178" count="5" type="stmt"/>
        <line num="179" count="5" type="stmt"/>
        <line num="180" count="5" type="stmt"/>
        <line num="183" count="5" type="cond" truecount="1" falsecount="1"/>
        <line num="186" count="5" type="stmt"/>
        <line num="195" count="5" type="stmt"/>
        <line num="206" count="12" type="cond" truecount="2" falsecount="0"/>
        <line num="208" count="5" type="stmt"/>
        <line num="212" count="5" type="stmt"/>
        <line num="220" count="5" type="stmt"/>
        <line num="223" count="7" type="stmt"/>
        <line num="228" count="7" type="cond" truecount="2" falsecount="0"/>
        <line num="234" count="1" type="stmt"/>
        <line num="239" count="5" type="stmt"/>
        <line num="240" count="7" type="stmt"/>
        <line num="251" count="1" type="stmt"/>
        <line num="253" count="1" type="cond" truecount="1" falsecount="1"/>
        <line num="256" count="1" type="stmt"/>
        <line num="257" count="1" type="stmt"/>
        <line num="258" count="1" type="stmt"/>
        <line num="261" count="1" type="cond" truecount="1" falsecount="1"/>
        <line num="267" count="1" type="cond" truecount="1" falsecount="1"/>
        <line num="268" count="0" type="stmt"/>
        <line num="271" count="1" type="stmt"/>
        <line num="281" count="1" type="stmt"/>
        <line num="290" count="1" type="stmt"/>
        <line num="293" count="1" type="stmt"/>
        <line num="294" count="1" type="stmt"/>
        <line num="296" count="1" type="stmt"/>
        <line num="303" count="1" type="stmt"/>
        <line num="304" count="1" type="stmt"/>
        <line num="310" count="1" type="stmt"/>
        <line num="331" count="12" type="stmt"/>
        <line num="334" count="12" type="stmt"/>
      </file>
      <file name="calculateUtils.js" path="/Users/an/WebstormProjects/react-gl/react-grid-layout/lib/calculateUtils.js">
        <metrics statements="40" coveredstatements="34" conditionals="20" coveredconditionals="14" methods="6" coveredmethods="6"/>
        <line num="15" count="2218" type="stmt"/>
        <line num="16" count="2218" type="stmt"/>
        <line num="31" count="4396" type="cond" truecount="2" falsecount="0"/>
        <line num="32" count="3546" type="stmt"/>
        <line num="55" count="2197" type="stmt"/>
        <line num="56" count="2197" type="stmt"/>
        <line num="57" count="2197" type="stmt"/>
        <line num="60" count="2197" type="cond" truecount="3" falsecount="1"/>
        <line num="61" count="0" type="stmt"/>
        <line num="62" count="0" type="stmt"/>
        <line num="66" count="2197" type="stmt"/>
        <line num="67" count="2197" type="stmt"/>
        <line num="71" count="2197" type="cond" truecount="4" falsecount="0"/>
        <line num="72" count="16" type="stmt"/>
        <line num="73" count="16" type="stmt"/>
        <line num="74" count="2181" type="cond" truecount="1" falsecount="1"/>
        <line num="80" count="0" type="stmt"/>
        <line num="81" count="0" type="stmt"/>
        <line num="85" count="2181" type="stmt"/>
        <line num="86" count="2181" type="stmt"/>
        <line num="89" count="2197" type="stmt"/>
        <line num="108" count="13" type="stmt"/>
        <line num="109" count="13" type="stmt"/>
        <line num="118" count="13" type="stmt"/>
        <line num="119" count="13" type="stmt"/>
        <line num="122" count="13" type="stmt"/>
        <line num="123" count="13" type="stmt"/>
        <line num="124" count="13" type="stmt"/>
        <line num="145" count="3" type="stmt"/>
        <line num="146" count="3" type="stmt"/>
        <line num="151" count="3" type="stmt"/>
        <line num="152" count="3" type="stmt"/>
        <line num="155" count="3" type="stmt"/>
        <line num="156" count="3" type="stmt"/>
        <line num="157" count="3" type="cond" truecount="1" falsecount="1"/>
        <line num="158" count="0" type="stmt"/>
        <line num="160" count="3" type="cond" truecount="1" falsecount="1"/>
        <line num="161" count="0" type="stmt"/>
        <line num="163" count="3" type="stmt"/>
        <line num="172" count="34" type="stmt"/>
      </file>
      <file name="fastRGLPropsEqual.js" path="/Users/an/WebstormProjects/react-gl/react-grid-layout/lib/fastRGLPropsEqual.js">
        <metrics statements="0" coveredstatements="0" conditionals="0" coveredconditionals="0" methods="0" coveredmethods="0"/>
      </file>
      <file name="responsiveUtils.js" path="/Users/an/WebstormProjects/react-gl/react-grid-layout/lib/responsiveUtils.js">
        <metrics statements="23" coveredstatements="22" conditionals="10" coveredconditionals="7" methods="5" coveredmethods="5"/>
        <line num="34" count="5" type="stmt"/>
        <line num="35" count="5" type="stmt"/>
        <line num="36" count="5" type="stmt"/>
        <line num="37" count="20" type="stmt"/>
        <line num="38" count="20" type="cond" truecount="1" falsecount="1"/>
        <line num="40" count="5" type="stmt"/>
        <line num="53" count="6" type="cond" truecount="1" falsecount="1"/>
        <line num="54" count="0" type="stmt"/>
        <line num="60" count="6" type="stmt"/>
        <line num="86" count="11" type="cond" truecount="2" falsecount="0"/>
        <line num="88" count="1" type="stmt"/>
        <line num="89" count="1" type="stmt"/>
        <line num="90" count="1" type="stmt"/>
        <line num="93" count="1" type="stmt"/>
        <line num="94" count="2" type="stmt"/>
        <line num="95" count="2" type="cond" truecount="2" falsecount="0"/>
        <line num="96" count="1" type="stmt"/>
        <line num="97" count="1" type="stmt"/>
        <line num="100" count="1" type="cond" truecount="1" falsecount="1"/>
        <line num="101" count="1" type="stmt"/>
        <line num="114" count="6" type="stmt"/>
        <line num="115" count="6" type="stmt"/>
        <line num="116" count="24" type="stmt"/>
      </file>
      <file name="utils.js" path="/Users/an/WebstormProjects/react-gl/react-grid-layout/lib/utils.js">
        <metrics statements="181" coveredstatements="163" conditionals="155" coveredconditionals="133" methods="37" coveredmethods="35"/>
        <line num="78" count="2" type="stmt"/>
        <line num="79" count="2" type="stmt"/>
        <line num="88" count="431" type="stmt"/>
        <line num="90" count="431" type="stmt"/>
        <line num="91" count="4808" type="stmt"/>
        <line num="92" count="4808" type="cond" truecount="2" falsecount="0"/>
        <line num="94" count="431" type="stmt"/>
        <line num="98" count="13" type="stmt"/>
        <line num="99" count="13" type="stmt"/>
        <line num="100" count="215" type="stmt"/>
        <line num="102" count="13" type="stmt"/>
        <line num="108" count="0" type="stmt"/>
        <line num="109" count="0" type="stmt"/>
        <line num="110" count="0" type="cond" truecount="0" falsecount="2"/>
        <line num="111" count="0" type="stmt"/>
        <line num="113" count="0" type="stmt"/>
        <line num="116" count="0" type="stmt"/>
        <line num="126" count="0" type="stmt"/>
        <line num="127" count="0" type="cond" truecount="0" falsecount="2"/>
        <line num="128" count="0" type="stmt"/>
        <line num="130" count="0" type="stmt"/>
        <line num="131" count="0" type="stmt"/>
        <line num="136" count="1037" type="stmt"/>
        <line num="161" count="22" type="stmt"/>
        <line num="162" count="394" type="stmt"/>
        <line num="163" count="394" type="stmt"/>
        <line num="176" count="2" type="stmt"/>
        <line num="180" count="246" type="stmt"/>
        <line num="192" count="19034" type="cond" truecount="2" falsecount="0"/>
        <line num="193" count="18949" type="cond" truecount="2" falsecount="0"/>
        <line num="194" count="10500" type="cond" truecount="2" falsecount="0"/>
        <line num="195" count="3034" type="cond" truecount="2" falsecount="0"/>
        <line num="196" count="877" type="cond" truecount="2" falsecount="0"/>
        <line num="197" count="715" type="stmt"/>
        <line num="219" count="36" type="stmt"/>
        <line num="221" count="36" type="stmt"/>
        <line num="223" count="36" type="stmt"/>
        <line num="225" count="36" type="stmt"/>
        <line num="226" count="440" type="stmt"/>
        <line num="229" count="440" type="cond" truecount="2" falsecount="0"/>
        <line num="230" count="416" type="stmt"/>
        <line num="234" count="416" type="stmt"/>
        <line num="238" count="440" type="stmt"/>
        <line num="241" count="440" type="stmt"/>
        <line num="244" count="36" type="stmt"/>
        <line num="247" count="2" type="stmt"/>
        <line num="257" count="374" type="stmt"/>
        <line num="258" count="374" type="stmt"/>
        <line num="259" count="374" type="stmt"/>
        <line num="261" count="8081" type="stmt"/>
        <line num="266" count="374" type="stmt"/>
        <line num="267" count="1769" type="stmt"/>
        <line num="269" count="1769" type="cond" truecount="2" falsecount="0"/>
        <line num="273" count="1639" type="cond" truecount="2" falsecount="0"/>
        <line num="275" count="1333" type="cond" truecount="2" falsecount="0"/>
        <line num="276" count="80" type="stmt"/>
        <line num="285" count="374" type="stmt"/>
        <line num="302" count="416" type="stmt"/>
        <line num="303" count="416" type="stmt"/>
        <line num="304" count="416" type="cond" truecount="2" falsecount="0"/>
        <line num="308" count="399" type="stmt"/>
        <line num="310" count="399" type="cond" truecount="2" falsecount="0"/>
        <line num="311" count="507" type="stmt"/>
        <line num="313" count="17" type="cond" truecount="2" falsecount="0"/>
        <line num="315" count="11" type="cond" truecount="2" falsecount="0"/>
        <line num="316" count="9" type="stmt"/>
        <line num="323" count="416" type="cond" truecount="3" falsecount="1"/>
        <line num="324" count="294" type="cond" truecount="2" falsecount="0"/>
        <line num="325" count="8" type="stmt"/>
        <line num="327" count="286" type="stmt"/>
        <line num="330" count="294" type="cond" truecount="4" falsecount="0"/>
        <line num="331" count="2" type="stmt"/>
        <line num="332" count="2" type="stmt"/>
        <line num="334" count="2" type="cond" truecount="2" falsecount="0"/>
        <line num="335" count="4" type="stmt"/>
        <line num="341" count="416" type="stmt"/>
        <line num="342" count="416" type="stmt"/>
        <line num="344" count="416" type="stmt"/>
        <line num="359" count="24" type="stmt"/>
        <line num="360" count="24" type="stmt"/>
        <line num="361" count="382" type="stmt"/>
        <line num="363" count="382" type="cond" truecount="1" falsecount="1"/>
        <line num="365" count="382" type="cond" truecount="1" falsecount="1"/>
        <line num="366" count="0" type="stmt"/>
        <line num="367" count="0" type="stmt"/>
        <line num="369" count="382" type="cond" truecount="2" falsecount="0"/>
        <line num="373" count="20" type="stmt"/>
        <line num="374" count="40" type="stmt"/>
        <line num="378" count="24" type="stmt"/>
        <line num="389" count="915" type="stmt"/>
        <line num="390" count="10689" type="cond" truecount="2" falsecount="0"/>
        <line num="406" count="1571" type="stmt"/>
        <line num="407" count="17577" type="cond" truecount="2" falsecount="0"/>
        <line num="415" count="122" type="stmt"/>
        <line num="424" count="822" type="stmt"/>
        <line num="450" count="25" type="cond" truecount="2" falsecount="2"/>
        <line num="453" count="25" type="cond" truecount="3" falsecount="1"/>
        <line num="455" count="25" type="stmt"/>
        <line num="458" count="25" type="stmt"/>
        <line num="459" count="25" type="stmt"/>
        <line num="462" count="25" type="cond" truecount="2" falsecount="0"/>
        <line num="463" count="25" type="cond" truecount="2" falsecount="0"/>
        <line num="464" count="25" type="stmt"/>
        <line num="470" count="25" type="stmt"/>
        <line num="472" count="25" type="cond" truecount="4" falsecount="0"/>
        <line num="478" count="25" type="cond" truecount="2" falsecount="0"/>
        <line num="479" count="25" type="stmt"/>
        <line num="480" count="25" type="stmt"/>
        <line num="484" count="25" type="cond" truecount="4" falsecount="0"/>
        <line num="487" count="2" type="stmt"/>
        <line num="488" count="23" type="cond" truecount="4" falsecount="0"/>
        <line num="492" count="2" type="stmt"/>
        <line num="493" count="2" type="stmt"/>
        <line num="494" count="2" type="stmt"/>
        <line num="495" count="2" type="stmt"/>
        <line num="496" count="2" type="stmt"/>
        <line num="500" count="21" type="stmt"/>
        <line num="501" count="15" type="stmt"/>
        <line num="502" count="15" type="stmt"/>
        <line num="507" count="15" type="cond" truecount="2" falsecount="0"/>
        <line num="510" count="13" type="cond" truecount="1" falsecount="1"/>
        <line num="511" count="0" type="stmt"/>
        <line num="520" count="13" type="stmt"/>
        <line num="531" count="21" type="stmt"/>
        <line num="550" count="13" type="stmt"/>
        <line num="552" count="13" type="stmt"/>
        <line num="553" count="13" type="stmt"/>
        <line num="558" count="13" type="cond" truecount="2" falsecount="0"/>
        <line num="560" count="9" type="stmt"/>
        <line num="563" count="9" type="stmt"/>
        <line num="572" count="9" type="cond" truecount="2" falsecount="0"/>
        <line num="573" count="3" type="stmt"/>
        <line num="576" count="3" type="stmt"/>
        <line num="589" count="10" type="stmt"/>
        <line num="608" count="376" type="stmt"/>
        <line num="613" count="223" type="stmt"/>
        <line num="614" count="223" type="stmt"/>
        <line num="627" count="203" type="stmt"/>
        <line num="646" count="61" type="cond" truecount="2" falsecount="0"/>
        <line num="647" count="55" type="cond" truecount="2" falsecount="0"/>
        <line num="648" count="6" type="stmt"/>
        <line num="658" count="50" type="stmt"/>
        <line num="659" count="1389" type="cond" truecount="5" falsecount="0"/>
        <line num="660" count="954" type="stmt"/>
        <line num="661" count="435" type="cond" truecount="4" falsecount="0"/>
        <line num="663" count="54" type="stmt"/>
        <line num="665" count="381" type="stmt"/>
        <line num="675" count="6" type="stmt"/>
        <line num="676" count="17" type="cond" truecount="5" falsecount="0"/>
        <line num="677" count="11" type="stmt"/>
        <line num="679" count="6" type="stmt"/>
        <line num="701" count="23" type="cond" truecount="1" falsecount="1"/>
        <line num="704" count="23" type="stmt"/>
        <line num="705" count="23" type="stmt"/>
        <line num="707" count="383" type="cond" truecount="2" falsecount="0"/>
        <line num="710" count="379" type="stmt"/>
        <line num="711" count="379" type="cond" truecount="2" falsecount="0"/>
        <line num="712" count="369" type="stmt"/>
        <line num="714" count="10" type="cond" truecount="3" falsecount="1"/>
        <line num="715" count="0" type="stmt"/>
        <line num="720" count="10" type="cond" truecount="1" falsecount="1"/>
        <line num="723" count="10" type="cond" truecount="1" falsecount="1"/>
        <line num="724" count="10" type="cond" truecount="1" falsecount="1"/>
        <line num="725" count="10" type="stmt"/>
        <line num="728" count="10" type="stmt"/>
        <line num="732" count="0" type="stmt"/>
        <line num="746" count="23" type="stmt"/>
        <line num="747" count="23" type="cond" truecount="1" falsecount="1"/>
        <line num="763" count="46" type="stmt"/>
        <line num="764" count="46" type="cond" truecount="1" falsecount="1"/>
        <line num="765" count="0" type="stmt"/>
        <line num="766" count="46" type="stmt"/>
        <line num="767" count="538" type="stmt"/>
        <line num="768" count="538" type="stmt"/>
        <line num="769" count="2152" type="cond" truecount="2" falsecount="0"/>
        <line num="770" count="1" type="stmt"/>
        <line num="788" count="26" type="cond" truecount="1" falsecount="1"/>
        <line num="789" count="26" type="cond" truecount="2" falsecount="0"/>
        <line num="793" count="45" type="cond" truecount="1" falsecount="1"/>
        <line num="795" count="0" type="stmt"/>
        <line num="798" count="2" type="stmt"/>
      </file>
    </package>
    <package name="react-grid-layout.lib.components">
      <metrics statements="21" coveredstatements="19" conditionals="10" coveredconditionals="9" methods="5" coveredmethods="4"/>
      <file name="WidthProvider.jsx" path="/Users/an/WebstormProjects/react-gl/react-grid-layout/lib/components/WidthProvider.jsx">
        <metrics statements="21" coveredstatements="19" conditionals="10" coveredconditionals="9" methods="5" coveredmethods="4"/>
        <line num="30" count="1" type="stmt"/>
        <line num="41" count="3" type="stmt"/>
        <line num="45" count="3" type="stmt"/>
        <line num="49" count="3" type="stmt"/>
        <line num="55" count="8" type="stmt"/>
        <line num="59" count="8" type="stmt"/>
        <line num="60" count="8" type="stmt"/>
        <line num="63" count="8" type="stmt"/>
        <line num="64" count="8" type="stmt"/>
        <line num="68" count="8" type="stmt"/>
        <line num="72" count="0" type="stmt"/>
        <line num="73" count="0" type="stmt"/>
        <line num="76" count="8" type="stmt"/>
        <line num="77" count="15" type="cond" truecount="1" falsecount="1"/>
        <line num="78" count="15" type="stmt"/>
        <line num="81" count="15" type="cond" truecount="4" falsecount="0"/>
        <line num="82" count="2" type="stmt"/>
        <line num="87" count="14" type="stmt"/>
        <line num="88" count="14" type="cond" truecount="4" falsecount="0"/>
        <line num="89" count="1" type="stmt"/>
        <line num="99" count="13" type="stmt"/>
      </file>
    </package>
    <package name="react-grid-layout.test.examples">
      <metrics statements="64" coveredstatements="47" conditionals="28" coveredconditionals="15" methods="36" coveredmethods="23"/>
      <file name="0-showcase.jsx" path="/Users/an/WebstormProjects/react-gl/react-grid-layout/test/examples/0-showcase.jsx">
        <metrics statements="24" coveredstatements="17" conditionals="12" coveredconditionals="6" methods="13" coveredmethods="8"/>
        <line num="8" count="1" type="stmt"/>
        <line num="24" count="1" type="stmt"/>
        <line num="31" count="1" type="stmt"/>
        <line num="39" count="1" type="stmt"/>
        <line num="43" count="2" type="stmt"/>
        <line num="44" count="50" type="stmt"/>
        <line num="61" count="1" type="stmt"/>
        <line num="62" count="0" type="stmt"/>
        <line num="67" count="1" type="stmt"/>
        <line num="68" count="0" type="stmt"/>
        <line num="70" count="0" type="cond" truecount="0" falsecount="2"/>
        <line num="75" count="0" type="stmt"/>
        <line num="78" count="1" type="stmt"/>
        <line num="79" count="1" type="stmt"/>
        <line num="82" count="1" type="stmt"/>
        <line num="83" count="0" type="stmt"/>
        <line num="88" count="1" type="stmt"/>
        <line num="89" count="0" type="stmt"/>
        <line num="94" count="2" type="stmt"/>
        <line num="130" count="1" type="stmt"/>
        <line num="131" count="25" type="stmt"/>
        <line num="132" count="25" type="stmt"/>
        <line num="143" count="1" type="cond" truecount="1" falsecount="1"/>
        <line num="144" count="0" type="stmt"/>
      </file>
      <file name="1-basic.jsx" path="/Users/an/WebstormProjects/react-gl/react-grid-layout/test/examples/1-basic.jsx">
        <metrics statements="15" coveredstatements="13" conditionals="4" coveredconditionals="3" methods="9" coveredmethods="7"/>
        <line num="5" count="1" type="stmt"/>
        <line num="8" count="1" type="stmt"/>
        <line num="17" count="4" type="stmt"/>
        <line num="19" count="4" type="stmt"/>
        <line num="20" count="4" type="stmt"/>
        <line num="24" count="4" type="stmt"/>
        <line num="25" count="80" type="stmt"/>
        <line num="34" count="4" type="stmt"/>
        <line num="35" count="4" type="stmt"/>
        <line num="36" count="80" type="cond" truecount="2" falsecount="0"/>
        <line num="37" count="80" type="stmt"/>
        <line num="48" count="0" type="stmt"/>
        <line num="52" count="4" type="stmt"/>
        <line num="64" count="1" type="cond" truecount="1" falsecount="1"/>
        <line num="65" count="0" type="stmt"/>
      </file>
      <file name="15-drag-from-outside.jsx" path="/Users/an/WebstormProjects/react-gl/react-grid-layout/test/examples/15-drag-from-outside.jsx">
        <metrics statements="25" coveredstatements="17" conditionals="12" coveredconditionals="6" methods="14" coveredmethods="8"/>
        <line num="4" count="1" type="stmt"/>
        <line num="7" count="1" type="stmt"/>
        <line num="14" count="3" type="stmt"/>
        <line num="22" count="3" type="stmt"/>
        <line num="26" count="6" type="stmt"/>
        <line num="27" count="150" type="stmt"/>
        <line num="44" count="3" type="stmt"/>
        <line num="45" count="0" type="stmt"/>
        <line num="50" count="3" type="stmt"/>
        <line num="51" count="0" type="stmt"/>
        <line num="53" count="0" type="cond" truecount="0" falsecount="2"/>
        <line num="58" count="0" type="stmt"/>
        <line num="61" count="3" type="stmt"/>
        <line num="62" count="6" type="stmt"/>
        <line num="65" count="3" type="stmt"/>
        <line num="66" count="0" type="stmt"/>
        <line num="71" count="3" type="stmt"/>
        <line num="72" count="0" type="stmt"/>
        <line num="76" count="6" type="stmt"/>
        <line num="98" count="0" type="stmt"/>
        <line num="125" count="3" type="stmt"/>
        <line num="126" count="75" type="stmt"/>
        <line num="127" count="75" type="stmt"/>
        <line num="138" count="1" type="cond" truecount="1" falsecount="1"/>
        <line num="139" count="0" type="stmt"/>
      </file>
    </package>
    <package name="react-grid-layout.test.util">
      <metrics statements="13" coveredstatements="13" conditionals="17" coveredconditionals="17" methods="4" coveredmethods="4"/>
      <file name="deepFreeze.js" path="/Users/an/WebstormProjects/react-gl/react-grid-layout/test/util/deepFreeze.js">
        <metrics statements="13" coveredstatements="13" conditionals="17" coveredconditionals="17" methods="4" coveredmethods="4"/>
        <line num="13" count="8" type="stmt"/>
        <line num="14" count="8" type="cond" truecount="2" falsecount="0"/>
        <line num="15" count="5" type="stmt"/>
        <line num="21" count="7" type="cond" truecount="2" falsecount="0"/>
        <line num="23" count="6" type="cond" truecount="4" falsecount="0"/>
        <line num="24" count="2" type="stmt"/>
        <line num="28" count="4" type="cond" truecount="2" falsecount="0"/>
        <line num="34" count="1" type="stmt"/>
        <line num="38" count="3" type="stmt"/>
        <line num="42" count="8" type="cond" truecount="2" falsecount="0"/>
        <line num="43" count="7" type="stmt"/>
        <line num="49" count="1" type="stmt"/>
        <line num="53" count="8" type="stmt"/>
      </file>
    </package>
  </project>
</coverage>
