{"/Users/an/WebstormProjects/react-gl/react-grid-layout/index-dev.js": {"path":"/Users/an/WebstormProjects/react-gl/react-grid-layout/index-dev.js","statementMap":{"0":{"start":{"line":1,"column":0},"end":{"line":1,"column":58}},"1":{"start":{"line":2,"column":0},"end":{"line":2,"column":46}},"2":{"start":{"line":3,"column":0},"end":{"line":3,"column":79}},"3":{"start":{"line":4,"column":0},"end":{"line":4,"column":67}},"4":{"start":{"line":5,"column":0},"end":{"line":6,"column":52}}},"fnMap":{},"branchMap":{},"s":{"0":1,"1":1,"2":1,"3":1,"4":1},"f":{},"b":{},"_coverageSchema":"1a1c01bbd47fc00a2c39e90264f33305004495a9","hash":"ab71d995fd52cb58f66b8e306cfd676098d0eb80"}
,"/Users/an/WebstormProjects/react-gl/react-grid-layout/lib/GridItem.jsx": {"path":"/Users/an/WebstormProjects/react-gl/react-grid-layout/lib/GridItem.jsx","statementMap":{"0":{"start":{"line":111,"column":21},"end":{"line":195,"column":3}},"1":{"start":{"line":131,"column":20},"end":{"line":131,"column":35}},"2":{"start":{"line":132,"column":6},"end":{"line":132,"column":77}},"3":{"start":{"line":132,"column":37},"end":{"line":132,"column":77}},"4":{"start":{"line":133,"column":6},"end":{"line":134,"column":69}},"5":{"start":{"line":134,"column":8},"end":{"line":134,"column":69}},"6":{"start":{"line":138,"column":20},"end":{"line":138,"column":35}},"7":{"start":{"line":139,"column":6},"end":{"line":139,"column":77}},"8":{"start":{"line":139,"column":37},"end":{"line":139,"column":77}},"9":{"start":{"line":140,"column":6},"end":{"line":141,"column":70}},"10":{"start":{"line":141,"column":8},"end":{"line":141,"column":70}},"11":{"start":{"line":145,"column":20},"end":{"line":145,"column":35}},"12":{"start":{"line":146,"column":6},"end":{"line":146,"column":78}},"13":{"start":{"line":146,"column":37},"end":{"line":146,"column":78}},"14":{"start":{"line":147,"column":6},"end":{"line":148,"column":72}},"15":{"start":{"line":148,"column":8},"end":{"line":148,"column":72}},"16":{"start":{"line":152,"column":20},"end":{"line":152,"column":35}},"17":{"start":{"line":153,"column":6},"end":{"line":153,"column":78}},"18":{"start":{"line":153,"column":37},"end":{"line":153,"column":78}},"19":{"start":{"line":154,"column":6},"end":{"line":155,"column":73}},"20":{"start":{"line":155,"column":8},"end":{"line":155,"column":73}},"21":{"start":{"line":197,"column":38},"end":{"line":206,"column":3}},"22":{"start":{"line":208,"column":17},"end":{"line":212,"column":3}},"23":{"start":{"line":214,"column":41},"end":{"line":214,"column":58}},"24":{"start":{"line":219,"column":4},"end":{"line":219,"column":64}},"25":{"start":{"line":219,"column":52},"end":{"line":219,"column":64}},"26":{"start":{"line":220,"column":4},"end":{"line":220,"column":80}},"27":{"start":{"line":220,"column":68},"end":{"line":220,"column":80}},"28":{"start":{"line":222,"column":24},"end":{"line":229,"column":5}},"29":{"start":{"line":230,"column":24},"end":{"line":237,"column":5}},"30":{"start":{"line":238,"column":4},"end":{"line":241,"column":6}},"31":{"start":{"line":245,"column":4},"end":{"line":245,"column":30}},"32":{"start":{"line":249,"column":4},"end":{"line":249,"column":37}},"33":{"start":{"line":255,"column":33},"end":{"line":255,"column":43}},"34":{"start":{"line":256,"column":4},"end":{"line":256,"column":34}},"35":{"start":{"line":256,"column":27},"end":{"line":256,"column":34}},"36":{"start":{"line":257,"column":17},"end":{"line":257,"column":40}},"37":{"start":{"line":259,"column":4},"end":{"line":259,"column":22}},"38":{"start":{"line":259,"column":15},"end":{"line":259,"column":22}},"39":{"start":{"line":261,"column":33},"end":{"line":264,"column":5}},"40":{"start":{"line":265,"column":25},"end":{"line":265,"column":35}},"41":{"start":{"line":268,"column":6},"end":{"line":269,"column":55}},"42":{"start":{"line":271,"column":4},"end":{"line":286,"column":5}},"43":{"start":{"line":272,"column":6},"end":{"line":276,"column":9}},"44":{"start":{"line":277,"column":11},"end":{"line":286,"column":5}},"45":{"start":{"line":278,"column":21},"end":{"line":278,"column":58}},"46":{"start":{"line":279,"column":21},"end":{"line":279,"column":56}},"47":{"start":{"line":281,"column":6},"end":{"line":285,"column":9}},"48":{"start":{"line":290,"column":4},"end":{"line":297,"column":6}},"49":{"start":{"line":311,"column":65},"end":{"line":311,"column":75}},"50":{"start":{"line":315,"column":4},"end":{"line":326,"column":5}},"51":{"start":{"line":316,"column":6},"end":{"line":316,"column":32}},"52":{"start":{"line":319,"column":6},"end":{"line":319,"column":30}},"53":{"start":{"line":322,"column":6},"end":{"line":325,"column":7}},"54":{"start":{"line":323,"column":8},"end":{"line":323,"column":53}},"55":{"start":{"line":324,"column":8},"end":{"line":324,"column":55}},"56":{"start":{"line":328,"column":4},"end":{"line":328,"column":17}},"57":{"start":{"line":340,"column":4},"end":{"line":356,"column":6}},"58":{"start":{"line":379,"column":8},"end":{"line":379,"column":18}},"59":{"start":{"line":380,"column":27},"end":{"line":380,"column":51}},"60":{"start":{"line":383,"column":21},"end":{"line":383,"column":78}},"61":{"start":{"line":386,"column":17},"end":{"line":386,"column":71}},"62":{"start":{"line":387,"column":18},"end":{"line":387,"column":72}},"63":{"start":{"line":388,"column":27},"end":{"line":388,"column":52}},"64":{"start":{"line":389,"column":27},"end":{"line":392,"column":5}},"65":{"start":{"line":393,"column":4},"end":{"line":413,"column":6}},"66":{"start":{"line":404,"column":45},"end":{"line":404,"column":85}},"67":{"start":{"line":405,"column":45},"end":{"line":405,"column":86}},"68":{"start":{"line":406,"column":41},"end":{"line":406,"column":77}},"69":{"start":{"line":421,"column":61},"end":{"line":454,"column":3}},"70":{"start":{"line":422,"column":44},"end":{"line":422,"column":54}},"71":{"start":{"line":423,"column":4},"end":{"line":423,"column":29}},"72":{"start":{"line":423,"column":22},"end":{"line":423,"column":29}},"73":{"start":{"line":425,"column":41},"end":{"line":425,"column":60}},"74":{"start":{"line":428,"column":29},"end":{"line":428,"column":33}},"75":{"start":{"line":429,"column":4},"end":{"line":429,"column":30}},"76":{"start":{"line":429,"column":23},"end":{"line":429,"column":30}},"77":{"start":{"line":430,"column":23},"end":{"line":430,"column":59}},"78":{"start":{"line":431,"column":23},"end":{"line":431,"column":51}},"79":{"start":{"line":432,"column":18},"end":{"line":432,"column":50}},"80":{"start":{"line":433,"column":18},"end":{"line":433,"column":50}},"81":{"start":{"line":434,"column":17},"end":{"line":434,"column":48}},"82":{"start":{"line":435,"column":17},"end":{"line":435,"column":48}},"83":{"start":{"line":436,"column":4},"end":{"line":436,"column":63}},"84":{"start":{"line":437,"column":4},"end":{"line":437,"column":59}},"85":{"start":{"line":438,"column":4},"end":{"line":438,"column":45}},"86":{"start":{"line":441,"column":21},"end":{"line":447,"column":5}},"87":{"start":{"line":449,"column":4},"end":{"line":453,"column":7}},"88":{"start":{"line":461,"column":56},"end":{"line":504,"column":3}},"89":{"start":{"line":465,"column":23},"end":{"line":465,"column":33}},"90":{"start":{"line":466,"column":4},"end":{"line":466,"column":24}},"91":{"start":{"line":466,"column":17},"end":{"line":466,"column":24}},"92":{"start":{"line":468,"column":4},"end":{"line":470,"column":5}},"93":{"start":{"line":469,"column":6},"end":{"line":469,"column":59}},"94":{"start":{"line":471,"column":14},"end":{"line":471,"column":46}},"95":{"start":{"line":472,"column":15},"end":{"line":472,"column":48}},"96":{"start":{"line":474,"column":51},"end":{"line":474,"column":61}},"97":{"start":{"line":475,"column":27},"end":{"line":475,"column":51}},"98":{"start":{"line":478,"column":4},"end":{"line":492,"column":5}},"99":{"start":{"line":479,"column":31},"end":{"line":479,"column":35}},"100":{"start":{"line":481,"column":6},"end":{"line":491,"column":7}},"101":{"start":{"line":482,"column":38},"end":{"line":482,"column":48}},"102":{"start":{"line":484,"column":10},"end":{"line":484,"column":79}},"103":{"start":{"line":485,"column":8},"end":{"line":485,"column":44}},"104":{"start":{"line":487,"column":25},"end":{"line":487,"column":57}},"105":{"start":{"line":489,"column":10},"end":{"line":489,"column":67}},"106":{"start":{"line":490,"column":8},"end":{"line":490,"column":45}},"107":{"start":{"line":494,"column":41},"end":{"line":494,"column":54}},"108":{"start":{"line":495,"column":4},"end":{"line":495,"column":45}},"109":{"start":{"line":498,"column":21},"end":{"line":498,"column":60}},"110":{"start":{"line":499,"column":4},"end":{"line":503,"column":7}},"111":{"start":{"line":511,"column":60},"end":{"line":530,"column":3}},"112":{"start":{"line":512,"column":27},"end":{"line":512,"column":37}},"113":{"start":{"line":513,"column":4},"end":{"line":513,"column":28}},"114":{"start":{"line":513,"column":21},"end":{"line":513,"column":28}},"115":{"start":{"line":515,"column":4},"end":{"line":517,"column":5}},"116":{"start":{"line":516,"column":6},"end":{"line":516,"column":62}},"117":{"start":{"line":518,"column":24},"end":{"line":518,"column":34}},"118":{"start":{"line":519,"column":26},"end":{"line":519,"column":45}},"119":{"start":{"line":520,"column":41},"end":{"line":520,"column":54}},"120":{"start":{"line":521,"column":4},"end":{"line":521,"column":38}},"121":{"start":{"line":523,"column":21},"end":{"line":523,"column":70}},"122":{"start":{"line":525,"column":4},"end":{"line":529,"column":7}},"123":{"start":{"line":537,"column":99},"end":{"line":543,"column":3}},"124":{"start":{"line":542,"column":4},"end":{"line":542,"column":69}},"125":{"start":{"line":550,"column":100},"end":{"line":556,"column":3}},"126":{"start":{"line":555,"column":4},"end":{"line":555,"column":69}},"127":{"start":{"line":563,"column":95},"end":{"line":569,"column":3}},"128":{"start":{"line":568,"column":4},"end":{"line":568,"column":65}},"129":{"start":{"line":585,"column":20},"end":{"line":585,"column":43}},"130":{"start":{"line":586,"column":4},"end":{"line":586,"column":25}},"131":{"start":{"line":586,"column":18},"end":{"line":586,"column":25}},"132":{"start":{"line":587,"column":42},"end":{"line":587,"column":52}},"133":{"start":{"line":589,"column":25},"end":{"line":589,"column":35}},"134":{"start":{"line":592,"column":19},"end":{"line":599,"column":5}},"135":{"start":{"line":602,"column":4},"end":{"line":602,"column":29}},"136":{"start":{"line":605,"column":4},"end":{"line":605,"column":29}},"137":{"start":{"line":606,"column":4},"end":{"line":606,"column":29}},"138":{"start":{"line":608,"column":18},"end":{"line":608,"column":42}},"139":{"start":{"line":609,"column":4},"end":{"line":640,"column":5}},"140":{"start":{"line":610,"column":26},"end":{"line":610,"column":39}},"141":{"start":{"line":611,"column":25},"end":{"line":611,"column":37}},"142":{"start":{"line":612,"column":27},"end":{"line":612,"column":41}},"143":{"start":{"line":613,"column":28},"end":{"line":613,"column":43}},"144":{"start":{"line":615,"column":6},"end":{"line":638,"column":7}},"145":{"start":{"line":624,"column":8},"end":{"line":635,"column":9}},"146":{"start":{"line":625,"column":10},"end":{"line":625,"column":64}},"147":{"start":{"line":626,"column":10},"end":{"line":626,"column":32}},"148":{"start":{"line":627,"column":15},"end":{"line":635,"column":9}},"149":{"start":{"line":630,"column":10},"end":{"line":630,"column":34}},"150":{"start":{"line":631,"column":10},"end":{"line":631,"column":64}},"151":{"start":{"line":633,"column":10},"end":{"line":633,"column":64}},"152":{"start":{"line":634,"column":10},"end":{"line":634,"column":64}},"153":{"start":{"line":636,"column":8},"end":{"line":636,"column":50}},"154":{"start":{"line":637,"column":8},"end":{"line":637,"column":47}},"155":{"start":{"line":639,"column":6},"end":{"line":639,"column":80}},"156":{"start":{"line":642,"column":4},"end":{"line":642,"column":59}},"157":{"start":{"line":655,"column":8},"end":{"line":655,"column":18}},"158":{"start":{"line":657,"column":16},"end":{"line":664,"column":5}},"159":{"start":{"line":665,"column":18},"end":{"line":665,"column":58}},"160":{"start":{"line":668,"column":19},"end":{"line":689,"column":6}},"161":{"start":{"line":692,"column":4},"end":{"line":692,"column":63}},"162":{"start":{"line":695,"column":4},"end":{"line":695,"column":58}},"163":{"start":{"line":697,"column":4},"end":{"line":697,"column":20}}},"fnMap":{"0":{"name":"(anonymous_0)","decl":{"start":{"line":130,"column":10},"end":{"line":130,"column":11}},"loc":{"start":{"line":130,"column":52},"end":{"line":135,"column":5}},"line":130},"1":{"name":"(anonymous_1)","decl":{"start":{"line":137,"column":10},"end":{"line":137,"column":11}},"loc":{"start":{"line":137,"column":52},"end":{"line":142,"column":5}},"line":137},"2":{"name":"(anonymous_2)","decl":{"start":{"line":144,"column":10},"end":{"line":144,"column":11}},"loc":{"start":{"line":144,"column":52},"end":{"line":149,"column":5}},"line":144},"3":{"name":"(anonymous_3)","decl":{"start":{"line":151,"column":10},"end":{"line":151,"column":11}},"loc":{"start":{"line":151,"column":52},"end":{"line":156,"column":5}},"line":151},"4":{"name":"(anonymous_4)","decl":{"start":{"line":216,"column":2},"end":{"line":216,"column":3}},"loc":{"start":{"line":216,"column":69},"end":{"line":242,"column":3}},"line":216},"5":{"name":"(anonymous_5)","decl":{"start":{"line":244,"column":2},"end":{"line":244,"column":3}},"loc":{"start":{"line":244,"column":22},"end":{"line":246,"column":3}},"line":244},"6":{"name":"(anonymous_6)","decl":{"start":{"line":248,"column":2},"end":{"line":248,"column":3}},"loc":{"start":{"line":248,"column":39},"end":{"line":250,"column":3}},"line":248},"7":{"name":"(anonymous_7)","decl":{"start":{"line":254,"column":2},"end":{"line":254,"column":3}},"loc":{"start":{"line":254,"column":37},"end":{"line":287,"column":3}},"line":254},"8":{"name":"(anonymous_8)","decl":{"start":{"line":289,"column":2},"end":{"line":289,"column":3}},"loc":{"start":{"line":289,"column":63},"end":{"line":298,"column":3}},"line":289},"9":{"name":"(anonymous_9)","decl":{"start":{"line":310,"column":2},"end":{"line":310,"column":3}},"loc":{"start":{"line":310,"column":57},"end":{"line":329,"column":3}},"line":310},"10":{"name":"(anonymous_10)","decl":{"start":{"line":336,"column":2},"end":{"line":336,"column":3}},"loc":{"start":{"line":339,"column":23},"end":{"line":357,"column":3}},"line":339},"11":{"name":"(anonymous_11)","decl":{"start":{"line":365,"column":2},"end":{"line":365,"column":3}},"loc":{"start":{"line":369,"column":23},"end":{"line":414,"column":3}},"line":369},"12":{"name":"(anonymous_12)","decl":{"start":{"line":404,"column":22},"end":{"line":404,"column":23}},"loc":{"start":{"line":404,"column":45},"end":{"line":404,"column":85}},"line":404},"13":{"name":"(anonymous_13)","decl":{"start":{"line":405,"column":23},"end":{"line":405,"column":24}},"loc":{"start":{"line":405,"column":45},"end":{"line":405,"column":86}},"line":405},"14":{"name":"(anonymous_14)","decl":{"start":{"line":406,"column":18},"end":{"line":406,"column":19}},"loc":{"start":{"line":406,"column":41},"end":{"line":406,"column":77}},"line":406},"15":{"name":"(anonymous_15)","decl":{"start":{"line":421,"column":61},"end":{"line":421,"column":62}},"loc":{"start":{"line":421,"column":78},"end":{"line":454,"column":3}},"line":421},"16":{"name":"(anonymous_16)","decl":{"start":{"line":461,"column":56},"end":{"line":461,"column":57}},"loc":{"start":{"line":464,"column":7},"end":{"line":504,"column":3}},"line":464},"17":{"name":"(anonymous_17)","decl":{"start":{"line":511,"column":60},"end":{"line":511,"column":61}},"loc":{"start":{"line":511,"column":77},"end":{"line":530,"column":3}},"line":511},"18":{"name":"(anonymous_18)","decl":{"start":{"line":537,"column":99},"end":{"line":537,"column":100}},"loc":{"start":{"line":541,"column":7},"end":{"line":543,"column":3}},"line":541},"19":{"name":"(anonymous_19)","decl":{"start":{"line":550,"column":100},"end":{"line":550,"column":101}},"loc":{"start":{"line":554,"column":7},"end":{"line":556,"column":3}},"line":554},"20":{"name":"(anonymous_20)","decl":{"start":{"line":563,"column":95},"end":{"line":563,"column":96}},"loc":{"start":{"line":567,"column":7},"end":{"line":569,"column":3}},"line":567},"21":{"name":"(anonymous_21)","decl":{"start":{"line":579,"column":2},"end":{"line":579,"column":3}},"loc":{"start":{"line":584,"column":10},"end":{"line":643,"column":3}},"line":584},"22":{"name":"(anonymous_22)","decl":{"start":{"line":645,"column":2},"end":{"line":645,"column":3}},"loc":{"start":{"line":645,"column":22},"end":{"line":698,"column":3}},"line":645}},"branchMap":{"0":{"loc":{"start":{"line":132,"column":6},"end":{"line":132,"column":77}},"type":"if","locations":[{"start":{"line":132,"column":6},"end":{"line":132,"column":77}},{"start":{},"end":{}}],"line":132},"1":{"loc":{"start":{"line":133,"column":6},"end":{"line":134,"column":69}},"type":"if","locations":[{"start":{"line":133,"column":6},"end":{"line":134,"column":69}},{"start":{},"end":{}}],"line":133},"2":{"loc":{"start":{"line":133,"column":10},"end":{"line":133,"column":47}},"type":"binary-expr","locations":[{"start":{"line":133,"column":10},"end":{"line":133,"column":25}},{"start":{"line":133,"column":29},"end":{"line":133,"column":47}}],"line":133},"3":{"loc":{"start":{"line":139,"column":6},"end":{"line":139,"column":77}},"type":"if","locations":[{"start":{"line":139,"column":6},"end":{"line":139,"column":77}},{"start":{},"end":{}}],"line":139},"4":{"loc":{"start":{"line":140,"column":6},"end":{"line":141,"column":70}},"type":"if","locations":[{"start":{"line":140,"column":6},"end":{"line":141,"column":70}},{"start":{},"end":{}}],"line":140},"5":{"loc":{"start":{"line":140,"column":10},"end":{"line":140,"column":47}},"type":"binary-expr","locations":[{"start":{"line":140,"column":10},"end":{"line":140,"column":25}},{"start":{"line":140,"column":29},"end":{"line":140,"column":47}}],"line":140},"6":{"loc":{"start":{"line":146,"column":6},"end":{"line":146,"column":78}},"type":"if","locations":[{"start":{"line":146,"column":6},"end":{"line":146,"column":78}},{"start":{},"end":{}}],"line":146},"7":{"loc":{"start":{"line":147,"column":6},"end":{"line":148,"column":72}},"type":"if","locations":[{"start":{"line":147,"column":6},"end":{"line":148,"column":72}},{"start":{},"end":{}}],"line":147},"8":{"loc":{"start":{"line":147,"column":10},"end":{"line":147,"column":47}},"type":"binary-expr","locations":[{"start":{"line":147,"column":10},"end":{"line":147,"column":25}},{"start":{"line":147,"column":29},"end":{"line":147,"column":47}}],"line":147},"9":{"loc":{"start":{"line":153,"column":6},"end":{"line":153,"column":78}},"type":"if","locations":[{"start":{"line":153,"column":6},"end":{"line":153,"column":78}},{"start":{},"end":{}}],"line":153},"10":{"loc":{"start":{"line":154,"column":6},"end":{"line":155,"column":73}},"type":"if","locations":[{"start":{"line":154,"column":6},"end":{"line":155,"column":73}},{"start":{},"end":{}}],"line":154},"11":{"loc":{"start":{"line":154,"column":10},"end":{"line":154,"column":47}},"type":"binary-expr","locations":[{"start":{"line":154,"column":10},"end":{"line":154,"column":25}},{"start":{"line":154,"column":29},"end":{"line":154,"column":47}}],"line":154},"12":{"loc":{"start":{"line":219,"column":4},"end":{"line":219,"column":64}},"type":"if","locations":[{"start":{"line":219,"column":4},"end":{"line":219,"column":64}},{"start":{},"end":{}}],"line":219},"13":{"loc":{"start":{"line":220,"column":4},"end":{"line":220,"column":80}},"type":"if","locations":[{"start":{"line":220,"column":4},"end":{"line":220,"column":80}},{"start":{},"end":{}}],"line":220},"14":{"loc":{"start":{"line":239,"column":6},"end":{"line":240,"column":64}},"type":"binary-expr","locations":[{"start":{"line":239,"column":6},"end":{"line":239,"column":50}},{"start":{"line":240,"column":6},"end":{"line":240,"column":64}}],"line":239},"15":{"loc":{"start":{"line":256,"column":4},"end":{"line":256,"column":34}},"type":"if","locations":[{"start":{"line":256,"column":4},"end":{"line":256,"column":34}},{"start":{},"end":{}}],"line":256},"16":{"loc":{"start":{"line":259,"column":4},"end":{"line":259,"column":22}},"type":"if","locations":[{"start":{"line":259,"column":4},"end":{"line":259,"column":22}},{"start":{},"end":{}}],"line":259},"17":{"loc":{"start":{"line":261,"column":33},"end":{"line":264,"column":5}},"type":"binary-expr","locations":[{"start":{"line":261,"column":33},"end":{"line":261,"column":59}},{"start":{"line":261,"column":63},"end":{"line":264,"column":5}}],"line":261},"18":{"loc":{"start":{"line":268,"column":6},"end":{"line":269,"column":55}},"type":"binary-expr","locations":[{"start":{"line":268,"column":7},"end":{"line":268,"column":15}},{"start":{"line":268,"column":19},"end":{"line":268,"column":70}},{"start":{"line":269,"column":6},"end":{"line":269,"column":55}}],"line":268},"19":{"loc":{"start":{"line":271,"column":4},"end":{"line":286,"column":5}},"type":"if","locations":[{"start":{"line":271,"column":4},"end":{"line":286,"column":5}},{"start":{"line":277,"column":11},"end":{"line":286,"column":5}}],"line":271},"20":{"loc":{"start":{"line":277,"column":11},"end":{"line":286,"column":5}},"type":"if","locations":[{"start":{"line":277,"column":11},"end":{"line":286,"column":5}},{"start":{},"end":{}}],"line":277},"21":{"loc":{"start":{"line":289,"column":20},"end":{"line":289,"column":45}},"type":"default-arg","locations":[{"start":{"line":289,"column":35},"end":{"line":289,"column":45}}],"line":289},"22":{"loc":{"start":{"line":315,"column":4},"end":{"line":326,"column":5}},"type":"if","locations":[{"start":{"line":315,"column":4},"end":{"line":326,"column":5}},{"start":{"line":317,"column":11},"end":{"line":326,"column":5}}],"line":315},"23":{"loc":{"start":{"line":322,"column":6},"end":{"line":325,"column":7}},"type":"if","locations":[{"start":{"line":322,"column":6},"end":{"line":325,"column":7}},{"start":{},"end":{}}],"line":322},"24":{"loc":{"start":{"line":349,"column":11},"end":{"line":349,"column":59}},"type":"cond-expr","locations":[{"start":{"line":349,"column":31},"end":{"line":349,"column":54}},{"start":{"line":349,"column":57},"end":{"line":349,"column":59}}],"line":349},"25":{"loc":{"start":{"line":399,"column":19},"end":{"line":399,"column":67}},"type":"cond-expr","locations":[{"start":{"line":399,"column":33},"end":{"line":399,"column":42}},{"start":{"line":399,"column":45},"end":{"line":399,"column":67}}],"line":399},"26":{"loc":{"start":{"line":423,"column":4},"end":{"line":423,"column":29}},"type":"if","locations":[{"start":{"line":423,"column":4},"end":{"line":423,"column":29}},{"start":{},"end":{}}],"line":423},"27":{"loc":{"start":{"line":429,"column":4},"end":{"line":429,"column":30}},"type":"if","locations":[{"start":{"line":429,"column":4},"end":{"line":429,"column":30}},{"start":{},"end":{}}],"line":429},"28":{"loc":{"start":{"line":466,"column":4},"end":{"line":466,"column":24}},"type":"if","locations":[{"start":{"line":466,"column":4},"end":{"line":466,"column":24}},{"start":{},"end":{}}],"line":466},"29":{"loc":{"start":{"line":468,"column":4},"end":{"line":470,"column":5}},"type":"if","locations":[{"start":{"line":468,"column":4},"end":{"line":470,"column":5}},{"start":{},"end":{}}],"line":468},"30":{"loc":{"start":{"line":478,"column":4},"end":{"line":492,"column":5}},"type":"if","locations":[{"start":{"line":478,"column":4},"end":{"line":492,"column":5}},{"start":{},"end":{}}],"line":478},"31":{"loc":{"start":{"line":481,"column":6},"end":{"line":491,"column":7}},"type":"if","locations":[{"start":{"line":481,"column":6},"end":{"line":491,"column":7}},{"start":{},"end":{}}],"line":481},"32":{"loc":{"start":{"line":513,"column":4},"end":{"line":513,"column":28}},"type":"if","locations":[{"start":{"line":513,"column":4},"end":{"line":513,"column":28}},{"start":{},"end":{}}],"line":513},"33":{"loc":{"start":{"line":515,"column":4},"end":{"line":517,"column":5}},"type":"if","locations":[{"start":{"line":515,"column":4},"end":{"line":517,"column":5}},{"start":{},"end":{}}],"line":515},"34":{"loc":{"start":{"line":586,"column":4},"end":{"line":586,"column":25}},"type":"if","locations":[{"start":{"line":586,"column":4},"end":{"line":586,"column":25}},{"start":{},"end":{}}],"line":586},"35":{"loc":{"start":{"line":609,"column":4},"end":{"line":640,"column":5}},"type":"if","locations":[{"start":{"line":609,"column":4},"end":{"line":640,"column":5}},{"start":{},"end":{}}],"line":609},"36":{"loc":{"start":{"line":615,"column":6},"end":{"line":638,"column":7}},"type":"if","locations":[{"start":{"line":615,"column":6},"end":{"line":638,"column":7}},{"start":{},"end":{}}],"line":615},"37":{"loc":{"start":{"line":624,"column":8},"end":{"line":635,"column":9}},"type":"if","locations":[{"start":{"line":624,"column":8},"end":{"line":635,"column":9}},{"start":{"line":627,"column":15},"end":{"line":635,"column":9}}],"line":624},"38":{"loc":{"start":{"line":627,"column":15},"end":{"line":635,"column":9}},"type":"if","locations":[{"start":{"line":627,"column":15},"end":{"line":635,"column":9}},{"start":{"line":632,"column":15},"end":{"line":635,"column":9}}],"line":627},"39":{"loc":{"start":{"line":636,"column":20},"end":{"line":636,"column":49}},"type":"cond-expr","locations":[{"start":{"line":636,"column":36},"end":{"line":636,"column":37}},{"start":{"line":636,"column":40},"end":{"line":636,"column":49}}],"line":636},"40":{"loc":{"start":{"line":637,"column":19},"end":{"line":637,"column":46}},"type":"cond-expr","locations":[{"start":{"line":637,"column":34},"end":{"line":637,"column":35}},{"start":{"line":637,"column":38},"end":{"line":637,"column":46}}],"line":637},"41":{"loc":{"start":{"line":639,"column":32},"end":{"line":639,"column":76}},"type":"cond-expr","locations":[{"start":{"line":639,"column":65},"end":{"line":639,"column":69}},{"start":{"line":639,"column":72},"end":{"line":639,"column":76}}],"line":639}},"s":{"0":1,"1":561,"2":561,"3":2,"4":559,"5":2,"6":561,"7":561,"8":2,"9":559,"10":2,"11":561,"12":561,"13":2,"14":559,"15":2,"16":561,"17":561,"18":2,"19":559,"20":2,"21":1,"22":205,"23":205,"24":348,"25":100,"26":248,"27":2,"28":246,"29":246,"30":246,"31":205,"32":221,"33":426,"34":426,"35":414,"36":12,"37":12,"38":0,"39":12,"40":12,"41":12,"42":12,"43":5,"44":7,"45":2,"46":2,"47":2,"48":1351,"49":426,"50":426,"51":223,"52":203,"53":203,"54":188,"55":188,"56":426,"57":426,"58":426,"59":426,"60":426,"61":426,"62":426,"63":426,"64":426,"65":426,"66":0,"67":0,"68":0,"69":205,"70":5,"71":5,"72":0,"73":5,"74":5,"75":5,"76":0,"77":5,"78":5,"79":5,"80":5,"81":5,"82":5,"83":5,"84":5,"85":5,"86":5,"87":5,"88":205,"89":4,"90":4,"91":1,"92":3,"93":1,"94":2,"95":2,"96":2,"97":2,"98":2,"99":1,"100":1,"101":1,"102":1,"103":1,"104":1,"105":1,"106":1,"107":2,"108":2,"109":2,"110":2,"111":205,"112":0,"113":0,"114":0,"115":0,"116":0,"117":0,"118":0,"119":0,"120":0,"121":0,"122":0,"123":205,"124":0,"125":205,"126":0,"127":205,"128":0,"129":0,"130":0,"131":0,"132":0,"133":0,"134":0,"135":0,"136":0,"137":0,"138":0,"139":0,"140":0,"141":0,"142":0,"143":0,"144":0,"145":0,"146":0,"147":0,"148":0,"149":0,"150":0,"151":0,"152":0,"153":0,"154":0,"155":0,"156":0,"157":426,"158":426,"159":426,"160":426,"161":426,"162":426,"163":426},"f":{"0":561,"1":561,"2":561,"3":561,"4":348,"5":205,"6":221,"7":426,"8":1351,"9":426,"10":426,"11":426,"12":0,"13":0,"14":0,"15":5,"16":4,"17":0,"18":0,"19":0,"20":0,"21":0,"22":426},"b":{"0":[2,559],"1":[2,557],"2":[559,557],"3":[2,559],"4":[2,557],"5":[559,557],"6":[2,559],"7":[2,557],"8":[559,557],"9":[2,559],"10":[2,557],"11":[559,557],"12":[100,248],"13":[2,246],"14":[246,215],"15":[414,12],"16":[0,12],"17":[12,6],"18":[12,7,10],"19":[5,7],"20":[2,5],"21":[859],"22":[223,203],"23":[188,15],"24":[0,426],"25":[390,36],"26":[0,5],"27":[0,5],"28":[1,3],"29":[1,2],"30":[1,1],"31":[1,0],"32":[0,0],"33":[0,0],"34":[0,0],"35":[0,0],"36":[0,0],"37":[0,0],"38":[0,0],"39":[0,0],"40":[0,0],"41":[0,0]},"_coverageSchema":"1a1c01bbd47fc00a2c39e90264f33305004495a9","hash":"facb54c0973afc548d347f4cba904da5de1cc02a"}
,"/Users/an/WebstormProjects/react-gl/react-grid-layout/lib/ReactGridLayout.jsx": {"path":"/Users/an/WebstormProjects/react-gl/react-grid-layout/lib/ReactGridLayout.jsx","statementMap":{"0":{"start":{"line":63,"column":24},"end":{"line":63,"column":43}},"1":{"start":{"line":64,"column":16},"end":{"line":64,"column":21}},"2":{"start":{"line":66,"column":0},"end":{"line":70,"column":1}},"3":{"start":{"line":67,"column":2},"end":{"line":67,"column":51}},"4":{"start":{"line":78,"column":32},"end":{"line":78,"column":49}},"5":{"start":{"line":81,"column":21},"end":{"line":81,"column":45}},"6":{"start":{"line":83,"column":38},"end":{"line":119,"column":3}},"7":{"start":{"line":121,"column":17},"end":{"line":138,"column":3}},"8":{"start":{"line":140,"column":29},"end":{"line":140,"column":30}},"9":{"start":{"line":143,"column":4},"end":{"line":143,"column":37}},"10":{"start":{"line":146,"column":4},"end":{"line":146,"column":68}},"11":{"start":{"line":155,"column":4},"end":{"line":157,"column":5}},"12":{"start":{"line":156,"column":6},"end":{"line":156,"column":18}},"13":{"start":{"line":161,"column":4},"end":{"line":171,"column":5}},"14":{"start":{"line":165,"column":6},"end":{"line":165,"column":39}},"15":{"start":{"line":166,"column":11},"end":{"line":171,"column":5}},"16":{"start":{"line":170,"column":6},"end":{"line":170,"column":39}},"17":{"start":{"line":174,"column":4},"end":{"line":191,"column":5}},"18":{"start":{"line":175,"column":24},"end":{"line":181,"column":7}},"19":{"start":{"line":183,"column":6},"end":{"line":190,"column":8}},"20":{"start":{"line":193,"column":4},"end":{"line":193,"column":16}},"21":{"start":{"line":197,"column":4},"end":{"line":206,"column":6}},"22":{"start":{"line":210,"column":4},"end":{"line":215,"column":5}},"23":{"start":{"line":211,"column":24},"end":{"line":211,"column":41}},"24":{"start":{"line":212,"column":24},"end":{"line":212,"column":40}},"25":{"start":{"line":214,"column":6},"end":{"line":214,"column":54}},"26":{"start":{"line":223,"column":4},"end":{"line":223,"column":37}},"27":{"start":{"line":223,"column":30},"end":{"line":223,"column":37}},"28":{"start":{"line":224,"column":18},"end":{"line":224,"column":43}},"29":{"start":{"line":225,"column":30},"end":{"line":227,"column":28}},"30":{"start":{"line":228,"column":4},"end":{"line":233,"column":6}},"31":{"start":{"line":244,"column":74},"end":{"line":260,"column":3}},"32":{"start":{"line":250,"column":23},"end":{"line":250,"column":33}},"33":{"start":{"line":251,"column":14},"end":{"line":251,"column":38}},"34":{"start":{"line":252,"column":4},"end":{"line":252,"column":19}},"35":{"start":{"line":252,"column":12},"end":{"line":252,"column":19}},"36":{"start":{"line":254,"column":4},"end":{"line":257,"column":7}},"37":{"start":{"line":259,"column":4},"end":{"line":259,"column":63}},"38":{"start":{"line":270,"column":69},"end":{"line":314,"column":3}},"39":{"start":{"line":276,"column":28},"end":{"line":276,"column":38}},"40":{"start":{"line":277,"column":21},"end":{"line":277,"column":31}},"41":{"start":{"line":278,"column":35},"end":{"line":278,"column":45}},"42":{"start":{"line":279,"column":14},"end":{"line":279,"column":38}},"43":{"start":{"line":280,"column":4},"end":{"line":280,"column":19}},"44":{"start":{"line":280,"column":12},"end":{"line":280,"column":19}},"45":{"start":{"line":283,"column":24},"end":{"line":290,"column":5}},"46":{"start":{"line":293,"column":25},"end":{"line":293,"column":29}},"47":{"start":{"line":294,"column":4},"end":{"line":304,"column":6}},"48":{"start":{"line":306,"column":4},"end":{"line":306,"column":68}},"49":{"start":{"line":308,"column":4},"end":{"line":313,"column":7}},"50":{"start":{"line":324,"column":73},"end":{"line":367,"column":3}},"51":{"start":{"line":330,"column":4},"end":{"line":330,"column":39}},"52":{"start":{"line":330,"column":32},"end":{"line":330,"column":39}},"53":{"start":{"line":332,"column":28},"end":{"line":332,"column":38}},"54":{"start":{"line":333,"column":21},"end":{"line":333,"column":31}},"55":{"start":{"line":334,"column":53},"end":{"line":334,"column":63}},"56":{"start":{"line":335,"column":14},"end":{"line":335,"column":38}},"57":{"start":{"line":336,"column":4},"end":{"line":336,"column":19}},"58":{"start":{"line":336,"column":12},"end":{"line":336,"column":19}},"59":{"start":{"line":339,"column":25},"end":{"line":339,"column":29}},"60":{"start":{"line":340,"column":4},"end":{"line":350,"column":6}},"61":{"start":{"line":352,"column":4},"end":{"line":352,"column":65}},"62":{"start":{"line":355,"column":22},"end":{"line":357,"column":54}},"63":{"start":{"line":358,"column":26},"end":{"line":358,"column":36}},"64":{"start":{"line":359,"column":4},"end":{"line":364,"column":7}},"65":{"start":{"line":366,"column":4},"end":{"line":366,"column":52}},"66":{"start":{"line":370,"column":4},"end":{"line":370,"column":50}},"67":{"start":{"line":370,"column":20},"end":{"line":370,"column":50}},"68":{"start":{"line":372,"column":4},"end":{"line":374,"column":5}},"69":{"start":{"line":373,"column":6},"end":{"line":373,"column":43}},"70":{"start":{"line":377,"column":78},"end":{"line":394,"column":3}},"71":{"start":{"line":383,"column":23},"end":{"line":383,"column":33}},"72":{"start":{"line":384,"column":14},"end":{"line":384,"column":38}},"73":{"start":{"line":385,"column":4},"end":{"line":385,"column":19}},"74":{"start":{"line":385,"column":12},"end":{"line":385,"column":19}},"75":{"start":{"line":387,"column":4},"end":{"line":391,"column":7}},"76":{"start":{"line":393,"column":4},"end":{"line":393,"column":58}},"77":{"start":{"line":396,"column":73},"end":{"line":492,"column":3}},"78":{"start":{"line":402,"column":30},"end":{"line":402,"column":40}},"79":{"start":{"line":403,"column":23},"end":{"line":403,"column":33}},"80":{"start":{"line":404,"column":53},"end":{"line":404,"column":63}},"81":{"start":{"line":406,"column":27},"end":{"line":432,"column":6}},"82":{"start":{"line":410,"column":6},"end":{"line":429,"column":7}},"83":{"start":{"line":411,"column":27},"end":{"line":413,"column":9}},"84":{"start":{"line":412,"column":24},"end":{"line":412,"column":44}},"85":{"start":{"line":414,"column":8},"end":{"line":414,"column":46}},"86":{"start":{"line":417,"column":8},"end":{"line":428,"column":9}},"87":{"start":{"line":419,"column":23},"end":{"line":419,"column":31}},"88":{"start":{"line":420,"column":21},"end":{"line":420,"column":29}},"89":{"start":{"line":421,"column":10},"end":{"line":424,"column":13}},"90":{"start":{"line":422,"column":12},"end":{"line":422,"column":76}},"91":{"start":{"line":422,"column":36},"end":{"line":422,"column":76}},"92":{"start":{"line":423,"column":12},"end":{"line":423,"column":76}},"93":{"start":{"line":423,"column":36},"end":{"line":423,"column":76}},"94":{"start":{"line":426,"column":10},"end":{"line":426,"column":58}},"95":{"start":{"line":426,"column":39},"end":{"line":426,"column":58}},"96":{"start":{"line":427,"column":10},"end":{"line":427,"column":58}},"97":{"start":{"line":427,"column":39},"end":{"line":427,"column":58}},"98":{"start":{"line":431,"column":6},"end":{"line":431,"column":15}},"99":{"start":{"line":434,"column":4},"end":{"line":468,"column":5}},"100":{"start":{"line":435,"column":14},"end":{"line":435,"column":17}},"101":{"start":{"line":436,"column":14},"end":{"line":436,"column":17}},"102":{"start":{"line":437,"column":6},"end":{"line":441,"column":7}},"103":{"start":{"line":438,"column":8},"end":{"line":438,"column":28}},"104":{"start":{"line":439,"column":8},"end":{"line":439,"column":41}},"105":{"start":{"line":440,"column":8},"end":{"line":440,"column":26}},"106":{"start":{"line":443,"column":6},"end":{"line":447,"column":7}},"107":{"start":{"line":444,"column":8},"end":{"line":444,"column":28}},"108":{"start":{"line":445,"column":8},"end":{"line":445,"column":41}},"109":{"start":{"line":446,"column":8},"end":{"line":446,"column":26}},"110":{"start":{"line":449,"column":6},"end":{"line":449,"column":14}},"111":{"start":{"line":450,"column":6},"end":{"line":450,"column":14}},"112":{"start":{"line":452,"column":27},"end":{"line":452,"column":31}},"113":{"start":{"line":453,"column":6},"end":{"line":463,"column":8}},"114":{"start":{"line":465,"column":6},"end":{"line":465,"column":14}},"115":{"start":{"line":466,"column":6},"end":{"line":466,"column":14}},"116":{"start":{"line":467,"column":6},"end":{"line":467,"column":29}},"117":{"start":{"line":471,"column":4},"end":{"line":471,"column":19}},"118":{"start":{"line":471,"column":12},"end":{"line":471,"column":19}},"119":{"start":{"line":474,"column":24},"end":{"line":481,"column":5}},"120":{"start":{"line":483,"column":4},"end":{"line":483,"column":77}},"121":{"start":{"line":486,"column":4},"end":{"line":491,"column":7}},"122":{"start":{"line":494,"column":77},"end":{"line":520,"column":3}},"123":{"start":{"line":500,"column":38},"end":{"line":500,"column":48}},"124":{"start":{"line":501,"column":35},"end":{"line":501,"column":45}},"125":{"start":{"line":502,"column":14},"end":{"line":502,"column":38}},"126":{"start":{"line":504,"column":4},"end":{"line":504,"column":69}},"127":{"start":{"line":507,"column":22},"end":{"line":509,"column":54}},"128":{"start":{"line":510,"column":26},"end":{"line":510,"column":36}},"129":{"start":{"line":511,"column":4},"end":{"line":517,"column":7}},"130":{"start":{"line":519,"column":4},"end":{"line":519,"column":52}},"131":{"start":{"line":527,"column":27},"end":{"line":527,"column":37}},"132":{"start":{"line":528,"column":4},"end":{"line":528,"column":33}},"133":{"start":{"line":528,"column":21},"end":{"line":528,"column":33}},"134":{"start":{"line":538,"column":8},"end":{"line":538,"column":18}},"135":{"start":{"line":541,"column":4},"end":{"line":565,"column":6}},"136":{"start":{"line":577,"column":4},"end":{"line":577,"column":37}},"137":{"start":{"line":577,"column":30},"end":{"line":577,"column":37}},"138":{"start":{"line":578,"column":14},"end":{"line":578,"column":65}},"139":{"start":{"line":579,"column":4},"end":{"line":579,"column":24}},"140":{"start":{"line":579,"column":12},"end":{"line":579,"column":24}},"141":{"start":{"line":596,"column":8},"end":{"line":596,"column":18}},"142":{"start":{"line":597,"column":42},"end":{"line":597,"column":52}},"143":{"start":{"line":603,"column":6},"end":{"line":605,"column":34}},"144":{"start":{"line":607,"column":6},"end":{"line":609,"column":34}},"145":{"start":{"line":610,"column":33},"end":{"line":610,"column":65}},"146":{"start":{"line":613,"column":20},"end":{"line":613,"column":67}},"147":{"start":{"line":615,"column":4},"end":{"line":653,"column":6}},"148":{"start":{"line":658,"column":46},"end":{"line":728,"column":3}},"149":{"start":{"line":662,"column":4},"end":{"line":670,"column":5}},"150":{"start":{"line":668,"column":6},"end":{"line":668,"column":25}},"151":{"start":{"line":669,"column":6},"end":{"line":669,"column":19}},"152":{"start":{"line":680,"column":8},"end":{"line":680,"column":18}},"153":{"start":{"line":681,"column":23},"end":{"line":681,"column":33}},"154":{"start":{"line":683,"column":31},"end":{"line":683,"column":44}},"155":{"start":{"line":684,"column":29},"end":{"line":684,"column":61}},"156":{"start":{"line":686,"column":4},"end":{"line":724,"column":5}},"157":{"start":{"line":687,"column":45},"end":{"line":694,"column":7}},"158":{"start":{"line":696,"column":33},"end":{"line":702,"column":7}},"159":{"start":{"line":704,"column":6},"end":{"line":717,"column":9}},"160":{"start":{"line":718,"column":11},"end":{"line":724,"column":5}},"161":{"start":{"line":719,"column":28},"end":{"line":719,"column":55}},"162":{"start":{"line":720,"column":35},"end":{"line":720,"column":66}},"163":{"start":{"line":721,"column":6},"end":{"line":723,"column":7}},"164":{"start":{"line":722,"column":8},"end":{"line":722,"column":44}},"165":{"start":{"line":726,"column":4},"end":{"line":726,"column":24}},"166":{"start":{"line":727,"column":4},"end":{"line":727,"column":23}},"167":{"start":{"line":730,"column":42},"end":{"line":746,"column":3}},"168":{"start":{"line":731,"column":35},"end":{"line":731,"column":45}},"169":{"start":{"line":732,"column":23},"end":{"line":732,"column":33}},"170":{"start":{"line":734,"column":22},"end":{"line":738,"column":5}},"171":{"start":{"line":735,"column":25},"end":{"line":735,"column":47}},"172":{"start":{"line":740,"column":4},"end":{"line":745,"column":7}},"173":{"start":{"line":748,"column":28},"end":{"line":759,"column":3}},"174":{"start":{"line":749,"column":4},"end":{"line":749,"column":28}},"175":{"start":{"line":756,"column":4},"end":{"line":758,"column":5}},"176":{"start":{"line":757,"column":6},"end":{"line":757,"column":39}},"177":{"start":{"line":761,"column":30},"end":{"line":765,"column":3}},"178":{"start":{"line":762,"column":4},"end":{"line":762,"column":23}},"179":{"start":{"line":763,"column":4},"end":{"line":763,"column":24}},"180":{"start":{"line":764,"column":4},"end":{"line":764,"column":28}},"181":{"start":{"line":767,"column":25},"end":{"line":780,"column":3}},"182":{"start":{"line":768,"column":4},"end":{"line":768,"column":23}},"183":{"start":{"line":769,"column":4},"end":{"line":769,"column":24}},"184":{"start":{"line":770,"column":29},"end":{"line":770,"column":39}},"185":{"start":{"line":771,"column":23},"end":{"line":771,"column":33}},"186":{"start":{"line":772,"column":17},"end":{"line":772,"column":57}},"187":{"start":{"line":772,"column":34},"end":{"line":772,"column":56}},"188":{"start":{"line":775,"column":4},"end":{"line":775,"column":30}},"189":{"start":{"line":777,"column":4},"end":{"line":777,"column":37}},"190":{"start":{"line":779,"column":4},"end":{"line":779,"column":39}},"191":{"start":{"line":783,"column":56},"end":{"line":783,"column":66}},"192":{"start":{"line":785,"column":28},"end":{"line":785,"column":66}},"193":{"start":{"line":786,"column":24},"end":{"line":789,"column":5}},"194":{"start":{"line":791,"column":4},"end":{"line":809,"column":6}},"195":{"start":{"line":802,"column":10},"end":{"line":802,"column":37}}},"fnMap":{"0":{"name":"(anonymous_0)","decl":{"start":{"line":142,"column":2},"end":{"line":142,"column":3}},"loc":{"start":{"line":142,"column":22},"end":{"line":147,"column":3}},"line":142},"1":{"name":"(anonymous_1)","decl":{"start":{"line":149,"column":2},"end":{"line":149,"column":3}},"loc":{"start":{"line":152,"column":26},"end":{"line":194,"column":3}},"line":152},"2":{"name":"(anonymous_2)","decl":{"start":{"line":196,"column":2},"end":{"line":196,"column":3}},"loc":{"start":{"line":196,"column":69},"end":{"line":207,"column":3}},"line":196},"3":{"name":"(anonymous_3)","decl":{"start":{"line":209,"column":2},"end":{"line":209,"column":3}},"loc":{"start":{"line":209,"column":57},"end":{"line":216,"column":3}},"line":209},"4":{"name":"(anonymous_4)","decl":{"start":{"line":222,"column":2},"end":{"line":222,"column":3}},"loc":{"start":{"line":222,"column":29},"end":{"line":234,"column":3}},"line":222},"5":{"name":"(anonymous_5)","decl":{"start":{"line":244,"column":74},"end":{"line":244,"column":75}},"loc":{"start":{"line":249,"column":7},"end":{"line":260,"column":3}},"line":249},"6":{"name":"(anonymous_6)","decl":{"start":{"line":270,"column":69},"end":{"line":270,"column":70}},"loc":{"start":{"line":275,"column":7},"end":{"line":314,"column":3}},"line":275},"7":{"name":"(anonymous_7)","decl":{"start":{"line":324,"column":73},"end":{"line":324,"column":74}},"loc":{"start":{"line":329,"column":7},"end":{"line":367,"column":3}},"line":329},"8":{"name":"(anonymous_8)","decl":{"start":{"line":369,"column":2},"end":{"line":369,"column":3}},"loc":{"start":{"line":369,"column":62},"end":{"line":375,"column":3}},"line":369},"9":{"name":"(anonymous_9)","decl":{"start":{"line":377,"column":78},"end":{"line":377,"column":79}},"loc":{"start":{"line":382,"column":7},"end":{"line":394,"column":3}},"line":382},"10":{"name":"(anonymous_10)","decl":{"start":{"line":396,"column":73},"end":{"line":396,"column":74}},"loc":{"start":{"line":401,"column":7},"end":{"line":492,"column":3}},"line":401},"11":{"name":"(anonymous_11)","decl":{"start":{"line":406,"column":53},"end":{"line":406,"column":54}},"loc":{"start":{"line":406,"column":58},"end":{"line":432,"column":5}},"line":406},"12":{"name":"(anonymous_12)","decl":{"start":{"line":412,"column":10},"end":{"line":412,"column":11}},"loc":{"start":{"line":412,"column":24},"end":{"line":412,"column":44}},"line":412},"13":{"name":"(anonymous_13)","decl":{"start":{"line":421,"column":29},"end":{"line":421,"column":30}},"loc":{"start":{"line":421,"column":43},"end":{"line":424,"column":11}},"line":421},"14":{"name":"(anonymous_14)","decl":{"start":{"line":494,"column":77},"end":{"line":494,"column":78}},"loc":{"start":{"line":499,"column":7},"end":{"line":520,"column":3}},"line":499},"15":{"name":"(anonymous_15)","decl":{"start":{"line":526,"column":2},"end":{"line":526,"column":3}},"loc":{"start":{"line":526,"column":36},"end":{"line":566,"column":3}},"line":526},"16":{"name":"(anonymous_16)","decl":{"start":{"line":573,"column":2},"end":{"line":573,"column":3}},"loc":{"start":{"line":576,"column":24},"end":{"line":654,"column":3}},"line":576},"17":{"name":"(anonymous_17)","decl":{"start":{"line":658,"column":46},"end":{"line":658,"column":47}},"loc":{"start":{"line":658,"column":51},"end":{"line":728,"column":3}},"line":658},"18":{"name":"(anonymous_18)","decl":{"start":{"line":730,"column":42},"end":{"line":730,"column":43}},"loc":{"start":{"line":730,"column":48},"end":{"line":746,"column":3}},"line":730},"19":{"name":"(anonymous_19)","decl":{"start":{"line":735,"column":20},"end":{"line":735,"column":21}},"loc":{"start":{"line":735,"column":25},"end":{"line":735,"column":47}},"line":735},"20":{"name":"(anonymous_20)","decl":{"start":{"line":748,"column":28},"end":{"line":748,"column":29}},"loc":{"start":{"line":748,"column":34},"end":{"line":759,"column":3}},"line":748},"21":{"name":"(anonymous_21)","decl":{"start":{"line":761,"column":30},"end":{"line":761,"column":31}},"loc":{"start":{"line":761,"column":35},"end":{"line":765,"column":3}},"line":761},"22":{"name":"(anonymous_22)","decl":{"start":{"line":767,"column":25},"end":{"line":767,"column":26}},"loc":{"start":{"line":767,"column":39},"end":{"line":780,"column":3}},"line":767},"23":{"name":"(anonymous_23)","decl":{"start":{"line":772,"column":29},"end":{"line":772,"column":30}},"loc":{"start":{"line":772,"column":34},"end":{"line":772,"column":56}},"line":772},"24":{"name":"(anonymous_24)","decl":{"start":{"line":782,"column":2},"end":{"line":782,"column":3}},"loc":{"start":{"line":782,"column":33},"end":{"line":810,"column":3}},"line":782},"25":{"name":"(anonymous_25)","decl":{"start":{"line":801,"column":49},"end":{"line":801,"column":50}},"loc":{"start":{"line":802,"column":10},"end":{"line":802,"column":37}},"line":802}},"branchMap":{"0":{"loc":{"start":{"line":155,"column":4},"end":{"line":157,"column":5}},"type":"if","locations":[{"start":{"line":155,"column":4},"end":{"line":157,"column":5}},{"start":{},"end":{}}],"line":155},"1":{"loc":{"start":{"line":161,"column":4},"end":{"line":171,"column":5}},"type":"if","locations":[{"start":{"line":161,"column":4},"end":{"line":171,"column":5}},{"start":{"line":166,"column":11},"end":{"line":171,"column":5}}],"line":161},"2":{"loc":{"start":{"line":162,"column":6},"end":{"line":163,"column":53}},"type":"binary-expr","locations":[{"start":{"line":162,"column":6},"end":{"line":162,"column":57}},{"start":{"line":163,"column":6},"end":{"line":163,"column":53}}],"line":162},"3":{"loc":{"start":{"line":166,"column":11},"end":{"line":171,"column":5}},"type":"if","locations":[{"start":{"line":166,"column":11},"end":{"line":171,"column":5}},{"start":{},"end":{}}],"line":166},"4":{"loc":{"start":{"line":174,"column":4},"end":{"line":191,"column":5}},"type":"if","locations":[{"start":{"line":174,"column":4},"end":{"line":191,"column":5}},{"start":{},"end":{}}],"line":174},"5":{"loc":{"start":{"line":201,"column":6},"end":{"line":205,"column":64}},"type":"binary-expr","locations":[{"start":{"line":201,"column":6},"end":{"line":201,"column":48}},{"start":{"line":202,"column":6},"end":{"line":202,"column":58}},{"start":{"line":203,"column":6},"end":{"line":203,"column":52}},{"start":{"line":204,"column":6},"end":{"line":204,"column":46}},{"start":{"line":205,"column":6},"end":{"line":205,"column":64}}],"line":201},"6":{"loc":{"start":{"line":210,"column":4},"end":{"line":215,"column":5}},"type":"if","locations":[{"start":{"line":210,"column":4},"end":{"line":215,"column":5}},{"start":{},"end":{}}],"line":210},"7":{"loc":{"start":{"line":223,"column":4},"end":{"line":223,"column":37}},"type":"if","locations":[{"start":{"line":223,"column":4},"end":{"line":223,"column":37}},{"start":{},"end":{}}],"line":223},"8":{"loc":{"start":{"line":225,"column":30},"end":{"line":227,"column":28}},"type":"cond-expr","locations":[{"start":{"line":226,"column":8},"end":{"line":226,"column":38}},{"start":{"line":227,"column":8},"end":{"line":227,"column":28}}],"line":225},"9":{"loc":{"start":{"line":252,"column":4},"end":{"line":252,"column":19}},"type":"if","locations":[{"start":{"line":252,"column":4},"end":{"line":252,"column":19}},{"start":{},"end":{}}],"line":252},"10":{"loc":{"start":{"line":280,"column":4},"end":{"line":280,"column":19}},"type":"if","locations":[{"start":{"line":280,"column":4},"end":{"line":280,"column":19}},{"start":{},"end":{}}],"line":280},"11":{"loc":{"start":{"line":309,"column":14},"end":{"line":311,"column":56}},"type":"cond-expr","locations":[{"start":{"line":310,"column":10},"end":{"line":310,"column":16}},{"start":{"line":311,"column":10},"end":{"line":311,"column":56}}],"line":309},"12":{"loc":{"start":{"line":330,"column":4},"end":{"line":330,"column":39}},"type":"if","locations":[{"start":{"line":330,"column":4},"end":{"line":330,"column":39}},{"start":{},"end":{}}],"line":330},"13":{"loc":{"start":{"line":336,"column":4},"end":{"line":336,"column":19}},"type":"if","locations":[{"start":{"line":336,"column":4},"end":{"line":336,"column":19}},{"start":{},"end":{}}],"line":336},"14":{"loc":{"start":{"line":355,"column":22},"end":{"line":357,"column":54}},"type":"cond-expr","locations":[{"start":{"line":356,"column":8},"end":{"line":356,"column":14}},{"start":{"line":357,"column":8},"end":{"line":357,"column":54}}],"line":355},"15":{"loc":{"start":{"line":370,"column":4},"end":{"line":370,"column":50}},"type":"if","locations":[{"start":{"line":370,"column":4},"end":{"line":370,"column":50}},{"start":{},"end":{}}],"line":370},"16":{"loc":{"start":{"line":372,"column":4},"end":{"line":374,"column":5}},"type":"if","locations":[{"start":{"line":372,"column":4},"end":{"line":374,"column":5}},{"start":{},"end":{}}],"line":372},"17":{"loc":{"start":{"line":385,"column":4},"end":{"line":385,"column":19}},"type":"if","locations":[{"start":{"line":385,"column":4},"end":{"line":385,"column":19}},{"start":{},"end":{}}],"line":385},"18":{"loc":{"start":{"line":410,"column":6},"end":{"line":429,"column":7}},"type":"if","locations":[{"start":{"line":410,"column":6},"end":{"line":429,"column":7}},{"start":{},"end":{}}],"line":410},"19":{"loc":{"start":{"line":410,"column":10},"end":{"line":410,"column":43}},"type":"binary-expr","locations":[{"start":{"line":410,"column":10},"end":{"line":410,"column":26}},{"start":{"line":410,"column":30},"end":{"line":410,"column":43}}],"line":410},"20":{"loc":{"start":{"line":417,"column":8},"end":{"line":428,"column":9}},"type":"if","locations":[{"start":{"line":417,"column":8},"end":{"line":428,"column":9}},{"start":{},"end":{}}],"line":417},"21":{"loc":{"start":{"line":422,"column":12},"end":{"line":422,"column":76}},"type":"if","locations":[{"start":{"line":422,"column":12},"end":{"line":422,"column":76}},{"start":{},"end":{}}],"line":422},"22":{"loc":{"start":{"line":423,"column":12},"end":{"line":423,"column":76}},"type":"if","locations":[{"start":{"line":423,"column":12},"end":{"line":423,"column":76}},{"start":{},"end":{}}],"line":423},"23":{"loc":{"start":{"line":426,"column":10},"end":{"line":426,"column":58}},"type":"if","locations":[{"start":{"line":426,"column":10},"end":{"line":426,"column":58}},{"start":{},"end":{}}],"line":426},"24":{"loc":{"start":{"line":427,"column":10},"end":{"line":427,"column":58}},"type":"if","locations":[{"start":{"line":427,"column":10},"end":{"line":427,"column":58}},{"start":{},"end":{}}],"line":427},"25":{"loc":{"start":{"line":434,"column":4},"end":{"line":468,"column":5}},"type":"if","locations":[{"start":{"line":434,"column":4},"end":{"line":468,"column":5}},{"start":{"line":464,"column":11},"end":{"line":468,"column":5}}],"line":434},"26":{"loc":{"start":{"line":437,"column":6},"end":{"line":441,"column":7}},"type":"if","locations":[{"start":{"line":437,"column":6},"end":{"line":441,"column":7}},{"start":{},"end":{}}],"line":437},"27":{"loc":{"start":{"line":439,"column":12},"end":{"line":439,"column":40}},"type":"cond-expr","locations":[{"start":{"line":439,"column":33},"end":{"line":439,"column":36}},{"start":{"line":439,"column":39},"end":{"line":439,"column":40}}],"line":439},"28":{"loc":{"start":{"line":439,"column":12},"end":{"line":439,"column":30}},"type":"binary-expr","locations":[{"start":{"line":439,"column":12},"end":{"line":439,"column":21}},{"start":{"line":439,"column":25},"end":{"line":439,"column":30}}],"line":439},"29":{"loc":{"start":{"line":440,"column":12},"end":{"line":440,"column":25}},"type":"cond-expr","locations":[{"start":{"line":440,"column":20},"end":{"line":440,"column":21}},{"start":{"line":440,"column":24},"end":{"line":440,"column":25}}],"line":440},"30":{"loc":{"start":{"line":443,"column":6},"end":{"line":447,"column":7}},"type":"if","locations":[{"start":{"line":443,"column":6},"end":{"line":447,"column":7}},{"start":{},"end":{}}],"line":443},"31":{"loc":{"start":{"line":445,"column":12},"end":{"line":445,"column":40}},"type":"cond-expr","locations":[{"start":{"line":445,"column":33},"end":{"line":445,"column":36}},{"start":{"line":445,"column":39},"end":{"line":445,"column":40}}],"line":445},"32":{"loc":{"start":{"line":445,"column":12},"end":{"line":445,"column":30}},"type":"binary-expr","locations":[{"start":{"line":445,"column":12},"end":{"line":445,"column":21}},{"start":{"line":445,"column":25},"end":{"line":445,"column":30}}],"line":445},"33":{"loc":{"start":{"line":446,"column":12},"end":{"line":446,"column":25}},"type":"cond-expr","locations":[{"start":{"line":446,"column":20},"end":{"line":446,"column":21}},{"start":{"line":446,"column":24},"end":{"line":446,"column":25}}],"line":446},"34":{"loc":{"start":{"line":471,"column":4},"end":{"line":471,"column":19}},"type":"if","locations":[{"start":{"line":471,"column":4},"end":{"line":471,"column":19}},{"start":{},"end":{}}],"line":471},"35":{"loc":{"start":{"line":487,"column":14},"end":{"line":489,"column":61}},"type":"cond-expr","locations":[{"start":{"line":488,"column":10},"end":{"line":488,"column":21}},{"start":{"line":489,"column":10},"end":{"line":489,"column":61}}],"line":487},"36":{"loc":{"start":{"line":507,"column":22},"end":{"line":509,"column":54}},"type":"cond-expr","locations":[{"start":{"line":508,"column":8},"end":{"line":508,"column":14}},{"start":{"line":509,"column":8},"end":{"line":509,"column":54}}],"line":507},"37":{"loc":{"start":{"line":528,"column":4},"end":{"line":528,"column":33}},"type":"if","locations":[{"start":{"line":528,"column":4},"end":{"line":528,"column":33}},{"start":{},"end":{}}],"line":528},"38":{"loc":{"start":{"line":554,"column":26},"end":{"line":554,"column":52}},"type":"binary-expr","locations":[{"start":{"line":554,"column":26},"end":{"line":554,"column":42}},{"start":{"line":554,"column":46},"end":{"line":554,"column":52}}],"line":554},"39":{"loc":{"start":{"line":577,"column":4},"end":{"line":577,"column":37}},"type":"if","locations":[{"start":{"line":577,"column":4},"end":{"line":577,"column":37}},{"start":{},"end":{}}],"line":577},"40":{"loc":{"start":{"line":577,"column":8},"end":{"line":577,"column":28}},"type":"binary-expr","locations":[{"start":{"line":577,"column":8},"end":{"line":577,"column":14}},{"start":{"line":577,"column":18},"end":{"line":577,"column":28}}],"line":577},"41":{"loc":{"start":{"line":579,"column":4},"end":{"line":579,"column":24}},"type":"if","locations":[{"start":{"line":579,"column":4},"end":{"line":579,"column":24}},{"start":{},"end":{}}],"line":579},"42":{"loc":{"start":{"line":603,"column":6},"end":{"line":605,"column":34}},"type":"cond-expr","locations":[{"start":{"line":604,"column":10},"end":{"line":604,"column":23}},{"start":{"line":605,"column":10},"end":{"line":605,"column":34}}],"line":603},"43":{"loc":{"start":{"line":605,"column":10},"end":{"line":605,"column":34}},"type":"binary-expr","locations":[{"start":{"line":605,"column":10},"end":{"line":605,"column":19}},{"start":{"line":605,"column":23},"end":{"line":605,"column":34}}],"line":605},"44":{"loc":{"start":{"line":607,"column":6},"end":{"line":609,"column":34}},"type":"cond-expr","locations":[{"start":{"line":608,"column":10},"end":{"line":608,"column":23}},{"start":{"line":609,"column":10},"end":{"line":609,"column":34}}],"line":607},"45":{"loc":{"start":{"line":609,"column":10},"end":{"line":609,"column":34}},"type":"binary-expr","locations":[{"start":{"line":609,"column":10},"end":{"line":609,"column":19}},{"start":{"line":609,"column":23},"end":{"line":609,"column":34}}],"line":609},"46":{"loc":{"start":{"line":610,"column":33},"end":{"line":610,"column":65}},"type":"binary-expr","locations":[{"start":{"line":610,"column":33},"end":{"line":610,"column":48}},{"start":{"line":610,"column":52},"end":{"line":610,"column":65}}],"line":610},"47":{"loc":{"start":{"line":613,"column":20},"end":{"line":613,"column":67}},"type":"binary-expr","locations":[{"start":{"line":613,"column":20},"end":{"line":613,"column":29}},{"start":{"line":613,"column":33},"end":{"line":613,"column":42}},{"start":{"line":613,"column":46},"end":{"line":613,"column":67}}],"line":613},"48":{"loc":{"start":{"line":620,"column":26},"end":{"line":620,"column":52}},"type":"binary-expr","locations":[{"start":{"line":620,"column":26},"end":{"line":620,"column":42}},{"start":{"line":620,"column":46},"end":{"line":620,"column":52}}],"line":620},"49":{"loc":{"start":{"line":634,"column":26},"end":{"line":634,"column":53}},"type":"binary-expr","locations":[{"start":{"line":634,"column":26},"end":{"line":634,"column":42}},{"start":{"line":634,"column":46},"end":{"line":634,"column":53}}],"line":634},"50":{"loc":{"start":{"line":647,"column":26},"end":{"line":647,"column":71}},"type":"cond-expr","locations":[{"start":{"line":647,"column":43},"end":{"line":647,"column":59}},{"start":{"line":647,"column":62},"end":{"line":647,"column":71}}],"line":647},"51":{"loc":{"start":{"line":662,"column":4},"end":{"line":670,"column":5}},"type":"if","locations":[{"start":{"line":662,"column":4},"end":{"line":670,"column":5}},{"start":{},"end":{}}],"line":662},"52":{"loc":{"start":{"line":663,"column":6},"end":{"line":665,"column":64}},"type":"binary-expr","locations":[{"start":{"line":663,"column":6},"end":{"line":663,"column":15}},{"start":{"line":665,"column":6},"end":{"line":665,"column":64}}],"line":663},"53":{"loc":{"start":{"line":686,"column":4},"end":{"line":724,"column":5}},"type":"if","locations":[{"start":{"line":686,"column":4},"end":{"line":724,"column":5}},{"start":{"line":718,"column":11},"end":{"line":724,"column":5}}],"line":686},"54":{"loc":{"start":{"line":693,"column":26},"end":{"line":693,"column":52}},"type":"binary-expr","locations":[{"start":{"line":693,"column":26},"end":{"line":693,"column":42}},{"start":{"line":693,"column":46},"end":{"line":693,"column":52}}],"line":693},"55":{"loc":{"start":{"line":718,"column":11},"end":{"line":724,"column":5}},"type":"if","locations":[{"start":{"line":718,"column":11},"end":{"line":724,"column":5}},{"start":{},"end":{}}],"line":718},"56":{"loc":{"start":{"line":720,"column":35},"end":{"line":720,"column":66}},"type":"binary-expr","locations":[{"start":{"line":720,"column":35},"end":{"line":720,"column":49}},{"start":{"line":720,"column":53},"end":{"line":720,"column":66}}],"line":720},"57":{"loc":{"start":{"line":721,"column":6},"end":{"line":723,"column":7}},"type":"if","locations":[{"start":{"line":721,"column":6},"end":{"line":723,"column":7}},{"start":{},"end":{}}],"line":721},"58":{"loc":{"start":{"line":756,"column":4},"end":{"line":758,"column":5}},"type":"if","locations":[{"start":{"line":756,"column":4},"end":{"line":758,"column":5}},{"start":{},"end":{}}],"line":756},"59":{"loc":{"start":{"line":796,"column":16},"end":{"line":796,"column":48}},"type":"cond-expr","locations":[{"start":{"line":796,"column":30},"end":{"line":796,"column":41}},{"start":{"line":796,"column":44},"end":{"line":796,"column":48}}],"line":796},"60":{"loc":{"start":{"line":797,"column":21},"end":{"line":797,"column":58}},"type":"cond-expr","locations":[{"start":{"line":797,"column":35},"end":{"line":797,"column":51}},{"start":{"line":797,"column":54},"end":{"line":797,"column":58}}],"line":797},"61":{"loc":{"start":{"line":798,"column":21},"end":{"line":798,"column":58}},"type":"cond-expr","locations":[{"start":{"line":798,"column":35},"end":{"line":798,"column":51}},{"start":{"line":798,"column":54},"end":{"line":798,"column":58}}],"line":798},"62":{"loc":{"start":{"line":799,"column":20},"end":{"line":799,"column":56}},"type":"cond-expr","locations":[{"start":{"line":799,"column":34},"end":{"line":799,"column":49}},{"start":{"line":799,"column":52},"end":{"line":799,"column":56}}],"line":799},"63":{"loc":{"start":{"line":804,"column":9},"end":{"line":806,"column":64}},"type":"binary-expr","locations":[{"start":{"line":804,"column":9},"end":{"line":804,"column":20}},{"start":{"line":805,"column":10},"end":{"line":805,"column":36}},{"start":{"line":806,"column":10},"end":{"line":806,"column":64}}],"line":804}},"s":{"0":1,"1":1,"2":1,"3":1,"4":1,"5":1,"6":1,"7":11,"8":11,"9":11,"10":11,"11":34,"12":1,"13":33,"14":11,"15":22,"16":0,"17":33,"18":11,"19":11,"20":22,"21":23,"22":19,"23":18,"24":18,"25":18,"26":30,"27":0,"28":30,"29":30,"30":30,"31":11,"32":3,"33":3,"34":3,"35":0,"36":3,"37":3,"38":11,"39":1,"40":1,"41":1,"42":1,"43":1,"44":0,"45":1,"46":1,"47":1,"48":1,"49":1,"50":11,"51":0,"52":0,"53":0,"54":0,"55":0,"56":0,"57":0,"58":0,"59":0,"60":0,"61":0,"62":0,"63":0,"64":0,"65":0,"66":29,"67":0,"68":29,"69":13,"70":11,"71":0,"72":0,"73":0,"74":0,"75":0,"76":0,"77":11,"78":0,"79":0,"80":0,"81":0,"82":0,"83":0,"84":0,"85":0,"86":0,"87":0,"88":0,"89":0,"90":0,"91":0,"92":0,"93":0,"94":0,"95":0,"96":0,"97":0,"98":0,"99":0,"100":0,"101":0,"102":0,"103":0,"104":0,"105":0,"106":0,"107":0,"108":0,"109":0,"110":0,"111":0,"112":0,"113":0,"114":0,"115":0,"116":0,"117":0,"118":0,"119":0,"120":0,"121":0,"122":11,"123":0,"124":0,"125":0,"126":0,"127":0,"128":0,"129":0,"130":0,"131":30,"132":30,"133":29,"134":1,"135":1,"136":536,"137":4,"138":532,"139":532,"140":0,"141":532,"142":532,"143":532,"144":532,"145":532,"146":532,"147":532,"148":11,"149":4,"150":0,"151":0,"152":4,"153":4,"154":4,"155":4,"156":4,"157":3,"158":3,"159":3,"160":1,"161":1,"162":1,"163":1,"164":1,"165":4,"166":4,"167":11,"168":0,"169":0,"170":0,"171":0,"172":0,"173":11,"174":0,"175":0,"176":0,"177":11,"178":0,"179":0,"180":0,"181":11,"182":0,"183":0,"184":0,"185":0,"186":0,"187":0,"188":0,"189":0,"190":0,"191":30,"192":30,"193":30,"194":30,"195":531},"f":{"0":11,"1":34,"2":23,"3":19,"4":30,"5":3,"6":1,"7":0,"8":29,"9":0,"10":0,"11":0,"12":0,"13":0,"14":0,"15":30,"16":536,"17":4,"18":0,"19":0,"20":0,"21":0,"22":0,"23":0,"24":30,"25":531},"b":{"0":[1,33],"1":[11,22],"2":[33,22],"3":[0,22],"4":[11,22],"5":[23,19,16,15,8],"6":[18,1],"7":[0,30],"8":[5,25],"9":[0,3],"10":[0,1],"11":[0,1],"12":[0,0],"13":[0,0],"14":[0,0],"15":[0,29],"16":[13,16],"17":[0,0],"18":[0,0],"19":[0,0],"20":[0,0],"21":[0,0],"22":[0,0],"23":[0,0],"24":[0,0],"25":[0,0],"26":[0,0],"27":[0,0],"28":[0,0],"29":[0,0],"30":[0,0],"31":[0,0],"32":[0,0],"33":[0,0],"34":[0,0],"35":[0,0],"36":[0,0],"37":[29,1],"38":[1,0],"39":[4,532],"40":[536,532],"41":[0,532],"42":[5,527],"43":[527,497],"44":[0,532],"45":[532,502],"46":[532,532],"47":[532,502,0],"48":[532,404],"49":[532,432],"50":[5,527],"51":[0,4],"52":[4,0],"53":[3,1],"54":[3,2],"55":[1,0],"56":[1,0],"57":[1,0],"58":[0,0],"59":[11,19],"60":[11,19],"61":[11,19],"62":[11,19],"63":[30,11,5]},"_coverageSchema":"1a1c01bbd47fc00a2c39e90264f33305004495a9","hash":"d27381cb6095ccfb9ec7665498461819662a9eb9"}
,"/Users/an/WebstormProjects/react-gl/react-grid-layout/lib/ReactGridLayoutPropTypes.js": {"path":"/Users/an/WebstormProjects/react-gl/react-grid-layout/lib/ReactGridLayoutPropTypes.js","statementMap":{"0":{"start":{"line":49,"column":2},"end":{"line":51,"column":3}},"1":{"start":{"line":54,"column":2},"end":{"line":54,"column":55}},"2":{"start":{"line":128,"column":4},"end":{"line":137,"column":5}},"3":{"start":{"line":132,"column":6},"end":{"line":136,"column":8}},"4":{"start":{"line":148,"column":17},"end":{"line":148,"column":29}},"5":{"start":{"line":150,"column":4},"end":{"line":150,"column":37}},"6":{"start":{"line":150,"column":30},"end":{"line":150,"column":37}},"7":{"start":{"line":151,"column":4},"end":{"line":151,"column":56}},"8":{"start":{"line":229,"column":21},"end":{"line":229,"column":36}},"9":{"start":{"line":232,"column":17},"end":{"line":232,"column":19}},"10":{"start":{"line":233,"column":4},"end":{"line":243,"column":7}},"11":{"start":{"line":234,"column":6},"end":{"line":234,"column":37}},"12":{"start":{"line":234,"column":30},"end":{"line":234,"column":37}},"13":{"start":{"line":235,"column":6},"end":{"line":241,"column":7}},"14":{"start":{"line":236,"column":8},"end":{"line":240,"column":10}},"15":{"start":{"line":242,"column":6},"end":{"line":242,"column":29}}},"fnMap":{"0":{"name":"(anonymous_0)","decl":{"start":{"line":127,"column":19},"end":{"line":127,"column":20}},"loc":{"start":{"line":127,"column":43},"end":{"line":138,"column":3}},"line":127},"1":{"name":"(anonymous_1)","decl":{"start":{"line":147,"column":10},"end":{"line":147,"column":11}},"loc":{"start":{"line":147,"column":34},"end":{"line":152,"column":3}},"line":147},"2":{"name":"(anonymous_2)","decl":{"start":{"line":228,"column":12},"end":{"line":228,"column":13}},"loc":{"start":{"line":228,"column":54},"end":{"line":244,"column":3}},"line":228},"3":{"name":"(anonymous_3)","decl":{"start":{"line":233,"column":37},"end":{"line":233,"column":38}},"loc":{"start":{"line":233,"column":54},"end":{"line":243,"column":5}},"line":233}},"branchMap":{"0":{"loc":{"start":{"line":128,"column":4},"end":{"line":137,"column":5}},"type":"if","locations":[{"start":{"line":128,"column":4},"end":{"line":137,"column":5}},{"start":{},"end":{}}],"line":128},"1":{"loc":{"start":{"line":129,"column":6},"end":{"line":130,"column":43}},"type":"binary-expr","locations":[{"start":{"line":129,"column":6},"end":{"line":129,"column":37}},{"start":{"line":130,"column":6},"end":{"line":130,"column":43}}],"line":129},"2":{"loc":{"start":{"line":150,"column":4},"end":{"line":150,"column":37}},"type":"if","locations":[{"start":{"line":150,"column":4},"end":{"line":150,"column":37}},{"start":{},"end":{}}],"line":150},"3":{"loc":{"start":{"line":234,"column":6},"end":{"line":234,"column":37}},"type":"if","locations":[{"start":{"line":234,"column":6},"end":{"line":234,"column":37}},{"start":{},"end":{}}],"line":234},"4":{"loc":{"start":{"line":235,"column":6},"end":{"line":241,"column":7}},"type":"if","locations":[{"start":{"line":235,"column":6},"end":{"line":241,"column":7}},{"start":{},"end":{}}],"line":235}},"s":{"0":1,"1":1,"2":21,"3":0,"4":21,"5":21,"6":0,"7":21,"8":21,"9":21,"10":21,"11":326,"12":4,"13":322,"14":0,"15":322},"f":{"0":21,"1":21,"2":21,"3":326},"b":{"0":[0,21],"1":[21,0],"2":[0,21],"3":[4,322],"4":[0,322]},"_coverageSchema":"1a1c01bbd47fc00a2c39e90264f33305004495a9","hash":"4635470eccaa8a4796df9510abac2dcf03db7fe3"}
,"/Users/an/WebstormProjects/react-gl/react-grid-layout/lib/ResponsiveReactGridLayout.jsx": {"path":"/Users/an/WebstormProjects/react-gl/react-grid-layout/lib/ResponsiveReactGridLayout.jsx","statementMap":{"0":{"start":{"line":25,"column":13},"end":{"line":25,"column":55}},"1":{"start":{"line":25,"column":20},"end":{"line":25,"column":55}},"2":{"start":{"line":39,"column":2},"end":{"line":39,"column":33}},"3":{"start":{"line":39,"column":21},"end":{"line":39,"column":33}},"4":{"start":{"line":41,"column":2},"end":{"line":41,"column":58}},"5":{"start":{"line":96,"column":21},"end":{"line":161,"column":3}},"6":{"start":{"line":128,"column":6},"end":{"line":133,"column":7}},"7":{"start":{"line":129,"column":8},"end":{"line":132,"column":10}},"8":{"start":{"line":134,"column":6},"end":{"line":141,"column":9}},"9":{"start":{"line":135,"column":8},"end":{"line":139,"column":9}},"10":{"start":{"line":136,"column":10},"end":{"line":138,"column":12}},"11":{"start":{"line":140,"column":8},"end":{"line":140,"column":61}},"12":{"start":{"line":163,"column":38},"end":{"line":173,"column":3}},"13":{"start":{"line":175,"column":17},"end":{"line":175,"column":44}},"14":{"start":{"line":178,"column":50},"end":{"line":178,"column":60}},"15":{"start":{"line":179,"column":23},"end":{"line":179,"column":65}},"16":{"start":{"line":180,"column":18},"end":{"line":180,"column":57}},"17":{"start":{"line":183,"column":6},"end":{"line":183,"column":74}},"18":{"start":{"line":186,"column":26},"end":{"line":193,"column":5}},"19":{"start":{"line":195,"column":4},"end":{"line":199,"column":6}},"20":{"start":{"line":206,"column":4},"end":{"line":221,"column":5}},"21":{"start":{"line":208,"column":35},"end":{"line":208,"column":44}},"22":{"start":{"line":212,"column":24},"end":{"line":219,"column":7}},"23":{"start":{"line":220,"column":6},"end":{"line":220,"column":63}},"24":{"start":{"line":223,"column":4},"end":{"line":223,"column":16}},"25":{"start":{"line":228,"column":4},"end":{"line":235,"column":5}},"26":{"start":{"line":234,"column":6},"end":{"line":234,"column":36}},"27":{"start":{"line":239,"column":35},"end":{"line":244,"column":3}},"28":{"start":{"line":240,"column":4},"end":{"line":243,"column":7}},"29":{"start":{"line":251,"column":56},"end":{"line":251,"column":66}},"30":{"start":{"line":253,"column":6},"end":{"line":254,"column":70}},"31":{"start":{"line":256,"column":27},"end":{"line":256,"column":48}},"32":{"start":{"line":257,"column":28},"end":{"line":257,"column":70}},"33":{"start":{"line":258,"column":23},"end":{"line":258,"column":37}},"34":{"start":{"line":261,"column":4},"end":{"line":301,"column":5}},"35":{"start":{"line":267,"column":6},"end":{"line":268,"column":68}},"36":{"start":{"line":268,"column":8},"end":{"line":268,"column":68}},"37":{"start":{"line":271,"column":19},"end":{"line":278,"column":7}},"38":{"start":{"line":281,"column":6},"end":{"line":287,"column":8}},"39":{"start":{"line":290,"column":6},"end":{"line":290,"column":41}},"40":{"start":{"line":293,"column":6},"end":{"line":293,"column":52}},"41":{"start":{"line":294,"column":6},"end":{"line":294,"column":60}},"42":{"start":{"line":296,"column":6},"end":{"line":300,"column":9}},"43":{"start":{"line":303,"column":19},"end":{"line":303,"column":72}},"44":{"start":{"line":304,"column":29},"end":{"line":307,"column":5}},"45":{"start":{"line":310,"column":4},"end":{"line":315,"column":6}},"46":{"start":{"line":331,"column":8},"end":{"line":331,"column":18}},"47":{"start":{"line":334,"column":4},"end":{"line":347,"column":6}}},"fnMap":{"0":{"name":"(anonymous_0)","decl":{"start":{"line":25,"column":13},"end":{"line":25,"column":14}},"loc":{"start":{"line":25,"column":20},"end":{"line":25,"column":55}},"line":25},"1":{"name":"getIndentationValue","decl":{"start":{"line":34,"column":9},"end":{"line":34,"column":28}},"loc":{"start":{"line":37,"column":5},"end":{"line":42,"column":1}},"line":37},"2":{"name":"(anonymous_2)","decl":{"start":{"line":127,"column":4},"end":{"line":127,"column":5}},"loc":{"start":{"line":127,"column":46},"end":{"line":142,"column":5}},"line":127},"3":{"name":"(anonymous_3)","decl":{"start":{"line":134,"column":43},"end":{"line":134,"column":44}},"loc":{"start":{"line":134,"column":50},"end":{"line":141,"column":7}},"line":134},"4":{"name":"(anonymous_4)","decl":{"start":{"line":177,"column":2},"end":{"line":177,"column":3}},"loc":{"start":{"line":177,"column":32},"end":{"line":200,"column":3}},"line":177},"5":{"name":"(anonymous_5)","decl":{"start":{"line":202,"column":2},"end":{"line":202,"column":3}},"loc":{"start":{"line":205,"column":20},"end":{"line":224,"column":3}},"line":205},"6":{"name":"(anonymous_6)","decl":{"start":{"line":226,"column":2},"end":{"line":226,"column":3}},"loc":{"start":{"line":226,"column":42},"end":{"line":236,"column":3}},"line":226},"7":{"name":"(anonymous_7)","decl":{"start":{"line":239,"column":35},"end":{"line":239,"column":36}},"loc":{"start":{"line":239,"column":55},"end":{"line":244,"column":3}},"line":239},"8":{"name":"(anonymous_8)","decl":{"start":{"line":250,"column":2},"end":{"line":250,"column":3}},"loc":{"start":{"line":250,"column":37},"end":{"line":316,"column":3}},"line":250},"9":{"name":"(anonymous_9)","decl":{"start":{"line":318,"column":2},"end":{"line":318,"column":3}},"loc":{"start":{"line":318,"column":50},"end":{"line":348,"column":3}},"line":318}},"branchMap":{"0":{"loc":{"start":{"line":39,"column":2},"end":{"line":39,"column":33}},"type":"if","locations":[{"start":{"line":39,"column":2},"end":{"line":39,"column":33}},{"start":{},"end":{}}],"line":39},"1":{"loc":{"start":{"line":41,"column":9},"end":{"line":41,"column":57}},"type":"cond-expr","locations":[{"start":{"line":41,"column":32},"end":{"line":41,"column":37}},{"start":{"line":41,"column":40},"end":{"line":41,"column":57}}],"line":41},"2":{"loc":{"start":{"line":128,"column":6},"end":{"line":133,"column":7}},"type":"if","locations":[{"start":{"line":128,"column":6},"end":{"line":133,"column":7}},{"start":{},"end":{}}],"line":128},"3":{"loc":{"start":{"line":135,"column":8},"end":{"line":139,"column":9}},"type":"if","locations":[{"start":{"line":135,"column":8},"end":{"line":139,"column":9}},{"start":{},"end":{}}],"line":135},"4":{"loc":{"start":{"line":183,"column":6},"end":{"line":183,"column":74}},"type":"cond-expr","locations":[{"start":{"line":183,"column":45},"end":{"line":183,"column":49}},{"start":{"line":183,"column":52},"end":{"line":183,"column":74}}],"line":183},"5":{"loc":{"start":{"line":206,"column":4},"end":{"line":221,"column":5}},"type":"if","locations":[{"start":{"line":206,"column":4},"end":{"line":221,"column":5}},{"start":{},"end":{}}],"line":206},"6":{"loc":{"start":{"line":228,"column":4},"end":{"line":235,"column":5}},"type":"if","locations":[{"start":{"line":228,"column":4},"end":{"line":235,"column":5}},{"start":{},"end":{}}],"line":228},"7":{"loc":{"start":{"line":229,"column":6},"end":{"line":232,"column":49}},"type":"binary-expr","locations":[{"start":{"line":229,"column":6},"end":{"line":229,"column":41}},{"start":{"line":230,"column":6},"end":{"line":230,"column":52}},{"start":{"line":231,"column":6},"end":{"line":231,"column":63}},{"start":{"line":232,"column":6},"end":{"line":232,"column":49}}],"line":229},"8":{"loc":{"start":{"line":253,"column":6},"end":{"line":254,"column":70}},"type":"binary-expr","locations":[{"start":{"line":253,"column":6},"end":{"line":253,"column":27}},{"start":{"line":254,"column":6},"end":{"line":254,"column":70}}],"line":253},"9":{"loc":{"start":{"line":261,"column":4},"end":{"line":301,"column":5}},"type":"if","locations":[{"start":{"line":261,"column":4},"end":{"line":301,"column":5}},{"start":{},"end":{}}],"line":261},"10":{"loc":{"start":{"line":262,"column":6},"end":{"line":264,"column":29}},"type":"binary-expr","locations":[{"start":{"line":262,"column":6},"end":{"line":262,"column":38}},{"start":{"line":263,"column":6},"end":{"line":263,"column":43}},{"start":{"line":264,"column":6},"end":{"line":264,"column":29}}],"line":262},"11":{"loc":{"start":{"line":267,"column":6},"end":{"line":268,"column":68}},"type":"if","locations":[{"start":{"line":267,"column":6},"end":{"line":268,"column":68}},{"start":{},"end":{}}],"line":267}},"s":{"0":1,"1":12,"2":26,"3":0,"4":26,"5":1,"6":12,"7":0,"8":12,"9":12,"10":0,"11":12,"12":1,"13":5,"14":5,"15":5,"16":5,"17":5,"18":5,"19":5,"20":12,"21":5,"22":5,"23":5,"24":7,"25":7,"26":1,"27":5,"28":7,"29":1,"30":1,"31":1,"32":1,"33":1,"34":1,"35":1,"36":0,"37":1,"38":1,"39":1,"40":1,"41":1,"42":1,"43":1,"44":1,"45":1,"46":12,"47":12},"f":{"0":12,"1":26,"2":12,"3":12,"4":5,"5":12,"6":7,"7":7,"8":1,"9":12},"b":{"0":[0,26],"1":[15,11],"2":[0,12],"3":[0,12],"4":[0,5],"5":[5,7],"6":[1,6],"7":[7,6,6,6],"8":[1,0],"9":[1,0],"10":[1,0,0],"11":[0,1]},"_coverageSchema":"1a1c01bbd47fc00a2c39e90264f33305004495a9","hash":"bdb00511616246299a215d366944af8ad99250b2"}
,"/Users/an/WebstormProjects/react-gl/react-grid-layout/lib/calculateUtils.js": {"path":"/Users/an/WebstormProjects/react-gl/react-grid-layout/lib/calculateUtils.js","statementMap":{"0":{"start":{"line":15,"column":61},"end":{"line":15,"column":75}},"1":{"start":{"line":16,"column":2},"end":{"line":18,"column":4}},"2":{"start":{"line":31,"column":2},"end":{"line":31,"column":52}},"3":{"start":{"line":31,"column":35},"end":{"line":31,"column":52}},"4":{"start":{"line":32,"column":2},"end":{"line":34,"column":4}},"5":{"start":{"line":55,"column":50},"end":{"line":55,"column":64}},"6":{"start":{"line":56,"column":19},"end":{"line":56,"column":51}},"7":{"start":{"line":57,"column":14},"end":{"line":57,"column":16}},"8":{"start":{"line":60,"column":2},"end":{"line":68,"column":3}},"9":{"start":{"line":61,"column":4},"end":{"line":61,"column":49}},"10":{"start":{"line":62,"column":4},"end":{"line":62,"column":51}},"11":{"start":{"line":66,"column":4},"end":{"line":66,"column":57}},"12":{"start":{"line":67,"column":4},"end":{"line":67,"column":59}},"13":{"start":{"line":71,"column":2},"end":{"line":87,"column":3}},"14":{"start":{"line":72,"column":4},"end":{"line":72,"column":45}},"15":{"start":{"line":73,"column":4},"end":{"line":73,"column":47}},"16":{"start":{"line":74,"column":9},"end":{"line":87,"column":3}},"17":{"start":{"line":80,"column":4},"end":{"line":80,"column":45}},"18":{"start":{"line":81,"column":4},"end":{"line":81,"column":47}},"19":{"start":{"line":85,"column":4},"end":{"line":85,"column":76}},"20":{"start":{"line":86,"column":4},"end":{"line":86,"column":76}},"21":{"start":{"line":89,"column":2},"end":{"line":89,"column":13}},"22":{"start":{"line":108,"column":47},"end":{"line":108,"column":61}},"23":{"start":{"line":109,"column":19},"end":{"line":109,"column":51}},"24":{"start":{"line":118,"column":10},"end":{"line":118,"column":65}},"25":{"start":{"line":119,"column":10},"end":{"line":119,"column":65}},"26":{"start":{"line":122,"column":2},"end":{"line":122,"column":28}},"27":{"start":{"line":123,"column":2},"end":{"line":123,"column":31}},"28":{"start":{"line":124,"column":2},"end":{"line":124,"column":18}},"29":{"start":{"line":145,"column":47},"end":{"line":145,"column":61}},"30":{"start":{"line":146,"column":19},"end":{"line":146,"column":51}},"31":{"start":{"line":151,"column":10},"end":{"line":151,"column":66}},"32":{"start":{"line":152,"column":10},"end":{"line":152,"column":68}},"33":{"start":{"line":155,"column":11},"end":{"line":155,"column":32}},"34":{"start":{"line":156,"column":11},"end":{"line":156,"column":35}},"35":{"start":{"line":157,"column":2},"end":{"line":159,"column":3}},"36":{"start":{"line":158,"column":4},"end":{"line":158,"column":27}},"37":{"start":{"line":160,"column":2},"end":{"line":162,"column":3}},"38":{"start":{"line":161,"column":4},"end":{"line":161,"column":30}},"39":{"start":{"line":163,"colum
[...]
n":31},"end":{"line":29,"column":3}},"2":{"start":{"line":31,"column":17},"end":{"line":36,"column":3}},"3":{"start":{"line":39,"column":4},"end":{"line":39,"column":37}},"4":{"start":{"line":43,"column":4},"end":{"line":58,"column":7}},"5":{"start":{"line":44,"column":6},"end":{"line":57,"column":8}},"6":{"start":{"line":61,"column":45},"end":{"line":65,"column":3}},"7":{"start":{"line":62,"column":4},"end":{"line":64,"column":7}},"8":{"start":{"line":67,"column":36},"end":{"line":76,"column":3}},"9":{"start":{"line":68,"column":44},"end":{"line":68,"column":54}},"10":{"start":{"line":70,"column":6},"end":{"line":74,"column":22}},"11":{"start":{"line":75,"column":4},"end":{"line":75,"column":35}},"12":{"start":{"line":78,"column":43},"end":{"line":80,"column":3}},"13":{"start":{"line":79,"column":4},"end":{"line":79,"column":47}},"14":{"start":{"line":82,"column":30},"end":{"line":86,"column":3}},"15":{"start":{"line":83,"column":4},"end":{"line":85,"column":7}},"16":{"start":{"line":88,"column":66},"end":{"line":90,"column":3}},"17":{"start":{"line":89,"column":4},"end":{"line":89,"column":63}},"18":{"start":{"line":94,"column":4},"end":{"line":125,"column":6}},"19":{"start":{"line":130,"column":2},"end":{"line":140,"column":5}},"20":{"start":{"line":131,"column":12},"end":{"line":131,"column":44}},"21":{"start":{"line":132,"column":4},"end":{"line":139,"column":6}},"22":{"start":{"line":143,"column":0},"end":{"line":145,"column":1}},"23":{"start":{"line":144,"column":2},"end":{"line":144,"column":68}},"24":{"start":{"line":144,"column":40},"end":{"line":144,"column":66}}},"fnMap":{"0":{"name":"(anonymous_0)","decl":{"start":{"line":27,"column":20},"end":{"line":27,"column":21}},"loc":{"start":{"line":27,"column":31},"end":{"line":27,"column":33}},"line":27},"1":{"name":"(anonymous_1)","decl":{"start":{"line":38,"column":2},"end":{"line":38,"column":3}},"loc":{"start":{"line":38,"column":22},"end":{"line":40,"column":3}},"line":38},"2":{"name":"(anonymous_2)","decl":{"start":{"line":42,"column":2},"end":{"line":42,"column":3}},"loc":{"start":{"line":42,"column":31},"end":{"line":59,"column":3}},"line":42},"3":{"name":"(anonymous_3)","decl":{"start":{"line":43,"column":40},"end":{"line":43,"column":41}},"loc":{"start":{"line":43,"column":55},"end":{"line":58,"column":5}},"line":43},"4":{"name":"(anonymous_4)","decl":{"start":{"line":61,"column":45},"end":{"line":61,"column":46}},"loc":{"start":{"line":61,"column":61},"end":{"line":65,"column":3}},"line":61},"5":{"name":"(anonymous_5)","decl":{"start":{"line":67,"column":36},"end":{"line":67,"column":37}},"loc":{"start":{"line":67,"column":42},"end":{"line":76,"column":3}},"line":67},"6":{"name":"(anonymous_6)","decl":{"start":{"line":78,"column":43},"end":{"line":78,"column":44}},"loc":{"start":{"line":78,"column":64},"end":{"line":80,"column":3}},"line":78},"7":{"name":"(anonymous_7)","decl":{"start":{"line":82,"column":30},"end":{"line":82,"column":31}},"loc":{"start":{"line":82,"column":36},"end":{"line":86,"column":3}},"line":82},"8":{"name":"(anonymous_8)","decl":{"start":{"line":88,"column":66},"end":{"line":88,"column":67}},"loc":{"start":{"line":88,"column":82},"end":{"line":90,"column":3}},"line":88},"9":{"name":"(anonymous_9)","decl":{"start":{"line":92,"column":2},"end":{"line":92,"column":3}},"loc":{"start":{"line":92,"column":23},"end":{"line":126,"column":3}},"line":92},"10":{"name":"generateLayout","decl":{"start":{"line":129,"column":9},"end":{"line":129,"column":23}},"loc":{"start":{"line":129,"column":26},"end":{"line":141,"column":1}},"line":129},"11":{"name":"(anonymous_11)","decl":{"start":{"line":130,"column":31},"end":{"line":130,"column":32}},"loc":{"start":{"line":130,"column":49},"end":{"line":140,"column":3}},"line":130},"12":{"name":"(anonymous_12)","decl":{"start":{"line":144,"column":34},"end":{"line":144,"column":35}},"loc":{"start":{"line":144,"column":40},"end":{"line":144,"column":66}},"line":144}},"branchMap":{"0":{"loc":{"start":{"line":45,"column":32},"end":{"line":45,"column":56}},"type":"cond-expr","locations":[{"start":{"line":45,"column":43},"end":{"line":45,"column":51}},{"start":{"line":45,"column":54},"end":{"line":45,"column":56}}],"line":45},"1":{"loc":{"start":{"line":46,"column":11},"end":{"line":55,"column":11}},"type":"cond-expr","locations":[{"start":{"line":47,"column":12},"end":{"line":52,"column":19}},{"start":{"line":54,"column":12},"end":{"line":54,"column":45}}],"line":46},"2":{"loc":{"start":{"line":70,"column":6},"end":{"line":74,"column":22}},"type":"cond-expr","locations":[{"start":{"line":71,"column":10},"end":{"line":71,"column":20}},{"start":{"line":72,"column":10},"end":{"line":74,"column":22}}],"line":70},"3":{"loc":{"start":{"line":72,"column":10},"end":{"line":74,"column":22}},"type":"cond-expr","locations":[{"start":{"line":73,"column":10},"end":{"line":73,"column":14}},{"start":{"line":74,"column":10},"end":{"line":74,"column":22}}],"line":72},"4":{"loc":{"start":{"line":102,"column":11},"end":{"line":102,"column":66}},"type":"binary-expr","locations":[{"start":{"line":102,"column":11},"end":{"line":102,"column":47}},{"start":{"line":102,"column":51},"end":{"line":102,"column":66}}],"line":102},"5":{"loc":{"start":{"line":143,"column":0},"end":{"line":145,"column":1}},"type":"if","locations":[{"start":{"line":143,"column":0},"end":{"line":145,"column":1}},{"start":{},"end":{}}],"line":143}},"s":{"0":1,"1":1,"2":1,"3":1,"4":2,"5":50,"6":1,"7":0,"8":1,"9":0,"10":0,"11":0,"12":1,"13":1,"14":1,"15":0,"16":1,"17":0,"18":2,"19":1,"20":25,"21":25,"22":1,"23":0,"24":0},"f":{"0":1,"1":1,"2":2,"3":50,"4":0,"5":0,"6":1,"7":0,"8":0,"9":2,"10":1,"11":25,"12":0},"b":{"0":[4,46],"1":[4,46],"2":[0,0],"3":[0,0],"4":[2,0],"5":[0,1]},"_coverageSchema":"1a1c01bbd47fc00a2c39e90264f33305004495a9","hash":"a055eb6804dbc17f6ed9d22576726ecd02fdce03"}
,"/Users/an/WebstormProjects/react-gl/react-grid-layout/test/examples/1-basic.jsx": {"path":"/Users/an/WebstormProjects/react-gl/react-grid-layout/test/examples/1-basic.jsx","statementMap":{"0":{"start":{"line":5,"column":24},"end":{"line":5,"column":42}},"1":{"start":{"line":8,"column":24},"end":{"line":14,"column":3}},"2":{"start":{"line":17,"column":4},"end":{"line":17,"column":17}},"3":{"start":{"line":19,"column":19},"end":{"line":19,"column":40}},"4":{"start":{"line":20,"column":4},"end":{"line":20,"column":28}},"5":{"start":{"line":24,"column":4},"end":{"line":30,"column":7}},"6":{"start":{"line":25,"column":6},"end":{"line":29,"column":8}},"7":{"start":{"line":34,"column":14},"end":{"line":34,"column":24}},"8":{"start":{"line":35,"column":4},"end":{"line":44,"column":7}},"9":{"start":{"line":36,"column":16},"end":{"line":36,"column":68}},"10":{"start":{"line":37,"column":6},"end":{"line":43,"column":8}},"11":{"start":{"line":48,"column":4},"end":{"line":48,"column":38}},"12":{"start":{"line":52,"column":4},"end":{"line":60,"column":6}},"13":{"start":{"line":64,"column":0},"end":{"line":66,"column":1}},"14":{"start":{"line":65,"column":2},"end":{"line":65,"column":65}},"15":{"start":{"line":65,"column":40},"end":{"line":65,"column":63}}},"fnMap":{"0":{"name":"(anonymous_0)","decl":{"start":{"line":12,"column":20},"end":{"line":12,"column":21}},"loc":{"start":{"line":12,"column":31},"end":{"line":12,"column":33}},"line":12},"1":{"name":"(anonymous_1)","decl":{"start":{"line":16,"column":2},"end":{"line":16,"column":3}},"loc":{"start":{"line":16,"column":21},"end":{"line":21,"column":3}},"line":16},"2":{"name":"(anonymous_2)","decl":{"start":{"line":23,"column":2},"end":{"line":23,"column":3}},"loc":{"start":{"line":23,"column":16},"end":{"line":31,"column":3}},"line":23},"3":{"name":"(anonymous_3)","decl":{"start":{"line":24,"column":44},"end":{"line":24,"column":45}},"loc":{"start":{"line":24,"column":56},"end":{"line":30,"column":5}},"line":24},"4":{"name":"(anonymous_4)","decl":{"start":{"line":33,"column":2},"end":{"line":33,"column":3}},"loc":{"start":{"line":33,"column":19},"end":{"line":45,"column":3}},"line":33},"5":{"name":"(anonymous_5)","decl":{"start":{"line":35,"column":37},"end":{"line":35,"column":38}},"loc":{"start":{"line":35,"column":55},"end":{"line":44,"column":5}},"line":35},"6":{"name":"(anonymous_6)","decl":{"start":{"line":47,"column":2},"end":{"line":47,"column":3}},"loc":{"start":{"line":47,"column":25},"end":{"line":49,"column":3}},"line":47},"7":{"name":"(anonymous_7)","decl":{"start":{"line":51,"column":2},"end":{"line":51,"column":3}},"loc":{"start":{"line":51,"column":11},"end":{"line":61,"column":3}},"line":51},"8":{"name":"(anonymous_8)","decl":{"start":{"line":65,"column":34},"end":{"line":65,"column":35}},"loc":{"start":{"line":65,"column":40},"end":{"line":65,"column":63}},"line":65}},"branchMap":{"0":{"loc":{"start":{"line":36,"column":16},"end":{"line":36,"column":68}},"type":"binary-expr","locations":[{"start":{"line":36,"column":16},"end":{"line":36,"column":32}},{"start":{"line":36,"column":36},"end":{"line":36,"column":68}}],"line":36},"1":{"loc":{"start":{"line":64,"column":0},"end":{"line":66,"column":1}},"type":"if","locations":[{"start":{"line":64,"column":0},"end":{"line":66,"column":1}},{"start":{},"end":{}}],"line":64}},"s":{"0":1,"1":1,"2":4,"3":4,"4":4,"5":4,"6":80,"7":4,"8":4,"9":80,"10":80,"11":0,"12":4,"13":1,"14":0,"15":0},"f":{"0":4,"1":4,"2":4,"3":80,"4":4,"5":80,"6":0,"7":4,"8":0},"b":{"0":[80,80],"1":[0,1]},"_coverageSchema":"1a1c01bbd47fc00a2c39e90264f33305004495a9","hash":"3f734d4d5ad0f1c1eabed8005c2b045583d4a8b5"}
,"/Users/an/WebstormProjects/react-gl/react-grid-layout/test/examples/15-drag-from-outside.jsx": {"path":"/Users/an/WebstormProjects/react-gl/react-grid-layout/test/examples/15-drag-from-outside.jsx","statementMap":{"0":{"start":{"line":4,"column":34},"end":{"line":4,"column":59}},"1":{"start":{"line":7,"column":24},"end":{"line":12,"column":3}},"2":{"start":{"line":14,"column":10},"end":{"line":19,"column":3}},"3":{"start":{"line":22,"column":4},"end":{"line":22,"column":37}},"4":{"start":{"line":26,"column":4},"end":{"line":41,"column":7}},"5":{"start":{"line":27,"column":6},"end":{"line":40,"column":8}},"6":{"start":{"line":44,"column":23},"end":{"line":48,"column":3}},"7":{"start":{"line":45,"column":4},"end":{"line":47,"column":7}},"8":{"start":{"line":50,"column":24},"end":{"line":59,"column":3}},"9":{"start":{"line":51,"column":44},"end":{"line":51,"column":54}},"10":{"start":{"line":53,"column":6},"end":{"line":57,"column":22}},"11":{"start":{"line":58,"column":4},"end":{"line":58,"column":35}},"12":{"start":{"line":61,"column":19},"end":{"line":63,"column":3}},"13":{"start":{"line":62,"column":4},"end":{"line":62,"column":47}},"14":{"start":{"line":65,"column":16},"end":{"line":69,"column":3}},"15":{"start":{"line":66,"column":4},"end":{"line":68,"column":7}},"16":{"start":{"line":71,"column":11},"end":{"line":73,"column":3}},"17":{"start":{"line":72,"column":4},"end":{"line":72,"column":92}},"18":{"start":{"line":76,"column":4},"end":{"line":120,"column":6}},"19":{"start":{"line":98,"column":28},"end":{"line":98,"column":68}},"20":{"start":{"line":125,"column":2},"end":{"line":135,"column":5}},"21":{"start":{"line":126,"column":12},"end":{"line":126,"column":44}},"22":{"start":{"line":127,"column":4},"end":{"line":134,"column":6}},"23":{"start":{"line":138,"column":0},"end":{"line":140,"column":1}},"24":{"start":{"line":139,"column":2},"end":{"line":139,"column":75}},"25":{"start":{"line":139,"column":40},"end":{"line":139,"column":73}}},"fnMap":{"0":{"name":"(anonymous_0)","decl":{"start":{"line":10,"column":20},"end":{"line":10,"column":21}},"loc":{"start":{"line":10,"column":31},"end":{"line":10,"column":33}},"line":10},"1":{"name":"(anonymous_1)","decl":{"start":{"line":21,"column":2},"end":{"line":21,"column":3}},"loc":{"start":{"line":21,"column":22},"end":{"line":23,"column":3}},"line":21},"2":{"name":"(anonymous_2)","decl":{"start":{"line":25,"column":2},"end":{"line":25,"column":3}},"loc":{"start":{"line":25,"column":16},"end":{"line":42,"column":3}},"line":25},"3":{"name":"(anonymous_3)","decl":{"start":{"line":26,"column":40},"end":{"line":26,"column":41}},"loc":{"start":{"line":26,"column":55},"end":{"line":41,"column":5}},"line":26},"4":{"name":"(anonymous_4)","decl":{"start":{"line":44,"column":23},"end":{"line":44,"column":24}},"loc":{"start":{"line":44,"column":37},"end":{"line":48,"column":3}},"line":44},"5":{"name":"(anonymous_5)","decl":{"start":{"line":50,"column":24},"end":{"line":50,"column":25}},"loc":{"start":{"line":50,"column":30},"end":{"line":59,"column":3}},"line":50},"6":{"name":"(anonymous_6)","decl":{"start":{"line":61,"column":19},"end":{"line":61,"column":20}},"loc":{"start":{"line":61,"column":40},"end":{"line":63,"column":3}},"line":61},"7":{"name":"(anonymous_7)","decl":{"start":{"line":65,"column":16},"end":{"line":65,"column":17}},"loc":{"start":{"line":65,"column":22},"end":{"line":69,"column":3}},"line":65},"8":{"name":"(anonymous_8)","decl":{"start":{"line":71,"column":11},"end":{"line":71,"column":12}},"loc":{"start":{"line":71,"column":43},"end":{"line":73,"column":3}},"line":71},"9":{"name":"(anonymous_9)","decl":{"start":{"line":75,"column":2},"end":{"line":75,"column":3}},"loc":{"start":{"line":75,"column":11},"end":{"line":121,"column":3}},"line":75},"10":{"name":"(anonymous_10)","decl":{"start":{"line":98,"column":23},"end":{"line":98,"column":24}},"loc":{"start":{"line":98,"column":28},"end":{"line":98,"column":68}},"line":98},"11":{"name":"generateLayout","decl":{"start":{"line":124,"column":9},"end":{"line":124,"column":23}},"loc":{"start":{"line":124,"column":26},"end":{"line":136,"column":1}},"line":124},"12":{"name":"(anonymous_12)","decl":{"start":{"line":125,"column":31},"end":{"line":125,"column":32}},"loc":{"start":{"line":125,"column":49},"end":{"line":135,"column":3}},"line":125},"13":{"name":"(anonymous_13)","decl":{"start":{"line":139,"column":34},"end":{"line":139,"column":35}},"loc":{"start":{"line":139,"column":40},"end":{"line":139,"column":73}},"line":139}},"branchMap":{"0":{"loc":{"start":{"line":28,"column":32},"end":{"line":28,"column":56}},"type":"cond-expr","locations":[{"start":{"line":28,"column":43},"end":{"line":28,"column":51}},{"start":{"line":28,"column":54},"end":{"line":28,"column":56}}],"line":28},"1":{"loc":{"start":{"line":29,"column":11},"end":{"line":38,"column":11}},"type":"cond-expr","locations":[{"start":{"line":30,"column":12},"end":{"line":35,"column":19}},{"start":{"line":37,"column":12},"end":{"line":37,"column":45}}],"line":29},"2":{"loc":{"start":{"line":53,"column":6},"end":{"line":57,"column":22}},"type":"cond-expr","locations":[{"start":{"line":54,"column":10},"end":{"line":54,"column":20}},{"start":{"line":55,"column":10},"end":{"line":57,"column":22}}],"line":53},"3":{"loc":{"start":{"line":55,"column":10},"end":{"line":57,"column":22}},"type":"cond-expr","locations":[{"start":{"line":56,"column":10},"end":{"line":56,"column":14}},{"start":{"line":57,"column":10},"end":{"line":57,"column":22}}],"line":55},"4":{"loc":{"start":{"line":84,"column":11},"end":{"line":84,"column":66}},"type":"binary-expr","locations":[{"start":{"line":84,"column":11},"end":{"line":84,"column":47}},{"start":{"line":84,"column":51},"end":{"line":84,"column":66}}],"line":84},"5":{"loc":{"start":{"line":138,"column":0},"end":{"line":140,"column":1}},"type":"if","locations":[{"start":{"line":138,"column":0},"end":{"line":140,"column":1}},{"start":{},"end":{}}],"line":138}},"s":{"0":1,"1":1,"2":3,"3":3,"4":6,"5":150,"6":3,"7":0,"8":3,"9":0,"10":0,"11":0,"12":3,"13":6,"14":3,"15":0,"16":3,"17":0,"18":6,"19":0,"20":3,"21":75,"22":75,"23":1,"24":0,"25":0},"f":{"0":6,"1":3,"2":6,"3":150,"4":0,"5":0,"6":6,"7":0,"8":0,"9":6,"10":0,"11":3,"12":75,"13":0},"b":{"0":[12,138],"1":[12,138],"2":[0,0],"3":[0,0],"4":[6,0],"5":[0,1]},"_coverageSchema":"1a1c01bbd47fc00a2c39e90264f33305004495a9","hash":"d5e6a5cb4ca16785fa411f9d5b0cb909bc94b42c"}
,"/Users/an/WebstormProjects/react-gl/react-grid-layout/test/util/deepFreeze.js": {"path":"/Users/an/WebstormProjects/react-gl/react-grid-layout/test/util/deepFreeze.js","statementMap":{"0":{"start":{"line":13,"column":22},"end":{"line":13,"column":24}},"1":{"start":{"line":14,"column":2},"end":{"line":41,"column":3}},"2":{"start":{"line":15,"column":4},"end":{"line":40,"column":6}},"3":{"start":{"line":21,"column":6},"end":{"line":21,"column":46}},"4":{"start":{"line":21,"column":29},"end":{"line":21,"column":46}},"5":{"start":{"line":21,"column":42},"end":{"line":21,"column":45}},"6":{"start":{"line":23,"column":6},"end":{"line":39,"column":7}},"7":{"start":{"line":24,"column":8},"end":{"line":24,"column":49}},"8":{"start":{"line":28,"column":8},"end":{"line":37,"column":9}},"9":{"start":{"line":34,"column":10},"end":{"line":36,"column":12}},"10":{"start":{"line":38,"column":8},"end":{"line":38,"column":25}},"11":{"start":{"line":42,"column":2},"end":{"line":51,"column":3}},"12":{"start":{"line":43,"column":4},"end":{"line":50,"column":6}},"13":{"start":{"line":49,"column":6},"end":{"line":49,"column":78}},"14":{"start":{"line":53,"column":2},"end":{"line":53,"column":42}}},"fnMap":{"0":{"name":"deepFreeze","decl":{"start":{"line":8,"column":24},"end":{"line":8,"column":34}},"loc":{"start":{"line":11,"column":25},"end":{"line":54,"column":1}},"line":11},"1":{"name":"get","decl":{"start":{"line":15,"column":31},"end":{"line":15,"column":34}},"loc":{"start":{"line":19,"column":11},"end":{"line":40,"column":5}},"line":19},"2":{"name":"(anonymous_2)","decl":{"start":{"line":21,"column":36},"end":{"line":21,"column":37}},"loc":{"start":{"line":21,"column":42},"end":{"line":21,"column":45}},"line":21},"3":{"name":"set","decl":{"start":{"line":43,"column":31},"end":{"line":43,"column":34}},"loc":{"start":{"line":48,"column":15},"end":{"line":50,"column":5}},"line":48}},"branchMap":{"0":{"loc":{"start":{"line":10,"column":2},"end":{"line":10,"column":68}},"type":"default-arg","locations":[{"start":{"line":10,"column":44},"end":{"line":10,"column":68}}],"line":10},"1":{"loc":{"start":{"line":14,"column":2},"end":{"line":41,"column":3}},"type":"if","locations":[{"start":{"line":14,"column":2},"end":{"line":41,"column":3}},{"start":{},"end":{}}],"line":14},"2":{"loc":{"start":{"line":21,"column":6},"end":{"line":21,"column":46}},"type":"if","locations":[{"start":{"line":21,"column":6},"end":{"line":21,"column":46}},{"start":{},"end":{}}],"line":21},"3":{"loc":{"start":{"line":23,"column":6},"end":{"line":39,"column":7}},"type":"if","locations":[{"start":{"line":23,"column":6},"end":{"line":39,"column":7}},{"start":{"line":27,"column":11},"end":{"line":39,"column":7}}],"line":23},"4":{"loc":{"start":{"line":23,"column":10},"end":{"line":23,"column":61}},"type":"binary-expr","locations":[{"start":{"line":23,"column":10},"end":{"line":23,"column":39}},{"start":{"line":23,"column":43},"end":{"line":23,"column":61}}],"line":23},"5":{"loc":{"start":{"line":28,"column":8},"end":{"line":37,"column":9}},"type":"if","locations":[{"start":{"line":28,"column":8},"end":{"line":37,"column":9}},{"start":{},"end":{}}],"line":28},"6":{"loc":{"start":{"line":29,"column":10},"end":{"line":32,"column":34}},"type":"binary-expr","locations":[{"start":{"line":29,"column":10},"end":{"line":29,"column":24}},{"start":{"line":30,"column":10},"end":{"line":30,"column":27}},{"start":{"line":31,"column":10},"end":{"line":31,"column":31}},{"start":{"line":32,"column":10},"end":{"line":32,"column":34}}],"line":29},"7":{"loc":{"start":{"line":42,"column":2},"end":{"line":51,"column":3}},"type":"if","locations":[{"start":{"line":42,"column":2},"end":{"line":51,"column":3}},{"start":{},"end":{}}],"line":42}},"s":{"0":8,"1":8,"2":5,"3":7,"4":1,"5":1,"6":6,"7":2,"8":4,"9":1,"10":3,"11":8,"12":7,"13":1,"14":8},"f":{"0":8,"1":7,"2":1,"3":1},"b":{"0":[2],"1":[5,3],"2":[1,6],"3":[2,4],"4":[6,2],"5":[1,3],"6":[4,1,1,1],"7":[7,1]},"_coverageSchema":"1a1c01bbd47fc00a2c39e90264f33305004495a9","hash":"7e56b76b0c4bd116475e92463aa16ea266754025"}
}
