TN:
SF:index-dev.js
FNF:0
FNH:0
DA:1,1
DA:2,1
DA:3,1
DA:4,1
DA:5,1
LF:5
LH:5
BRF:0
BRH:0
end_of_record
TN:
SF:lib/GridItem.jsx
FN:130,(anonymous_0)
FN:137,(anonymous_1)
FN:144,(anonymous_2)
FN:151,(anonymous_3)
FN:216,(anonymous_4)
FN:244,(anonymous_5)
FN:248,(anonymous_6)
FN:254,(anonymous_7)
FN:289,(anonymous_8)
FN:310,(anonymous_9)
FN:336,(anonymous_10)
FN:365,(anonymous_11)
FN:404,(anonymous_12)
FN:405,(anonymous_13)
FN:406,(anonymous_14)
FN:421,(anonymous_15)
FN:461,(anonymous_16)
FN:511,(anonymous_17)
FN:537,(anonymous_18)
FN:550,(anonymous_19)
FN:563,(anonymous_20)
FN:579,(anonymous_21)
FN:645,(anonymous_22)
FNF:23
FNH:15
FNDA:561,(anonymous_0)
FNDA:561,(anonymous_1)
FNDA:561,(anonymous_2)
FNDA:561,(anonymous_3)
FNDA:348,(anonymous_4)
FNDA:205,(anonymous_5)
FNDA:221,(anonymous_6)
FNDA:426,(anonymous_7)
FNDA:1351,(anonymous_8)
FNDA:426,(anonymous_9)
FNDA:426,(anonymous_10)
FNDA:426,(anonymous_11)
FNDA:0,(anonymous_12)
FNDA:0,(anonymous_13)
FNDA:0,(anonymous_14)
FNDA:5,(anonymous_15)
FNDA:4,(anonymous_16)
FNDA:0,(anonymous_17)
FNDA:0,(anonymous_18)
FNDA:0,(anonymous_19)
FNDA:0,(anonymous_20)
FNDA:0,(anonymous_21)
FNDA:426,(anonymous_22)
DA:111,1
DA:131,561
DA:132,561
DA:133,559
DA:134,2
DA:138,561
DA:139,561
DA:140,559
DA:141,2
DA:145,561
DA:146,561
DA:147,559
DA:148,2
DA:152,561
DA:153,561
DA:154,559
DA:155,2
DA:197,1
DA:208,205
DA:214,205
DA:219,348
DA:220,248
DA:222,246
DA:230,246
DA:238,246
DA:245,205
DA:249,221
DA:255,426
DA:256,426
DA:257,12
DA:259,12
DA:261,12
DA:265,12
DA:268,12
DA:271,12
DA:272,5
DA:277,7
DA:278,2
DA:279,2
DA:281,2
DA:290,1351
DA:311,426
DA:315,426
DA:316,223
DA:319,203
DA:322,203
DA:323,188
DA:324,188
DA:328,426
DA:340,426
DA:379,426
DA:380,426
DA:383,426
DA:386,426
DA:387,426
DA:388,426
DA:389,426
DA:393,426
DA:404,0
DA:405,0
DA:406,0
DA:421,205
DA:422,5
DA:423,5
DA:425,5
DA:428,5
DA:429,5
DA:430,5
DA:431,5
DA:432,5
DA:433,5
DA:434,5
DA:435,5
DA:436,5
DA:437,5
DA:438,5
DA:441,5
DA:449,5
DA:461,205
DA:465,4
DA:466,4
DA:468,3
DA:469,1
DA:471,2
DA:472,2
DA:474,2
DA:475,2
DA:478,2
DA:479,1
DA:481,1
DA:482,1
DA:484,1
DA:485,1
DA:487,1
DA:489,1
DA:490,1
DA:494,2
DA:495,2
DA:498,2
DA:499,2
DA:511,205
DA:512,0
DA:513,0
DA:515,0
DA:516,0
DA:518,0
DA:519,0
DA:520,0
DA:521,0
DA:523,0
DA:525,0
DA:537,205
DA:542,0
DA:550,205
DA:555,0
DA:563,205
DA:568,0
DA:585,0
DA:586,0
DA:587,0
DA:589,0
DA:592,0
DA:602,0
DA:605,0
DA:606,0
DA:608,0
DA:609,0
DA:610,0
DA:611,0
DA:612,0
DA:613,0
DA:615,0
DA:624,0
DA:625,0
DA:626,0
DA:627,0
DA:630,0
DA:631,0
DA:633,0
DA:634,0
DA:636,0
DA:637,0
DA:639,0
DA:642,0
DA:655,426
DA:657,426
DA:665,426
DA:668,426
DA:692,426
DA:695,426
DA:697,426
LF:151
LH:108
BRDA:132,0,0,2
BRDA:132,0,1,559
BRDA:133,1,0,2
BRDA:133,1,1,557
BRDA:133,2,0,559
BRDA:133,2,1,557
BRDA:139,3,0,2
BRDA:139,3,1,559
BRDA:140,4,0,2
BRDA:140,4,1,557
BRDA:140,5,0,559
BRDA:140,5,1,557
BRDA:146,6,0,2
BRDA:146,6,1,559
BRDA:147,7,0,2
BRDA:147,7,1,557
BRDA:147,8,0,559
BRDA:147,8,1,557
BRDA:153,9,0,2
BRDA:153,9,1,559
BRDA:154,10,0,2
BRDA:154,10,1,557
BRDA:154,11,0,559
BRDA:154,11,1,557
BRDA:219,12,0,100
BRDA:219,12,1,248
BRDA:220,13,0,2
BRDA:220,13,1,246
BRDA:239,14,0,246
BRDA:239,14,1,215
BRDA:256,15,0,414
BRDA:256,15,1,12
BRDA:259,16,0,0
BRDA:259,16,1,12
BRDA:261,17,0,12
BRDA:261,17,1,6
BRDA:268,18,0,12
BRDA:268,18,1,7
BRDA:268,18,2,10
BRDA:271,19,0,5
BRDA:271,19,1,7
BRDA:277,20,0,2
BRDA:277,20,1,5
BRDA:289,21,0,859
BRDA:315,22,0,223
BRDA:315,22,1,203
BRDA:322,23,0,188
BRDA:322,23,1,15
BRDA:349,24,0,0
BRDA:349,24,1,426
BRDA:399,25,0,390
BRDA:399,25,1,36
BRDA:423,26,0,0
BRDA:423,26,1,5
BRDA:429,27,0,0
BRDA:429,27,1,5
BRDA:466,28,0,1
BRDA:466,28,1,3
BRDA:468,29,0,1
BRDA:468,29,1,2
BRDA:478,30,0,1
BRDA:478,30,1,1
BRDA:481,31,0,1
BRDA:481,31,1,0
BRDA:513,32,0,0
BRDA:513,32,1,0
BRDA:515,33,0,0
BRDA:515,33,1,0
BRDA:586,34,0,0
BRDA:586,34,1,0
BRDA:609,35,0,0
BRDA:609,35,1,0
BRDA:615,36,0,0
BRDA:615,36,1,0
BRDA:624,37,0,0
BRDA:624,37,1,0
BRDA:627,38,0,0
BRDA:627,38,1,0
BRDA:636,39,0,0
BRDA:636,39,1,0
BRDA:637,40,0,0
BRDA:637,40,1,0
BRDA:639,41,0,0
BRDA:639,41,1,0
BRF:84
BRH:59
end_of_record
TN:
SF:lib/ReactGridLayout.jsx
FN:142,(anonymous_0)
FN:149,(anonymous_1)
FN:196,(anonymous_2)
FN:209,(anonymous_3)
FN:222,(anonymous_4)
FN:244,(anonymous_5)
FN:270,(anonymous_6)
FN:324,(anonymous_7)
FN:369,(anonymous_8)
FN:377,(anonymous_9)
FN:396,(anonymous_10)
FN:406,(anonymous_11)
FN:412,(anonymous_12)
FN:421,(anonymous_13)
FN:494,(anonymous_14)
FN:526,(anonymous_15)
FN:573,(anonymous_16)
FN:658,(anonymous_17)
FN:730,(anonymous_18)
FN:735,(anonymous_19)
FN:748,(anonymous_20)
FN:761,(anonymous_21)
FN:767,(anonymous_22)
FN:772,(anonymous_23)
FN:782,(anonymous_24)
FN:801,(anonymous_25)
FNF:26
FNH:13
FNDA:11,(anonymous_0)
FNDA:34,(anonymous_1)
FNDA:23,(anonymous_2)
FNDA:19,(anonymous_3)
FNDA:30,(anonymous_4)
FNDA:3,(anonymous_5)
FNDA:1,(anonymous_6)
FNDA:0,(anonymous_7)
FNDA:29,(anonymous_8)
FNDA:0,(anonymous_9)
FNDA:0,(anonymous_10)
FNDA:0,(anonymous_11)
FNDA:0,(anonymous_12)
FNDA:0,(anonymous_13)
FNDA:0,(anonymous_14)
FNDA:30,(anonymous_15)
FNDA:536,(anonymous_16)
FNDA:4,(anonymous_17)
FNDA:0,(anonymous_18)
FNDA:0,(anonymous_19)
FNDA:0,(anonymous_20)
FNDA:0,(anonymous_21)
FNDA:0,(anonymous_22)
FNDA:0,(anonymous_23)
FNDA:30,(anonymous_24)
FNDA:531,(anonymous_25)
DA:63,1
DA:64,1
DA:66,1
DA:67,1
DA:78,1
DA:81,1
DA:83,1
DA:121,11
DA:140,11
DA:143,11
DA:146,11
DA:155,34
DA:156,1
DA:161,33
DA:165,11
DA:166,22
DA:170,0
DA:174,33
DA:175,11
DA:183,11
DA:193,22
DA:197,23
DA:210,19
DA:211,18
DA:212,18
DA:214,18
DA:223,30
DA:224,30
DA:225,30
DA:228,30
DA:244,11
DA:250,3
DA:251,3
DA:252,3
DA:254,3
DA:259,3
DA:270,11
DA:276,1
DA:277,1
DA:278,1
DA:279,1
DA:280,1
DA:283,1
DA:293,1
DA:294,1
DA:306,1
DA:308,1
DA:324,11
DA:330,0
DA:332,0
DA:333,0
DA:334,0
DA:335,0
DA:336,0
DA:339,0
DA:340,0
DA:352,0
DA:355,0
DA:358,0
DA:359,0
DA:366,0
DA:370,29
DA:372,29
DA:373,13
DA:377,11
DA:383,0
DA:384,0
DA:385,0
DA:387,0
DA:393,0
DA:396,11
DA:402,0
DA:403,0
DA:404,0
DA:406,0
DA:410,0
DA:411,0
DA:412,0
DA:414,0
DA:417,0
DA:419,0
DA:420,0
DA:421,0
DA:422,0
DA:423,0
DA:426,0
DA:427,0
DA:431,0
DA:434,0
DA:435,0
DA:436,0
DA:437,0
DA:438,0
DA:439,0
DA:440,0
DA:443,0
DA:444,0
DA:445,0
DA:446,0
DA:449,0
DA:450,0
DA:452,0
DA:453,0
DA:465,0
DA:466,0
DA:467,0
DA:471,0
DA:474,0
DA:483,0
DA:486,0
DA:494,11
DA:500,0
DA:501,0
DA:502,0
DA:504,0
DA:507,0
DA:510,0
DA:511,0
DA:519,0
DA:527,30
DA:528,30
DA:538,1
DA:541,1
DA:577,536
DA:578,532
DA:579,532
DA:596,532
DA:597,532
DA:603,532
DA:607,532
DA:610,532
DA:613,532
DA:615,532
DA:658,11
DA:662,4
DA:668,0
DA:669,0
DA:680,4
DA:681,4
DA:683,4
DA:684,4
DA:686,4
DA:687,3
DA:696,3
DA:704,3
DA:718,1
DA:719,1
DA:720,1
DA:721,1
DA:722,1
DA:726,4
DA:727,4
DA:730,11
DA:731,0
DA:732,0
DA:734,0
DA:735,0
DA:740,0
DA:748,11
DA:749,0
DA:756,0
DA:757,0
DA:761,11
DA:762,0
DA:763,0
DA:764,0
DA:767,11
DA:768,0
DA:769,0
DA:770,0
DA:771,0
DA:772,0
DA:775,0
DA:777,0
DA:779,0
DA:783,30
DA:785,30
DA:786,30
DA:791,30
DA:802,531
LF:180
LH:93
BRDA:155,0,0,1
BRDA:155,0,1,33
BRDA:161,1,0,11
BRDA:161,1,1,22
BRDA:162,2,0,33
BRDA:162,2,1,22
BRDA:166,3,0,0
BRDA:166,3,1,22
BRDA:174,4,0,11
BRDA:174,4,1,22
BRDA:201,5,0,23
BRDA:201,5,1,19
BRDA:201,5,2,16
BRDA:201,5,3,15
BRDA:201,5,4,8
BRDA:210,6,0,18
BRDA:210,6,1,1
BRDA:223,7,0,0
BRDA:223,7,1,30
BRDA:225,8,0,5
BRDA:225,8,1,25
BRDA:252,9,0,0
BRDA:252,9,1,3
BRDA:280,10,0,0
BRDA:280,10,1,1
BRDA:309,11,0,0
BRDA:309,11,1,1
BRDA:330,12,0,0
BRDA:330,12,1,0
BRDA:336,13,0,0
BRDA:336,13,1,0
BRDA:355,14,0,0
BRDA:355,14,1,0
BRDA:370,15,0,0
BRDA:370,15,1,29
BRDA:372,16,0,13
BRDA:372,16,1,16
BRDA:385,17,0,0
BRDA:385,17,1,0
BRDA:410,18,0,0
BRDA:410,18,1,0
BRDA:410,19,0,0
BRDA:410,19,1,0
BRDA:417,20,0,0
BRDA:417,20,1,0
BRDA:422,21,0,0
BRDA:422,21,1,0
BRDA:423,22,0,0
BRDA:423,22,1,0
BRDA:426,23,0,0
BRDA:426,23,1,0
BRDA:427,24,0,0
BRDA:427,24,1,0
BRDA:434,25,0,0
BRDA:434,25,1,0
BRDA:437,26,0,0
BRDA:437,26,1,0
BRDA:439,27,0,0
BRDA:439,27,1,0
BRDA:439,28,0,0
BRDA:439,28,1,0
BRDA:440,29,0,0
BRDA:440,29,1,0
BRDA:443,30,0,0
BRDA:443,30,1,0
BRDA:445,31,0,0
BRDA:445,31,1,0
BRDA:445,32,0,0
BRDA:445,32,1,0
BRDA:446,33,0,0
BRDA:446,33,1,0
BRDA:471,34,0,0
BRDA:471,34,1,0
BRDA:487,35,0,0
BRDA:487,35,1,0
BRDA:507,36,0,0
BRDA:507,36,1,0
BRDA:528,37,0,29
BRDA:528,37,1,1
BRDA:554,38,0,1
BRDA:554,38,1,0
BRDA:577,39,0,4
BRDA:577,39,1,532
BRDA:577,40,0,536
BRDA:577,40,1,532
BRDA:579,41,0,0
BRDA:579,41,1,532
BRDA:603,42,0,5
BRDA:603,42,1,527
BRDA:605,43,0,527
BRDA:605,43,1,497
BRDA:607,44,0,0
BRDA:607,44,1,532
BRDA:609,45,0,532
BRDA:609,45,1,502
BRDA:610,46,0,532
BRDA:610,46,1,532
BRDA:613,47,0,532
BRDA:613,47,1,502
BRDA:613,47,2,0
BRDA:620,48,0,532
BRDA:620,48,1,404
BRDA:634,49,0,532
BRDA:634,49,1,432
BRDA:647,50,0,5
BRDA:647,50,1,527
BRDA:662,51,0,0
BRDA:662,51,1,4
BRDA:663,52,0,4
BRDA:663,52,1,0
BRDA:686,53,0,3
BRDA:686,53,1,1
BRDA:693,54,0,3
BRDA:693,54,1,2
BRDA:718,55,0,1
BRDA:718,55,1,0
BRDA:720,56,0,1
BRDA:720,56,1,0
BRDA:721,57,0,1
BRDA:721,57,1,0
BRDA:756,58,0,0
BRDA:756,58,1,0
BRDA:796,59,0,11
BRDA:796,59,1,19
BRDA:797,60,0,11
BRDA:797,60,1,19
BRDA:798,61,0,11
BRDA:798,61,1,19
BRDA:799,62,0,11
BRDA:799,62,1,19
BRDA:804,63,0,30
BRDA:804,63,1,11
BRDA:804,63,2,5
BRF:133
BRH:70
end_of_record
TN:
SF:lib/ReactGridLayoutPropTypes.js
FN:127,(anonymous_0)
FN:147,(anonymous_1)
FN:228,(anonymous_2)
FN:233,(anonymous_3)
FNF:4
FNH:4
FNDA:21,(anonymous_0)
FNDA:21,(anonymous_1)
FNDA:21,(anonymous_2)
FNDA:326,(anonymous_3)
DA:49,1
DA:54,1
DA:128,21
DA:132,0
DA:148,21
DA:150,21
DA:151,21
DA:229,21
DA:232,21
DA:233,21
DA:234,326
DA:235,322
DA:236,0
DA:242,322
LF:14
LH:12
BRDA:128,0,0,0
BRDA:128,0,1,21
BRDA:129,1,0,21
BRDA:129,1,1,0
BRDA:150,2,0,0
BRDA:150,2,1,21
BRDA:234,3,0,4
BRDA:234,3,1,322
BRDA:235,4,0,0
BRDA:235,4,1,322
BRF:10
BRH:6
end_of_record
TN:
SF:lib/ResponsiveReactGridLayout.jsx
FN:25,(anonymous_0)
FN:34,getIndentationValue
FN:127,(anonymous_2)
FN:134,(anonymous_3)
FN:177,(anonymous_4)
FN:202,(anonymous_5)
FN:226,(anonymous_6)
FN:239,(anonymous_7)
FN:250,(anonymous_8)
FN:318,(anonymous_9)
FNF:10
FNH:10
FNDA:12,(anonymous_0)
FNDA:26,getIndentationValue
FNDA:12,(anonymous_2)
FNDA:12,(anonymous_3)
FNDA:5,(anonymous_4)
FNDA:12,(anonymous_5)
FNDA:7,(anonymous_6)
FNDA:7,(anonymous_7)
FNDA:1,(anonymous_8)
FNDA:12,(anonymous_9)
DA:25,12
DA:39,26
DA:41,26
DA:96,1
DA:128,12
DA:129,0
DA:134,12
DA:135,12
DA:136,0
DA:140,12
DA:163,1
DA:175,5
DA:178,5
DA:179,5
DA:180,5
DA:183,5
DA:186,5
DA:195,5
DA:206,12
DA:208,5
DA:212,5
DA:220,5
DA:223,7
DA:228,7
DA:234,1
DA:239,5
DA:240,7
DA:251,1
DA:253,1
DA:256,1
DA:257,1
DA:258,1
DA:261,1
DA:267,1
DA:268,0
DA:271,1
DA:281,1
DA:290,1
DA:293,1
DA:294,1
DA:296,1
DA:303,1
DA:304,1
DA:310,1
DA:331,12
DA:334,12
LF:46
LH:43
BRDA:39,0,0,0
BRDA:39,0,1,26
BRDA:41,1,0,15
BRDA:41,1,1,11
BRDA:128,2,0,0
BRDA:128,2,1,12
BRDA:135,3,0,0
BRDA:135,3,1,12
BRDA:183,4,0,0
BRDA:183,4,1,5
BRDA:206,5,0,5
BRDA:206,5,1,7
BRDA:228,6,0,1
BRDA:228,6,1,6
BRDA:229,7,0,7
BRDA:229,7,1,6
BRDA:229,7,2,6
BRDA:229,7,3,6
BRDA:253,8,0,1
BRDA:253,8,1,0
BRDA:261,9,0,1
BRDA:261,9,1,0
BRDA:262,10,0,1
BRDA:262,10,1,0
BRDA:262,10,2,0
BRDA:267,11,0,0
BRDA:267,11,1,1
BRF:27
BRH:18
end_of_record
TN:
SF:lib/calculateUtils.js
FN:14,calcGridColWidth
FN:25,calcGridItemWHPx
FN:47,calcGridItemPosition
FN:101,calcXY
FN:137,calcWH
FN:167,clamp
FNF:6
FNH:6
FNDA:2218,calcGridColWidth
FNDA:4396,calcGridItemWHPx
FNDA:2197,calcGridItemPosition
FNDA:13,calcXY
FNDA:3,calcWH
FNDA:34,clamp
DA:15,2218
DA:16,2218
DA:31,4396
DA:32,3546
DA:55,2197
DA:56,2197
DA:57,2197
DA:60,2197
DA:61,0
DA:62,0
DA:66,2197
DA:67,2197
DA:71,2197
DA:72,16
DA:73,16
DA:74,2181
DA:80,0
DA:81,0
DA:85,2181
DA:86,2181
DA:89,2197
DA:108,13
DA:109,13
DA:118,13
DA:119,13
DA:122,13
DA:123,13
DA:124,13
DA:145,3
DA:146,3
DA:151,3
DA:152,3
DA:155,3
DA:156,3
DA:157,3
DA:158,0
DA:160,3
DA:161,0
DA:163,3
DA:172,34
LF:40
LH:34
BRDA:31,0,0,850
BRDA:31,0,1,3546
BRDA:60,1,0,0
BRDA:60,1,1,2197
BRDA:60,2,0,2197
BRDA:60,2,1,919
BRDA:71,3,0,16
BRDA:71,3,1,2181
BRDA:71,4,0,2197
BRDA:71,4,1,919
BRDA:74,5,0,0
BRDA:74,5,1,2181
BRDA:75,6,0,2181
BRDA:75,6,1,903
BRDA:75,6,2,0
BRDA:75,6,3,0
BRDA:157,7,0,0
BRDA:157,7,1,3
BRDA:160,8,0,0
BRDA:160,8,1,3
BRF:20
BRH:14
end_of_record
TN:
SF:lib/fastRGLPropsEqual.js
FNF:0
FNH:0
LF:0
LH:0
BRF:0
BRH:0
end_of_record
TN:
SF:lib/responsiveUtils.js
FN:30,getBreakpointFromWidth
FN:49,getColsFromBreakpoint
FN:77,findOrGenerateResponsiveLayout
FN:111,sortBreakpoints
FN:115,(anonymous_4)
FNF:5
FNH:5
FNDA:5,getBreakpointFromWidth
FNDA:6,getColsFromBreakpoint
FNDA:11,findOrGenerateResponsiveLayout
FNDA:6,sortBreakpoints
FNDA:24,(anonymous_4)
DA:34,5
DA:35,5
DA:36,5
DA:37,20
DA:38,20
DA:40,5
DA:53,6
DA:54,0
DA:60,6
DA:86,11
DA:88,1
DA:89,1
DA:90,1
DA:93,1
DA:94,2
DA:95,2
DA:96,1
DA:97,1
DA:100,1
DA:101,1
DA:114,6
DA:115,6
DA:116,24
LF:23
LH:22
BRDA:38,0,0,20
BRDA:38,0,1,0
BRDA:53,1,0,0
BRDA:53,1,1,6
BRDA:86,2,0,10
BRDA:86,2,1,1
BRDA:95,3,0,1
BRDA:95,3,1,1
BRDA:100,4,0,1
BRDA:100,4,1,0
BRF:10
BRH:7
end_of_record
TN:
SF:lib/utils.js
FN:87,bottom
FN:97,cloneLayout
FN:107,modifyLayout
FN:121,withLayoutItem
FN:135,cloneLayoutItem
FN:160,childrenEqual
FN:162,(anonymous_6)
FN:163,(anonymous_7)
FN:179,fastPositionEqual
FN:191,collides
FN:212,compact
FN:251,resolveCompactionCollision
FN:260,(anonymous_12)
FN:294,compactItem
FN:355,correctBounds
FN:388,getLayoutItem
FN:402,getFirstCollision
FN:411,getAllCollisions
FN:415,(anonymous_18)
FN:423,getStatics
FN:424,(anonymous_20)
FN:437,moveElement
FN:542,moveElementAwayFromCollision
FN:607,perc
FN:611,setTransform
FN:626,setTopLeft
FN:642,sortLayoutItems
FN:656,sortLayoutItemsByRowCol
FN:658,(anonymous_28)
FN:674,sortLayoutItemsByColRow
FN:675,(anonymous_30)
FN:694,synchronizeLayoutWithChildren
FN:705,(anonymous_32)
FN:759,validateLayout
FN:785,compactType
FN:792,log
FN:798,(anonymous_36)
FNF:37
FNH:35
FNDA:431,bottom
FNDA:13,cloneLayout
FNDA:0,modifyLayout
FNDA:0,withLayoutItem
FNDA:1037,cloneLayoutItem
FNDA:22,childrenEqual
FNDA:394,(anonymous_6)
FNDA:394,(anonymous_7)
FNDA:246,fastPositionEqual
FNDA:19034,collides
FNDA:36,compact
FNDA:374,resolveCompactionCollision
FNDA:8081,(anonymous_12)
FNDA:416,compactItem
FNDA:24,correctBounds
FNDA:915,getLayoutItem
FNDA:1571,getFirstCollision
FNDA:25,getAllCollisions
FNDA:122,(anonymous_18)
FNDA:60,getStatics
FNDA:822,(anonymous_20)
FNDA:25,moveElement
FNDA:13,moveElementAwayFromCollision
FNDA:376,perc
FNDA:223,setTransform
FNDA:203,setTopLeft
FNDA:61,sortLayoutItems
FNDA:50,sortLayoutItemsByRowCol
FNDA:1389,(anonymous_28)
FNDA:6,sortLayoutItemsByColRow
FNDA:17,(anonymous_30)
FNDA:23,synchronizeLayoutWithChildren
FNDA:383,(anonymous_32)
FNDA:46,validateLayout
FNDA:26,compactType
FNDA:45,log
FNDA:9,(anonymous_36)
DA:78,2
DA:79,2
DA:88,431
DA:90,431
DA:91,4808
DA:92,4808
DA:94,431
DA:98,13
DA:99,13
DA:100,215
DA:102,13
DA:108,0
DA:109,0
DA:110,0
DA:111,0
DA:113,0
DA:116,0
DA:126,0
DA:127,0
DA:128,0
DA:130,0
DA:131,0
DA:136,1037
DA:161,22
DA:162,394
DA:163,394
DA:176,2
DA:180,246
DA:192,19034
DA:193,18949
DA:194,10500
DA:195,3034
DA:196,877
DA:197,715
DA:219,36
DA:221,36
DA:223,36
DA:225,36
DA:226,440
DA:229,440
DA:230,416
DA:234,416
DA:238,440
DA:241,440
DA:244,36
DA:247,2
DA:257,374
DA:258,374
DA:259,374
DA:261,8081
DA:266,374
DA:267,1769
DA:269,1769
DA:273,1639
DA:275,1333
DA:276,80
DA:285,374
DA:302,416
DA:303,416
DA:304,416
DA:308,399
DA:310,399
DA:311,507
DA:313,17
DA:315,11
DA:316,9
DA:323,416
DA:324,294
DA:325,8
DA:327,286
DA:330,294
DA:331,2
DA:332,2
DA:334,2
DA:335,4
DA:341,416
DA:342,416
DA:344,416
DA:359,24
DA:360,24
DA:361,382
DA:363,382
DA:365,382
DA:366,0
DA:367,0
DA:369,382
DA:373,20
DA:374,40
DA:378,24
DA:389,915
DA:390,10689
DA:406,1571
DA:407,17577
DA:415,122
DA:424,822
DA:450,25
DA:453,25
DA:455,25
DA:458,25
DA:459,25
DA:462,25
DA:463,25
DA:464,25
DA:470,25
DA:472,25
DA:478,25
DA:479,25
DA:480,25
DA:484,25
DA:487,2
DA:488,23
DA:492,2
DA:493,2
DA:494,2
DA:495,2
DA:496,2
DA:500,21
DA:501,15
DA:502,15
DA:507,15
DA:510,13
DA:511,0
DA:520,13
DA:531,21
DA:550,13
DA:552,13
DA:553,13
DA:558,13
DA:560,9
DA:563,9
DA:572,9
DA:573,3
DA:576,3
DA:589,10
DA:608,376
DA:613,223
DA:614,223
DA:627,203
DA:646,61
DA:647,55
DA:648,6
DA:658,50
DA:659,1389
DA:660,954
DA:661,435
DA:663,54
DA:665,381
DA:675,6
DA:676,17
DA:677,11
DA:679,6
DA:701,23
DA:704,23
DA:705,23
DA:707,383
DA:710,379
DA:711,379
DA:712,369
DA:714,10
DA:715,0
DA:720,10
DA:723,10
DA:724,10
DA:725,10
DA:728,10
DA:732,0
DA:746,23
DA:747,23
DA:763,46
DA:764,46
DA:765,0
DA:766,46
DA:767,538
DA:768,538
DA:769,2152
DA:770,1
DA:788,26
DA:789,26
DA:793,45
DA:795,0
DA:798,2
LF:181
LH:163
BRDA:92,0,0,1446
BRDA:92,0,1,3362
BRDA:110,1,0,0
BRDA:110,1,1,0
BRDA:127,2,0,0
BRDA:127,2,1,0
BRDA:181,3,0,246
BRDA:181,3,1,222
BRDA:181,3,2,221
BRDA:181,3,3,215
BRDA:192,4,0,85
BRDA:192,4,1,18949
BRDA:193,5,0,8449
BRDA:193,5,1,10500
BRDA:194,6,0,7466
BRDA:194,6,1,3034
BRDA:195,7,0,2157
BRDA:195,7,1,877
BRDA:196,8,0,162
BRDA:196,8,1,715
BRDA:229,9,0,416
BRDA:229,9,1,24
BRDA:269,10,0,130
BRDA:269,10,1,1639
BRDA:273,11,0,306
BRDA:273,11,1,1333
BRDA:275,12,0,80
BRDA:275,12,1,1253
BRDA:304,13,0,399
BRDA:304,13,1,17
BRDA:310,14,0,906
BRDA:310,14,1,773
BRDA:313,15,0,11
BRDA:313,15,1,6
BRDA:315,16,0,20
BRDA:315,16,1,14
BRDA:323,17,0,710
BRDA:323,17,1,294
BRDA:323,18,0,294
BRDA:323,18,1,0
BRDA:324,19,0,8
BRDA:324,19,1,286
BRDA:330,20,0,2
BRDA:330,20,1,292
BRDA:330,21,0,294
BRDA:330,21,1,8
BRDA:334,22,0,6
BRDA:334,22,1,5
BRDA:363,23,0,0
BRDA:363,23,1,382
BRDA:365,24,0,0
BRDA:365,24,1,382
BRDA:369,25,0,362
BRDA:369,25,1,20
BRDA:390,26,0,905
BRDA:390,26,1,9784
BRDA:407,27,0,612
BRDA:407,27,1,16965
BRDA:450,28,0,0
BRDA:450,28,1,25
BRDA:450,29,0,25
BRDA:450,29,1,0
BRDA:453,30,0,0
BRDA:453,30,1,25
BRDA:453,31,0,25
BRDA:453,31,1,4
BRDA:462,32,0,13
BRDA:462,32,1,12
BRDA:463,33,0,24
BRDA:463,33,1,1
BRDA:472,34,0,19
BRDA:472,34,1,6
BRDA:472,35,0,25
BRDA:472,35,1,19
BRDA:474,36,0,2
BRDA:474,36,1,4
BRDA:474,37,0,6
BRDA:474,37,1,2
BRDA:478,38,0,7
BRDA:478,38,1,18
BRDA:484,39,0,2
BRDA:484,39,1,23
BRDA:484,40,0,25
BRDA:484,40,1,16
BRDA:488,41,0,2
BRDA:488,41,1,21
BRDA:488,42,0,23
BRDA:488,42,1,14
BRDA:507,43,0,2
BRDA:507,43,1,13
BRDA:510,44,0,0
BRDA:510,44,1,13
BRDA:558,45,0,9
BRDA:558,45,1,4
BRDA:564,46,0,1
BRDA:564,46,1,8
BRDA:565,47,0,8
BRDA:565,47,1,1
BRDA:572,48,0,3
BRDA:572,48,1,6
BRDA:579,49,0,1
BRDA:579,49,1,2
BRDA:580,50,0,2
BRDA:580,50,1,1
BRDA:592,51,0,0
BRDA:592,51,1,10
BRDA:593,52,0,10
BRDA:593,52,1,0
BRDA:646,53,0,6
BRDA:646,53,1,55
BRDA:647,54,0,49
BRDA:647,54,1,6
BRDA:659,55,0,954
BRDA:659,55,1,435
BRDA:659,56,0,1389
BRDA:659,56,1,626
BRDA:659,56,2,357
BRDA:661,57,0,54
BRDA:661,57,1,381
BRDA:661,58,0,435
BRDA:661,58,1,166
BRDA:676,59,0,11
BRDA:676,59,1,6
BRDA:676,60,0,17
BRDA:676,60,1,7
BRDA:676,60,2,3
BRDA:701,61,0,23
BRDA:701,61,1,0
BRDA:707,62,0,4
BRDA:707,62,1,379
BRDA:711,63,0,369
BRDA:711,63,1,10
BRDA:714,64,0,0
BRDA:714,64,1,10
BRDA:714,65,0,10
BRDA:714,65,1,10
BRDA:720,66,0,10
BRDA:720,66,1,0
BRDA:723,67,0,10
BRDA:723,67,1,0
BRDA:724,68,0,10
BRDA:724,68,1,0
BRDA:747,69,0,0
BRDA:747,69,1,23
BRDA:761,70,0,3
BRDA:764,71,0,0
BRDA:764,71,1,46
BRDA:769,72,0,1
BRDA:769,72,1,2151
BRDA:788,73,0,26
BRDA:788,73,1,0
BRDA:789,74,0,1
BRDA:789,74,1,25
BRDA:793,75,0,45
BRDA:793,75,1,0
BRF:155
BRH:133
end_of_record
TN:
SF:lib/components/WidthProvider.jsx
FN:38,WidthProvideRGL
FN:62,(anonymous_1)
FN:71,(anonymous_2)
FN:76,(anonymous_3)
FN:86,(anonymous_4)
FNF:5
FNH:4
FNDA:3,WidthProvideRGL
FNDA:8,(anonymous_1)
FNDA:0,(anonymous_2)
FNDA:15,(anonymous_3)
FNDA:14,(anonymous_4)
DA:30,1
DA:41,3
DA:45,3
DA:49,3
DA:55,8
DA:59,8
DA:60,8
DA:63,8
DA:64,8
DA:68,8
DA:72,0
DA:73,0
DA:76,8
DA:77,15
DA:78,15
DA:81,15
DA:82,2
DA:87,14
DA:88,14
DA:89,1
DA:99,13
LF:21
LH:19
BRDA:77,0,0,0
BRDA:77,0,1,15
BRDA:81,1,0,2
BRDA:81,1,1,13
BRDA:81,2,0,15
BRDA:81,2,1,15
BRDA:88,3,0,1
BRDA:88,3,1,13
BRDA:88,4,0,14
BRDA:88,4,1,2
BRF:10
BRH:9
end_of_record
TN:
SF:test/examples/0-showcase.jsx
FN:27,(anonymous_0)
FN:38,(anonymous_1)
FN:42,(anonymous_2)
FN:43,(anonymous_3)
FN:61,(anonymous_4)
FN:67,(anonymous_5)
FN:78,(anonymous_6)
FN:82,(anonymous_7)
FN:88,(anonymous_8)
FN:92,(anonymous_9)
FN:129,generateLayout
FN:130,(anonymous_11)
FN:144,(anonymous_12)
FNF:13
FNH:8
FNDA:1,(anonymous_0)
FNDA:1,(anonymous_1)
FNDA:2,(anonymous_2)
FNDA:50,(anonymous_3)
FNDA:0,(anonymous_4)
FNDA:0,(anonymous_5)
FNDA:1,(anonymous_6)
FNDA:0,(anonymous_7)
FNDA:0,(anonymous_8)
FNDA:2,(anonymous_9)
FNDA:1,generateLayout
FNDA:25,(anonymous_11)
FNDA:0,(anonymous_12)
DA:8,1
DA:24,1
DA:31,1
DA:39,1
DA:43,2
DA:44,50
DA:61,1
DA:62,0
DA:67,1
DA:68,0
DA:70,0
DA:75,0
DA:78,1
DA:79,1
DA:82,1
DA:83,0
DA:88,1
DA:89,0
DA:94,2
DA:130,1
DA:131,25
DA:132,25
DA:143,1
DA:144,0
LF:24
LH:17
BRDA:45,0,0,4
BRDA:45,0,1,46
BRDA:46,1,0,4
BRDA:46,1,1,46
BRDA:70,2,0,0
BRDA:70,2,1,0
BRDA:72,3,0,0
BRDA:72,3,1,0
BRDA:102,4,0,2
BRDA:102,4,1,0
BRDA:143,5,0,0
BRDA:143,5,1,1
BRF:12
BRH:6
end_of_record
TN:
SF:test/examples/1-basic.jsx
FN:12,(anonymous_0)
FN:16,(anonymous_1)
FN:23,(anonymous_2)
FN:24,(anonymous_3)
FN:33,(anonymous_4)
FN:35,(anonymous_5)
FN:47,(anonymous_6)
FN:51,(anonymous_7)
FN:65,(anonymous_8)
FNF:9
FNH:7
FNDA:4,(anonymous_0)
FNDA:4,(anonymous_1)
FNDA:4,(anonymous_2)
FNDA:80,(anonymous_3)
FNDA:4,(anonymous_4)
FNDA:80,(anonymous_5)
FNDA:0,(anonymous_6)
FNDA:4,(anonymous_7)
FNDA:0,(anonymous_8)
DA:5,1
DA:8,1
DA:17,4
DA:19,4
DA:20,4
DA:24,4
DA:25,80
DA:34,4
DA:35,4
DA:36,80
DA:37,80
DA:48,0
DA:52,4
DA:64,1
DA:65,0
LF:15
LH:13
BRDA:36,0,0,80
BRDA:36,0,1,80
BRDA:64,1,0,0
BRDA:64,1,1,1
BRF:4
BRH:3
end_of_record
TN:
SF:test/examples/15-drag-from-outside.jsx
FN:10,(anonymous_0)
FN:21,(anonymous_1)
FN:25,(anonymous_2)
FN:26,(anonymous_3)
FN:44,(anonymous_4)
FN:50,(anonymous_5)
FN:61,(anonymous_6)
FN:65,(anonymous_7)
FN:71,(anonymous_8)
FN:75,(anonymous_9)
FN:98,(anonymous_10)
FN:124,generateLayout
FN:125,(anonymous_12)
FN:139,(anonymous_13)
FNF:14
FNH:8
FNDA:6,(anonymous_0)
FNDA:3,(anonymous_1)
FNDA:6,(anonymous_2)
FNDA:150,(anonymous_3)
FNDA:0,(anonymous_4)
FNDA:0,(anonymous_5)
FNDA:6,(anonymous_6)
FNDA:0,(anonymous_7)
FNDA:0,(anonymous_8)
FNDA:6,(anonymous_9)
FNDA:0,(anonymous_10)
FNDA:3,generateLayout
FNDA:75,(anonymous_12)
FNDA:0,(anonymous_13)
DA:4,1
DA:7,1
DA:14,3
DA:22,3
DA:26,6
DA:27,150
DA:44,3
DA:45,0
DA:50,3
DA:51,0
DA:53,0
DA:58,0
DA:61,3
DA:62,6
DA:65,3
DA:66,0
DA:71,3
DA:72,0
DA:76,6
DA:98,0
DA:125,3
DA:126,75
DA:127,75
DA:138,1
DA:139,0
LF:25
LH:17
BRDA:28,0,0,12
BRDA:28,0,1,138
BRDA:29,1,0,12
BRDA:29,1,1,138
BRDA:53,2,0,0
BRDA:53,2,1,0
BRDA:55,3,0,0
BRDA:55,3,1,0
BRDA:84,4,0,6
BRDA:84,4,1,0
BRDA:138,5,0,0
BRDA:138,5,1,1
BRF:12
BRH:6
end_of_record
TN:
SF:test/util/deepFreeze.js
FN:8,deepFreeze
FN:15,get
FN:21,(anonymous_2)
FN:43,set
FNF:4
FNH:4
FNDA:8,deepFreeze
FNDA:7,get
FNDA:1,(anonymous_2)
FNDA:1,set
DA:13,8
DA:14,8
DA:15,5
DA:21,7
DA:23,6
DA:24,2
DA:28,4
DA:34,1
DA:38,3
DA:42,8
DA:43,7
DA:49,1
DA:53,8
LF:13
LH:13
BRDA:10,0,0,2
BRDA:14,1,0,5
BRDA:14,1,1,3
BRDA:21,2,0,1
BRDA:21,2,1,6
BRDA:23,3,0,2
BRDA:23,3,1,4
BRDA:23,4,0,6
BRDA:23,4,1,2
BRDA:28,5,0,1
BRDA:28,5,1,3
BRDA:29,6,0,4
BRDA:29,6,1,1
BRDA:29,6,2,1
BRDA:29,6,3,1
BRDA:42,7,0,7
BRDA:42,7,1,1
BRF:17
BRH:17
end_of_record
